#
# There is insufficient memory for the Java Runtime Environment to continue.
# Native memory allocation (malloc) failed to allocate 1302592 bytes for Chunk::new
# Possible reasons:
#   The system is out of physical RAM or swap space
#   The process is running with CompressedOops enabled, and the Java Heap may be blocking the growth of the native heap
# Possible solutions:
#   Reduce memory load on the system
#   Increase physical memory or swap space
#   Check if swap backing store is full
#   Decrease Java heap size (-Xmx/-Xms)
#   Decrease number of Java threads
#   Decrease Java thread stack sizes (-Xss)
#   Set larger code cache with -XX:ReservedCodeCacheSize=
#   JVM is running with Unscaled Compressed Oops mode in which the Java heap is
#     placed in the first 4GB address space. The Java Heap base address is the
#     maximum limit for the native heap growth. Please use -XX:HeapBaseMinAddress
#     to set the Java Heap base and to place the Java Heap above 4GB virtual address.
# This output file may be truncated or incomplete.
#
#  Out of Memory Error (arena.cpp:189), pid=11824, tid=19384
#
# JRE version: Java(TM) SE Runtime Environment (17.0.7+8) (build 17.0.7+8-LTS-224)
# Java VM: Java HotSpot(TM) 64-Bit Server VM (17.0.7+8-LTS-224, mixed mode, sharing, tiered, compressed oops, compressed class ptrs, g1 gc, windows-amd64)
# No core dump will be written. Minidumps are not enabled by default on client versions of Windows
#

---------------  S U M M A R Y ------------

Command Line: --add-opens=java.base/java.util=ALL-UNNAMED --add-opens=java.base/java.lang=ALL-UNNAMED --add-opens=java.base/java.lang.invoke=ALL-UNNAMED --add-opens=java.prefs/java.util.prefs=ALL-UNNAMED --add-opens=java.base/java.nio.charset=ALL-UNNAMED --add-opens=java.base/java.net=ALL-UNNAMED --add-opens=java.base/java.util.concurrent.atomic=ALL-UNNAMED -XX:MaxMetaspaceSize=384m -XX:+HeapDumpOnOutOfMemoryError -Xms256m -Xmx512m -Dfile.encoding=x-windows-949 -Duser.country=KR -Duser.language=ko -Duser.variant -javaagent:C:\Users\lovel\.gradle\wrapper\dists\gradle-8.8-bin\dl7vupf4psengwqhwktix4v1\gradle-8.8\lib\agents\gradle-instrumentation-agent-8.8.jar org.gradle.launcher.daemon.bootstrap.GradleDaemon 8.8

Host: 11th Gen Intel(R) Core(TM) i5-1135G7 @ 2.40GHz, 8 cores, 7G,  Windows 10 , 64 bit Build 19041 (10.0.19041.5438)
Time: Thu Apr 10 16:42:28 2025  Windows 10 , 64 bit Build 19041 (10.0.19041.5438) elapsed time: 8.961733 seconds (0d 0h 0m 8s)

---------------  T H R E A D  ---------------

Current thread (0x0000020aab09cba0):  JavaThread "C2 CompilerThread0" daemon [_thread_in_native, id=19384, stack(0x000000f267100000,0x000000f267200000)]


Current CompileTask:
C2:   8962 4167   !   4       java.net.URLClassLoader$1::run (81 bytes)

Stack: [0x000000f267100000,0x000000f267200000]
Native frames: (J=compiled Java code, j=interpreted, Vv=VM code, C=native code)
V  [jvm.dll+0x676a4a]
V  [jvm.dll+0x7d74f4]
V  [jvm.dll+0x7d8c9e]
V  [jvm.dll+0x7d9303]
V  [jvm.dll+0x2452c5]
V  [jvm.dll+0xaaa2b]
V  [jvm.dll+0xaafcc]
V  [jvm.dll+0x36141e]
V  [jvm.dll+0x1bb36a]
V  [jvm.dll+0x217c27]
V  [jvm.dll+0x216f01]
V  [jvm.dll+0x1a35e0]
V  [jvm.dll+0x226a6e]
V  [jvm.dll+0x224e15]
V  [jvm.dll+0x78d05c]
V  [jvm.dll+0x78759a]
V  [jvm.dll+0x675875]
C  [ucrtbase.dll+0x21bb2]
C  [KERNEL32.DLL+0x17374]
C  [ntdll.dll+0x4cc91]


---------------  P R O C E S S  ---------------

Threads class SMR info:
_java_thread_list=0x0000020aafeec810, length=42, elements={
0x0000020a8e86eff0, 0x0000020aab07f4a0, 0x0000020aab07ff60, 0x0000020aab095190,
0x0000020aab095c50, 0x0000020aab098620, 0x0000020aab09bf00, 0x0000020aab09cba0,
0x0000020aab09d550, 0x0000020aab09de50, 0x0000020aab06bfe0, 0x0000020aabd4c010,
0x0000020aad82a130, 0x0000020aadad3ec0, 0x0000020aac9390a0, 0x0000020aad7e6ed0,
0x0000020aad7e7bc0, 0x0000020aadac9800, 0x0000020aad7e68b0, 0x0000020aad6f8a00,
0x0000020aacb10710, 0x0000020aacb11580, 0x0000020aacb110b0, 0x0000020aacb10be0,
0x0000020aacb11a50, 0x0000020aacb11f20, 0x0000020aacb123f0, 0x0000020aacb0ea30,
0x0000020aacb0f3d0, 0x0000020aacb0ef00, 0x0000020aacb0f8a0, 0x0000020aacb0fd70,
0x0000020aaf5d1a40, 0x0000020aaf5cb060, 0x0000020aaf5cd210, 0x0000020aaf5ce080,
0x0000020aaf5d0bd0, 0x0000020aaf5d10a0, 0x0000020aaf5cc870, 0x0000020aaf5d1570,
0x0000020aaf5cd6e0, 0x0000020aaf5cf3c0
}

Java Threads: ( => current thread )
  0x0000020a8e86eff0 JavaThread "main" [_thread_blocked, id=19404, stack(0x000000f266400000,0x000000f266500000)]
  0x0000020aab07f4a0 JavaThread "Reference Handler" daemon [_thread_blocked, id=17956, stack(0x000000f266b00000,0x000000f266c00000)]
  0x0000020aab07ff60 JavaThread "Finalizer" daemon [_thread_blocked, id=7732, stack(0x000000f266c00000,0x000000f266d00000)]
  0x0000020aab095190 JavaThread "Signal Dispatcher" daemon [_thread_blocked, id=13516, stack(0x000000f266d00000,0x000000f266e00000)]
  0x0000020aab095c50 JavaThread "Attach Listener" daemon [_thread_blocked, id=24516, stack(0x000000f266e00000,0x000000f266f00000)]
  0x0000020aab098620 JavaThread "Service Thread" daemon [_thread_blocked, id=13636, stack(0x000000f266f00000,0x000000f267000000)]
  0x0000020aab09bf00 JavaThread "Monitor Deflation Thread" daemon [_thread_blocked, id=5884, stack(0x000000f267000000,0x000000f267100000)]
=>0x0000020aab09cba0 JavaThread "C2 CompilerThread0" daemon [_thread_in_native, id=19384, stack(0x000000f267100000,0x000000f267200000)]
  0x0000020aab09d550 JavaThread "C1 CompilerThread0" daemon [_thread_blocked, id=10820, stack(0x000000f267200000,0x000000f267300000)]
  0x0000020aab09de50 JavaThread "Sweeper thread" daemon [_thread_blocked, id=23788, stack(0x000000f267300000,0x000000f267400000)]
  0x0000020aab06bfe0 JavaThread "Common-Cleaner" daemon [_thread_blocked, id=10260, stack(0x000000f267400000,0x000000f267500000)]
  0x0000020aabd4c010 JavaThread "Notification Thread" daemon [_thread_blocked, id=17080, stack(0x000000f267500000,0x000000f267600000)]
  0x0000020aad82a130 JavaThread "Daemon health stats" [_thread_blocked, id=21676, stack(0x000000f267c00000,0x000000f267d00000)]
  0x0000020aadad3ec0 JavaThread "Incoming local TCP Connector on port 61073" [_thread_in_native, id=20348, stack(0x000000f267d00000,0x000000f267e00000)]
  0x0000020aac9390a0 JavaThread "Daemon periodic checks" [_thread_blocked, id=8296, stack(0x000000f267e00000,0x000000f267f00000)]
  0x0000020aad7e6ed0 JavaThread "Daemon" [_thread_blocked, id=22396, stack(0x000000f267f00000,0x000000f268000000)]
  0x0000020aad7e7bc0 JavaThread "Handler for socket connection from /127.0.0.1:61073 to /127.0.0.1:61074" [_thread_in_native, id=19588, stack(0x000000f268000000,0x000000f268100000)]
  0x0000020aadac9800 JavaThread "Cancel handler" [_thread_blocked, id=24768, stack(0x000000f268100000,0x000000f268200000)]
  0x0000020aad7e68b0 JavaThread "Daemon worker" [_thread_in_vm, id=2436, stack(0x000000f268200000,0x000000f268300000)]
  0x0000020aad6f8a00 JavaThread "Asynchronous log dispatcher for DefaultDaemonConnection: socket connection from /127.0.0.1:61073 to /127.0.0.1:61074" [_thread_blocked, id=23296, stack(0x000000f268300000,0x000000f268400000)]
  0x0000020aacb10710 JavaThread "Stdin handler" [_thread_blocked, id=24944, stack(0x000000f268400000,0x000000f268500000)]
  0x0000020aacb11580 JavaThread "Daemon client event forwarder" [_thread_blocked, id=6180, stack(0x000000f268500000,0x000000f268600000)]
  0x0000020aacb110b0 JavaThread "Cache worker for journal cache (C:\Users\lovel\.gradle\caches\journal-1)" [_thread_blocked, id=7636, stack(0x000000f268600000,0x000000f268700000)]
  0x0000020aacb10be0 JavaThread "File lock request listener" [_thread_in_native, id=15956, stack(0x000000f268700000,0x000000f268800000)]
  0x0000020aacb11a50 JavaThread "Cache worker for file hash cache (C:\Users\lovel\.gradle\caches\8.8\fileHashes)" [_thread_blocked, id=13056, stack(0x000000f268800000,0x000000f268900000)]
  0x0000020aacb11f20 JavaThread "Cache worker for file hash cache (C:\Users\lovel\Desktop\공모전\UMC-0-WORKBOOK\.gradle\8.8\fileHashes)" [_thread_blocked, id=14192, stack(0x000000f268b00000,0x000000f268c00000)]
  0x0000020aacb123f0 JavaThread "File watcher server" daemon [_thread_in_native, id=8000, stack(0x000000f268c00000,0x000000f268d00000)]
  0x0000020aacb0ea30 JavaThread "File watcher consumer" daemon [_thread_blocked, id=24272, stack(0x000000f268d00000,0x000000f268e00000)]
  0x0000020aacb0f3d0 JavaThread "Cache worker for checksums cache (C:\Users\lovel\Desktop\공모전\UMC-0-WORKBOOK\.gradle\8.8\checksums)" [_thread_blocked, id=22148, stack(0x000000f268f00000,0x000000f269000000)]
  0x0000020aacb0ef00 JavaThread "Cache worker for file content cache (C:\Users\lovel\.gradle\caches\8.8\fileContent)" [_thread_blocked, id=22012, stack(0x000000f269000000,0x000000f269100000)]
  0x0000020aacb0f8a0 JavaThread "Cache worker for cache directory md-rule (C:\Users\lovel\.gradle\caches\8.8\md-rule)" [_thread_blocked, id=16480, stack(0x000000f269100000,0x000000f269200000)]
  0x0000020aacb0fd70 JavaThread "Cache worker for cache directory md-supplier (C:\Users\lovel\.gradle\caches\8.8\md-supplier)" [_thread_blocked, id=21620, stack(0x000000f269200000,0x000000f269300000)]
  0x0000020aaf5d1a40 JavaThread "jar transforms" [_thread_blocked, id=12024, stack(0x000000f269300000,0x000000f269400000)]
  0x0000020aaf5cb060 JavaThread "jar transforms Thread 2" [_thread_blocked, id=11420, stack(0x000000f269400000,0x000000f269500000)]
  0x0000020aaf5cd210 JavaThread "jar transforms Thread 3" [_thread_blocked, id=10420, stack(0x000000f269500000,0x000000f269600000)]
  0x0000020aaf5ce080 JavaThread "jar transforms Thread 4" [_thread_blocked, id=22788, stack(0x000000f269600000,0x000000f269700000)]
  0x0000020aaf5d0bd0 JavaThread "jar transforms Thread 5" [_thread_blocked, id=18460, stack(0x000000f269700000,0x000000f269800000)]
  0x0000020aaf5d10a0 JavaThread "jar transforms Thread 6" [_thread_blocked, id=24832, stack(0x000000f269800000,0x000000f269900000)]
  0x0000020aaf5cc870 JavaThread "jar transforms Thread 7" [_thread_blocked, id=900, stack(0x000000f269900000,0x000000f269a00000)]
  0x0000020aaf5d1570 JavaThread "jar transforms Thread 8" [_thread_blocked, id=2992, stack(0x000000f269a00000,0x000000f269b00000)]
  0x0000020aaf5cd6e0 JavaThread "File lock release action executor" [_thread_blocked, id=20840, stack(0x000000f269b00000,0x000000f269c00000)]
  0x0000020aaf5cf3c0 JavaThread "Cache worker for Build Output Cleanup Cache (C:\Users\lovel\Desktop\공모전\UMC-0-WORKBOOK\.gradle\buildOutputCleanup)" [_thread_blocked, id=9704, stack(0x000000f269c00000,0x000000f269d00000)]

Other Threads:
  0x0000020aab07b230 VMThread "VM Thread" [stack: 0x000000f266a00000,0x000000f266b00000] [id=20060]
  0x0000020aabd512f0 WatcherThread [stack: 0x000000f267600000,0x000000f267700000] [id=8236]
  0x0000020a8e78afb0 GCTaskThread "GC Thread#0" [stack: 0x000000f266500000,0x000000f266600000] [id=22968]
  0x0000020aac8d1780 GCTaskThread "GC Thread#1" [stack: 0x000000f267700000,0x000000f267800000] [id=12384]
  0x0000020aac8d1a30 GCTaskThread "GC Thread#2" [stack: 0x000000f267800000,0x000000f267900000] [id=11220]
  0x0000020aac8d1ce0 GCTaskThread "GC Thread#3" [stack: 0x000000f267900000,0x000000f267a00000] [id=20388]
  0x0000020aac46a330 GCTaskThread "GC Thread#4" [stack: 0x000000f267a00000,0x000000f267b00000] [id=14168]
  0x0000020aac46a5e0 GCTaskThread "GC Thread#5" [stack: 0x000000f267b00000,0x000000f267c00000] [id=20008]
  0x0000020aae67f2e0 GCTaskThread "GC Thread#6" [stack: 0x000000f268900000,0x000000f268a00000] [id=8084]
  0x0000020aae6805b0 GCTaskThread "GC Thread#7" [stack: 0x000000f268a00000,0x000000f268b00000] [id=13508]
  0x0000020a8e89df70 ConcurrentGCThread "G1 Main Marker" [stack: 0x000000f266600000,0x000000f266700000] [id=14256]
  0x0000020a8e89ef30 ConcurrentGCThread "G1 Conc#0" [stack: 0x000000f266700000,0x000000f266800000] [id=3140]
  0x0000020aae67f840 ConcurrentGCThread "G1 Conc#1" [stack: 0x000000f268e00000,0x000000f268f00000] [id=12876]
  0x0000020a8e93d9e0 ConcurrentGCThread "G1 Refine#0" [stack: 0x000000f266800000,0x000000f266900000] [id=10608]
  0x0000020a8e93e310 ConcurrentGCThread "G1 Service" [stack: 0x000000f266900000,0x000000f266a00000] [id=2540]

Threads with active compile tasks:
C2 CompilerThread0     9020 4167   !   4       java.net.URLClassLoader$1::run (81 bytes)

VM state: not at safepoint (normal execution)

VM Mutex/Monitor currently owned by a thread: None

Heap address: 0x00000000e0000000, size: 512 MB, Compressed Oops mode: 32-bit

CDS archive(s) mapped at: [0x0000000800000000-0x0000000800bd0000-0x0000000800bd0000), size 12386304, SharedBaseAddress: 0x0000000800000000, ArchiveRelocationMode: 0.
Compressed class space mapped at: 0x0000000800c00000-0x0000000814000000, reserved size: 322961408
Narrow klass base: 0x0000000800000000, Narrow klass shift: 0, Narrow klass range: 0x100000000

GC Precious Log:
 CPUs: 8 total, 8 available
 Memory: 7865M
 Large Page Support: Disabled
 NUMA Support: Disabled
 Compressed Oops: Enabled (32-bit)
 Heap Region Size: 1M
 Heap Min Capacity: 256M
 Heap Initial Capacity: 256M
 Heap Max Capacity: 512M
 Pre-touch: Disabled
 Parallel Workers: 8
 Concurrent Workers: 2
 Concurrent Refinement Workers: 8
 Periodic GC: Disabled

Heap:
 garbage-first heap   total 262144K, used 95652K [0x00000000e0000000, 0x0000000100000000)
  region size 1024K, 72 young (73728K), 11 survivors (11264K)
 Metaspace       used 42679K, committed 43136K, reserved 356352K
  class space    used 5992K, committed 6208K, reserved 315392K

Heap Regions: E=young(eden), S=young(survivor), O=old, HS=humongous(starts), HC=humongous(continues), CS=collection set, F=free, OA=open archive, CA=closed archive, TAMS=top-at-mark-start (previous, next)
|   0|0x00000000e0000000, 0x00000000e0100000, 0x00000000e0100000|100%|HS|  |TAMS 0x00000000e0100000, 0x00000000e0000000| Complete 
|   1|0x00000000e0100000, 0x00000000e0200000, 0x00000000e0200000|100%|HC|  |TAMS 0x00000000e0200000, 0x00000000e0100000| Complete 
|   2|0x00000000e0200000, 0x00000000e0300000, 0x00000000e0300000|100%|HC|  |TAMS 0x00000000e0300000, 0x00000000e0200000| Complete 
|   3|0x00000000e0300000, 0x00000000e0400000, 0x00000000e0400000|100%|HC|  |TAMS 0x00000000e0400000, 0x00000000e0300000| Complete 
|   4|0x00000000e0400000, 0x00000000e0500000, 0x00000000e0500000|100%| O|  |TAMS 0x00000000e0500000, 0x00000000e0400000| Untracked 
|   5|0x00000000e0500000, 0x00000000e0600000, 0x00000000e0600000|100%| O|  |TAMS 0x00000000e0600000, 0x00000000e0500000| Untracked 
|   6|0x00000000e0600000, 0x00000000e0700000, 0x00000000e0700000|100%| O|  |TAMS 0x00000000e0700000, 0x00000000e0600000| Untracked 
|   7|0x00000000e0700000, 0x00000000e0800000, 0x00000000e0800000|100%| O|  |TAMS 0x00000000e0800000, 0x00000000e0700000| Untracked 
|   8|0x00000000e0800000, 0x00000000e0900000, 0x00000000e0900000|100%| O|  |TAMS 0x00000000e0900000, 0x00000000e0800000| Untracked 
|   9|0x00000000e0900000, 0x00000000e0a00000, 0x00000000e0a00000|100%| O|  |TAMS 0x00000000e0a00000, 0x00000000e0900000| Untracked 
|  10|0x00000000e0a00000, 0x00000000e0b00000, 0x00000000e0b00000|100%| O|  |TAMS 0x00000000e0b00000, 0x00000000e0a00000| Untracked 
|  11|0x00000000e0b00000, 0x00000000e0c00000, 0x00000000e0c00000|100%|HS|  |TAMS 0x00000000e0c00000, 0x00000000e0b00000| Complete 
|  12|0x00000000e0c00000, 0x00000000e0d00000, 0x00000000e0d00000|100%| O|  |TAMS 0x00000000e0c98000, 0x00000000e0c00000| Untracked 
|  13|0x00000000e0d00000, 0x00000000e0e00000, 0x00000000e0e00000|100%|HS|  |TAMS 0x00000000e0d00000, 0x00000000e0d00000| Complete 
|  14|0x00000000e0e00000, 0x00000000e0f00000, 0x00000000e0f00000|100%|HS|  |TAMS 0x00000000e0e00000, 0x00000000e0e00000| Complete 
|  15|0x00000000e0f00000, 0x00000000e0f00000, 0x00000000e1000000|  0%| F|  |TAMS 0x00000000e0f00000, 0x00000000e0f00000| Untracked 
|  16|0x00000000e1000000, 0x00000000e1000000, 0x00000000e1100000|  0%| F|  |TAMS 0x00000000e1000000, 0x00000000e1000000| Untracked 
|  17|0x00000000e1100000, 0x00000000e1100000, 0x00000000e1200000|  0%| F|  |TAMS 0x00000000e1100000, 0x00000000e1100000| Untracked 
|  18|0x00000000e1200000, 0x00000000e1300000, 0x00000000e1300000|100%| O|  |TAMS 0x00000000e1200000, 0x00000000e1200000| Untracked 
|  19|0x00000000e1300000, 0x00000000e1400000, 0x00000000e1400000|100%| O|  |TAMS 0x00000000e1300000, 0x00000000e1300000| Untracked 
|  20|0x00000000e1400000, 0x00000000e1500000, 0x00000000e1500000|100%| O|  |TAMS 0x00000000e1400000, 0x00000000e1400000| Untracked 
|  21|0x00000000e1500000, 0x00000000e1600000, 0x00000000e1600000|100%| O|  |TAMS 0x00000000e1500000, 0x00000000e1500000| Untracked 
|  22|0x00000000e1600000, 0x00000000e1700000, 0x00000000e1700000|100%| O|  |TAMS 0x00000000e1600000, 0x00000000e1600000| Untracked 
|  23|0x00000000e1700000, 0x00000000e1800000, 0x00000000e1800000|100%| O|  |TAMS 0x00000000e1700000, 0x00000000e1700000| Untracked 
|  24|0x00000000e1800000, 0x00000000e1900000, 0x00000000e1900000|100%| O|  |TAMS 0x00000000e1800000, 0x00000000e1800000| Untracked 
|  25|0x00000000e1900000, 0x00000000e1a00000, 0x00000000e1a00000|100%| O|  |TAMS 0x00000000e1900000, 0x00000000e1900000| Untracked 
|  26|0x00000000e1a00000, 0x00000000e1abde00, 0x00000000e1b00000| 74%| O|  |TAMS 0x00000000e1a00000, 0x00000000e1a00000| Untracked 
|  27|0x00000000e1b00000, 0x00000000e1b00000, 0x00000000e1c00000|  0%| F|  |TAMS 0x00000000e1b00000, 0x00000000e1b00000| Untracked 
|  28|0x00000000e1c00000, 0x00000000e1c00000, 0x00000000e1d00000|  0%| F|  |TAMS 0x00000000e1c00000, 0x00000000e1c00000| Untracked 
|  29|0x00000000e1d00000, 0x00000000e1d00000, 0x00000000e1e00000|  0%| F|  |TAMS 0x00000000e1d00000, 0x00000000e1d00000| Untracked 
|  30|0x00000000e1e00000, 0x00000000e1e00000, 0x00000000e1f00000|  0%| F|  |TAMS 0x00000000e1e00000, 0x00000000e1e00000| Untracked 
|  31|0x00000000e1f00000, 0x00000000e1f00000, 0x00000000e2000000|  0%| F|  |TAMS 0x00000000e1f00000, 0x00000000e1f00000| Untracked 
|  32|0x00000000e2000000, 0x00000000e2000000, 0x00000000e2100000|  0%| F|  |TAMS 0x00000000e2000000, 0x00000000e2000000| Untracked 
|  33|0x00000000e2100000, 0x00000000e2100000, 0x00000000e2200000|  0%| F|  |TAMS 0x00000000e2100000, 0x00000000e2100000| Untracked 
|  34|0x00000000e2200000, 0x00000000e2200000, 0x00000000e2300000|  0%| F|  |TAMS 0x00000000e2200000, 0x00000000e2200000| Untracked 
|  35|0x00000000e2300000, 0x00000000e2300000, 0x00000000e2400000|  0%| F|  |TAMS 0x00000000e2300000, 0x00000000e2300000| Untracked 
|  36|0x00000000e2400000, 0x00000000e2400000, 0x00000000e2500000|  0%| F|  |TAMS 0x00000000e2400000, 0x00000000e2400000| Untracked 
|  37|0x00000000e2500000, 0x00000000e2500000, 0x00000000e2600000|  0%| F|  |TAMS 0x00000000e2500000, 0x00000000e2500000| Untracked 
|  38|0x00000000e2600000, 0x00000000e2600000, 0x00000000e2700000|  0%| F|  |TAMS 0x00000000e2600000, 0x00000000e2600000| Untracked 
|  39|0x00000000e2700000, 0x00000000e2700000, 0x00000000e2800000|  0%| F|  |TAMS 0x00000000e2700000, 0x00000000e2700000| Untracked 
|  40|0x00000000e2800000, 0x00000000e2800000, 0x00000000e2900000|  0%| F|  |TAMS 0x00000000e2800000, 0x00000000e2800000| Untracked 
|  41|0x00000000e2900000, 0x00000000e2900000, 0x00000000e2a00000|  0%| F|  |TAMS 0x00000000e2900000, 0x00000000e2900000| Untracked 
|  42|0x00000000e2a00000, 0x00000000e2a00000, 0x00000000e2b00000|  0%| F|  |TAMS 0x00000000e2a00000, 0x00000000e2a00000| Untracked 
|  43|0x00000000e2b00000, 0x00000000e2b00000, 0x00000000e2c00000|  0%| F|  |TAMS 0x00000000e2b00000, 0x00000000e2b00000| Untracked 
|  44|0x00000000e2c00000, 0x00000000e2c00000, 0x00000000e2d00000|  0%| F|  |TAMS 0x00000000e2c00000, 0x00000000e2c00000| Untracked 
|  45|0x00000000e2d00000, 0x00000000e2d00000, 0x00000000e2e00000|  0%| F|  |TAMS 0x00000000e2d00000, 0x00000000e2d00000| Untracked 
|  46|0x00000000e2e00000, 0x00000000e2e00000, 0x00000000e2f00000|  0%| F|  |TAMS 0x00000000e2e00000, 0x00000000e2e00000| Untracked 
|  47|0x00000000e2f00000, 0x00000000e2f00000, 0x00000000e3000000|  0%| F|  |TAMS 0x00000000e2f00000, 0x00000000e2f00000| Untracked 
|  48|0x00000000e3000000, 0x00000000e3000000, 0x00000000e3100000|  0%| F|  |TAMS 0x00000000e3000000, 0x00000000e3000000| Untracked 
|  49|0x00000000e3100000, 0x00000000e3100000, 0x00000000e3200000|  0%| F|  |TAMS 0x00000000e3100000, 0x00000000e3100000| Untracked 
|  50|0x00000000e3200000, 0x00000000e3200000, 0x00000000e3300000|  0%| F|  |TAMS 0x00000000e3200000, 0x00000000e3200000| Untracked 
|  51|0x00000000e3300000, 0x00000000e3300000, 0x00000000e3400000|  0%| F|  |TAMS 0x00000000e3300000, 0x00000000e3300000| Untracked 
|  52|0x00000000e3400000, 0x00000000e3400000, 0x00000000e3500000|  0%| F|  |TAMS 0x00000000e3400000, 0x00000000e3400000| Untracked 
|  53|0x00000000e3500000, 0x00000000e3500000, 0x00000000e3600000|  0%| F|  |TAMS 0x00000000e3500000, 0x00000000e3500000| Untracked 
|  54|0x00000000e3600000, 0x00000000e3600000, 0x00000000e3700000|  0%| F|  |TAMS 0x00000000e3600000, 0x00000000e3600000| Untracked 
|  55|0x00000000e3700000, 0x00000000e3700000, 0x00000000e3800000|  0%| F|  |TAMS 0x00000000e3700000, 0x00000000e3700000| Untracked 
|  56|0x00000000e3800000, 0x00000000e3800000, 0x00000000e3900000|  0%| F|  |TAMS 0x00000000e3800000, 0x00000000e3800000| Untracked 
|  57|0x00000000e3900000, 0x00000000e3900000, 0x00000000e3a00000|  0%| F|  |TAMS 0x00000000e3900000, 0x00000000e3900000| Untracked 
|  58|0x00000000e3a00000, 0x00000000e3a00000, 0x00000000e3b00000|  0%| F|  |TAMS 0x00000000e3a00000, 0x00000000e3a00000| Untracked 
|  59|0x00000000e3b00000, 0x00000000e3b00000, 0x00000000e3c00000|  0%| F|  |TAMS 0x00000000e3b00000, 0x00000000e3b00000| Untracked 
|  60|0x00000000e3c00000, 0x00000000e3c00000, 0x00000000e3d00000|  0%| F|  |TAMS 0x00000000e3c00000, 0x00000000e3c00000| Untracked 
|  61|0x00000000e3d00000, 0x00000000e3d00000, 0x00000000e3e00000|  0%| F|  |TAMS 0x00000000e3d00000, 0x00000000e3d00000| Untracked 
|  62|0x00000000e3e00000, 0x00000000e3e00000, 0x00000000e3f00000|  0%| F|  |TAMS 0x00000000e3e00000, 0x00000000e3e00000| Untracked 
|  63|0x00000000e3f00000, 0x00000000e3f00000, 0x00000000e4000000|  0%| F|  |TAMS 0x00000000e3f00000, 0x00000000e3f00000| Untracked 
|  64|0x00000000e4000000, 0x00000000e4000000, 0x00000000e4100000|  0%| F|  |TAMS 0x00000000e4000000, 0x00000000e4000000| Untracked 
|  65|0x00000000e4100000, 0x00000000e4100000, 0x00000000e4200000|  0%| F|  |TAMS 0x00000000e4100000, 0x00000000e4100000| Untracked 
|  66|0x00000000e4200000, 0x00000000e4200000, 0x00000000e4300000|  0%| F|  |TAMS 0x00000000e4200000, 0x00000000e4200000| Untracked 
|  67|0x00000000e4300000, 0x00000000e4300000, 0x00000000e4400000|  0%| F|  |TAMS 0x00000000e4300000, 0x00000000e4300000| Untracked 
|  68|0x00000000e4400000, 0x00000000e4400000, 0x00000000e4500000|  0%| F|  |TAMS 0x00000000e4400000, 0x00000000e4400000| Untracked 
|  69|0x00000000e4500000, 0x00000000e4500000, 0x00000000e4600000|  0%| F|  |TAMS 0x00000000e4500000, 0x00000000e4500000| Untracked 
|  70|0x00000000e4600000, 0x00000000e4600000, 0x00000000e4700000|  0%| F|  |TAMS 0x00000000e4600000, 0x00000000e4600000| Untracked 
|  71|0x00000000e4700000, 0x00000000e4700000, 0x00000000e4800000|  0%| F|  |TAMS 0x00000000e4700000, 0x00000000e4700000| Untracked 
|  72|0x00000000e4800000, 0x00000000e4800000, 0x00000000e4900000|  0%| F|  |TAMS 0x00000000e4800000, 0x00000000e4800000| Untracked 
|  73|0x00000000e4900000, 0x00000000e4900000, 0x00000000e4a00000|  0%| F|  |TAMS 0x00000000e4900000, 0x00000000e4900000| Untracked 
|  74|0x00000000e4a00000, 0x00000000e4a00000, 0x00000000e4b00000|  0%| F|  |TAMS 0x00000000e4a00000, 0x00000000e4a00000| Untracked 
|  75|0x00000000e4b00000, 0x00000000e4b00000, 0x00000000e4c00000|  0%| F|  |TAMS 0x00000000e4b00000, 0x00000000e4b00000| Untracked 
|  76|0x00000000e4c00000, 0x00000000e4c00000, 0x00000000e4d00000|  0%| F|  |TAMS 0x00000000e4c00000, 0x00000000e4c00000| Untracked 
|  77|0x00000000e4d00000, 0x00000000e4d00000, 0x00000000e4e00000|  0%| F|  |TAMS 0x00000000e4d00000, 0x00000000e4d00000| Untracked 
|  78|0x00000000e4e00000, 0x00000000e4e00000, 0x00000000e4f00000|  0%| F|  |TAMS 0x00000000e4e00000, 0x00000000e4e00000| Untracked 
|  79|0x00000000e4f00000, 0x00000000e4f00000, 0x00000000e5000000|  0%| F|  |TAMS 0x00000000e4f00000, 0x00000000e4f00000| Untracked 
|  80|0x00000000e5000000, 0x00000000e5000000, 0x00000000e5100000|  0%| F|  |TAMS 0x00000000e5000000, 0x00000000e5000000| Untracked 
|  81|0x00000000e5100000, 0x00000000e5100000, 0x00000000e5200000|  0%| F|  |TAMS 0x00000000e5100000, 0x00000000e5100000| Untracked 
|  82|0x00000000e5200000, 0x00000000e5200000, 0x00000000e5300000|  0%| F|  |TAMS 0x00000000e5200000, 0x00000000e5200000| Untracked 
|  83|0x00000000e5300000, 0x00000000e5300000, 0x00000000e5400000|  0%| F|  |TAMS 0x00000000e5300000, 0x00000000e5300000| Untracked 
|  84|0x00000000e5400000, 0x00000000e5400000, 0x00000000e5500000|  0%| F|  |TAMS 0x00000000e5400000, 0x00000000e5400000| Untracked 
|  85|0x00000000e5500000, 0x00000000e5500000, 0x00000000e5600000|  0%| F|  |TAMS 0x00000000e5500000, 0x00000000e5500000| Untracked 
|  86|0x00000000e5600000, 0x00000000e5600000, 0x00000000e5700000|  0%| F|  |TAMS 0x00000000e5600000, 0x00000000e5600000| Untracked 
|  87|0x00000000e5700000, 0x00000000e5700000, 0x00000000e5800000|  0%| F|  |TAMS 0x00000000e5700000, 0x00000000e5700000| Untracked 
|  88|0x00000000e5800000, 0x00000000e5800000, 0x00000000e5900000|  0%| F|  |TAMS 0x00000000e5800000, 0x00000000e5800000| Untracked 
|  89|0x00000000e5900000, 0x00000000e5900000, 0x00000000e5a00000|  0%| F|  |TAMS 0x00000000e5900000, 0x00000000e5900000| Untracked 
|  90|0x00000000e5a00000, 0x00000000e5a00000, 0x00000000e5b00000|  0%| F|  |TAMS 0x00000000e5a00000, 0x00000000e5a00000| Untracked 
|  91|0x00000000e5b00000, 0x00000000e5b00000, 0x00000000e5c00000|  0%| F|  |TAMS 0x00000000e5b00000, 0x00000000e5b00000| Untracked 
|  92|0x00000000e5c00000, 0x00000000e5c00000, 0x00000000e5d00000|  0%| F|  |TAMS 0x00000000e5c00000, 0x00000000e5c00000| Untracked 
|  93|0x00000000e5d00000, 0x00000000e5d00000, 0x00000000e5e00000|  0%| F|  |TAMS 0x00000000e5d00000, 0x00000000e5d00000| Untracked 
|  94|0x00000000e5e00000, 0x00000000e5e00000, 0x00000000e5f00000|  0%| F|  |TAMS 0x00000000e5e00000, 0x00000000e5e00000| Untracked 
|  95|0x00000000e5f00000, 0x00000000e5f00000, 0x00000000e6000000|  0%| F|  |TAMS 0x00000000e5f00000, 0x00000000e5f00000| Untracked 
|  96|0x00000000e6000000, 0x00000000e6000000, 0x00000000e6100000|  0%| F|  |TAMS 0x00000000e6000000, 0x00000000e6000000| Untracked 
|  97|0x00000000e6100000, 0x00000000e6100000, 0x00000000e6200000|  0%| F|  |TAMS 0x00000000e6100000, 0x00000000e6100000| Untracked 
|  98|0x00000000e6200000, 0x00000000e6200000, 0x00000000e6300000|  0%| F|  |TAMS 0x00000000e6200000, 0x00000000e6200000| Untracked 
|  99|0x00000000e6300000, 0x00000000e6300000, 0x00000000e6400000|  0%| F|  |TAMS 0x00000000e6300000, 0x00000000e6300000| Untracked 
| 100|0x00000000e6400000, 0x00000000e6400000, 0x00000000e6500000|  0%| F|  |TAMS 0x00000000e6400000, 0x00000000e6400000| Untracked 
| 101|0x00000000e6500000, 0x00000000e6500000, 0x00000000e6600000|  0%| F|  |TAMS 0x00000000e6500000, 0x00000000e6500000| Untracked 
| 102|0x00000000e6600000, 0x00000000e6600000, 0x00000000e6700000|  0%| F|  |TAMS 0x00000000e6600000, 0x00000000e6600000| Untracked 
| 103|0x00000000e6700000, 0x00000000e6700000, 0x00000000e6800000|  0%| F|  |TAMS 0x00000000e6700000, 0x00000000e6700000| Untracked 
| 104|0x00000000e6800000, 0x00000000e6800000, 0x00000000e6900000|  0%| F|  |TAMS 0x00000000e6800000, 0x00000000e6800000| Untracked 
| 105|0x00000000e6900000, 0x00000000e6900000, 0x00000000e6a00000|  0%| F|  |TAMS 0x00000000e6900000, 0x00000000e6900000| Untracked 
| 106|0x00000000e6a00000, 0x00000000e6a00000, 0x00000000e6b00000|  0%| F|  |TAMS 0x00000000e6a00000, 0x00000000e6a00000| Untracked 
| 107|0x00000000e6b00000, 0x00000000e6b00000, 0x00000000e6c00000|  0%| F|  |TAMS 0x00000000e6b00000, 0x00000000e6b00000| Untracked 
| 108|0x00000000e6c00000, 0x00000000e6c00000, 0x00000000e6d00000|  0%| F|  |TAMS 0x00000000e6c00000, 0x00000000e6c00000| Untracked 
| 109|0x00000000e6d00000, 0x00000000e6d00000, 0x00000000e6e00000|  0%| F|  |TAMS 0x00000000e6d00000, 0x00000000e6d00000| Untracked 
| 110|0x00000000e6e00000, 0x00000000e6e00000, 0x00000000e6f00000|  0%| F|  |TAMS 0x00000000e6e00000, 0x00000000e6e00000| Untracked 
| 111|0x00000000e6f00000, 0x00000000e6f00000, 0x00000000e7000000|  0%| F|  |TAMS 0x00000000e6f00000, 0x00000000e6f00000| Untracked 
| 112|0x00000000e7000000, 0x00000000e7000000, 0x00000000e7100000|  0%| F|  |TAMS 0x00000000e7000000, 0x00000000e7000000| Untracked 
| 113|0x00000000e7100000, 0x00000000e7100000, 0x00000000e7200000|  0%| F|  |TAMS 0x00000000e7100000, 0x00000000e7100000| Untracked 
| 114|0x00000000e7200000, 0x00000000e7200000, 0x00000000e7300000|  0%| F|  |TAMS 0x00000000e7200000, 0x00000000e7200000| Untracked 
| 115|0x00000000e7300000, 0x00000000e73ab3b8, 0x00000000e7400000| 66%| S|CS|TAMS 0x00000000e7300000, 0x00000000e7300000| Complete 
| 116|0x00000000e7400000, 0x00000000e7500000, 0x00000000e7500000|100%| S|CS|TAMS 0x00000000e7400000, 0x00000000e7400000| Complete 
| 117|0x00000000e7500000, 0x00000000e7600000, 0x00000000e7600000|100%| S|CS|TAMS 0x00000000e7500000, 0x00000000e7500000| Complete 
| 118|0x00000000e7600000, 0x00000000e7700000, 0x00000000e7700000|100%| S|CS|TAMS 0x00000000e7600000, 0x00000000e7600000| Complete 
| 119|0x00000000e7700000, 0x00000000e7800000, 0x00000000e7800000|100%| S|CS|TAMS 0x00000000e7700000, 0x00000000e7700000| Complete 
| 120|0x00000000e7800000, 0x00000000e7900000, 0x00000000e7900000|100%| S|CS|TAMS 0x00000000e7800000, 0x00000000e7800000| Complete 
| 121|0x00000000e7900000, 0x00000000e7a00000, 0x00000000e7a00000|100%| S|CS|TAMS 0x00000000e7900000, 0x00000000e7900000| Complete 
| 122|0x00000000e7a00000, 0x00000000e7b00000, 0x00000000e7b00000|100%| S|CS|TAMS 0x00000000e7a00000, 0x00000000e7a00000| Complete 
| 123|0x00000000e7b00000, 0x00000000e7c00000, 0x00000000e7c00000|100%| S|CS|TAMS 0x00000000e7b00000, 0x00000000e7b00000| Complete 
| 124|0x00000000e7c00000, 0x00000000e7d00000, 0x00000000e7d00000|100%| S|CS|TAMS 0x00000000e7c00000, 0x00000000e7c00000| Complete 
| 125|0x00000000e7d00000, 0x00000000e7e00000, 0x00000000e7e00000|100%| S|CS|TAMS 0x00000000e7d00000, 0x00000000e7d00000| Complete 
| 126|0x00000000e7e00000, 0x00000000e7e00000, 0x00000000e7f00000|  0%| F|  |TAMS 0x00000000e7e00000, 0x00000000e7e00000| Untracked 
| 127|0x00000000e7f00000, 0x00000000e7f00000, 0x00000000e8000000|  0%| F|  |TAMS 0x00000000e7f00000, 0x00000000e7f00000| Untracked 
| 128|0x00000000e8000000, 0x00000000e8000000, 0x00000000e8100000|  0%| F|  |TAMS 0x00000000e8000000, 0x00000000e8000000| Untracked 
| 129|0x00000000e8100000, 0x00000000e8100000, 0x00000000e8200000|  0%| F|  |TAMS 0x00000000e8100000, 0x00000000e8100000| Untracked 
| 130|0x00000000e8200000, 0x00000000e8200000, 0x00000000e8300000|  0%| F|  |TAMS 0x00000000e8200000, 0x00000000e8200000| Untracked 
| 131|0x00000000e8300000, 0x00000000e8300000, 0x00000000e8400000|  0%| F|  |TAMS 0x00000000e8300000, 0x00000000e8300000| Untracked 
| 132|0x00000000e8400000, 0x00000000e8400000, 0x00000000e8500000|  0%| F|  |TAMS 0x00000000e8400000, 0x00000000e8400000| Untracked 
| 133|0x00000000e8500000, 0x00000000e8500000, 0x00000000e8600000|  0%| F|  |TAMS 0x00000000e8500000, 0x00000000e8500000| Untracked 
| 134|0x00000000e8600000, 0x00000000e8600000, 0x00000000e8700000|  0%| F|  |TAMS 0x00000000e8600000, 0x00000000e8600000| Untracked 
| 135|0x00000000e8700000, 0x00000000e8700000, 0x00000000e8800000|  0%| F|  |TAMS 0x00000000e8700000, 0x00000000e8700000| Untracked 
| 136|0x00000000e8800000, 0x00000000e8800000, 0x00000000e8900000|  0%| F|  |TAMS 0x00000000e8800000, 0x00000000e8800000| Untracked 
| 137|0x00000000e8900000, 0x00000000e8900000, 0x00000000e8a00000|  0%| F|  |TAMS 0x00000000e8900000, 0x00000000e8900000| Untracked 
| 138|0x00000000e8a00000, 0x00000000e8a00000, 0x00000000e8b00000|  0%| F|  |TAMS 0x00000000e8a00000, 0x00000000e8a00000| Untracked 
| 139|0x00000000e8b00000, 0x00000000e8b00000, 0x00000000e8c00000|  0%| F|  |TAMS 0x00000000e8b00000, 0x00000000e8b00000| Untracked 
| 140|0x00000000e8c00000, 0x00000000e8c00000, 0x00000000e8d00000|  0%| F|  |TAMS 0x00000000e8c00000, 0x00000000e8c00000| Untracked 
| 141|0x00000000e8d00000, 0x00000000e8d00000, 0x00000000e8e00000|  0%| F|  |TAMS 0x00000000e8d00000, 0x00000000e8d00000| Untracked 
| 142|0x00000000e8e00000, 0x00000000e8e00000, 0x00000000e8f00000|  0%| F|  |TAMS 0x00000000e8e00000, 0x00000000e8e00000| Untracked 
| 143|0x00000000e8f00000, 0x00000000e8f00000, 0x00000000e9000000|  0%| F|  |TAMS 0x00000000e8f00000, 0x00000000e8f00000| Untracked 
| 144|0x00000000e9000000, 0x00000000e9000000, 0x00000000e9100000|  0%| F|  |TAMS 0x00000000e9000000, 0x00000000e9000000| Untracked 
| 145|0x00000000e9100000, 0x00000000e9100000, 0x00000000e9200000|  0%| F|  |TAMS 0x00000000e9100000, 0x00000000e9100000| Untracked 
| 146|0x00000000e9200000, 0x00000000e9200000, 0x00000000e9300000|  0%| F|  |TAMS 0x00000000e9200000, 0x00000000e9200000| Untracked 
| 147|0x00000000e9300000, 0x00000000e9300000, 0x00000000e9400000|  0%| F|  |TAMS 0x00000000e9300000, 0x00000000e9300000| Untracked 
| 148|0x00000000e9400000, 0x00000000e9400000, 0x00000000e9500000|  0%| F|  |TAMS 0x00000000e9400000, 0x00000000e9400000| Untracked 
| 149|0x00000000e9500000, 0x00000000e9500000, 0x00000000e9600000|  0%| F|  |TAMS 0x00000000e9500000, 0x00000000e9500000| Untracked 
| 150|0x00000000e9600000, 0x00000000e9600000, 0x00000000e9700000|  0%| F|  |TAMS 0x00000000e9600000, 0x00000000e9600000| Untracked 
| 151|0x00000000e9700000, 0x00000000e9700000, 0x00000000e9800000|  0%| F|  |TAMS 0x00000000e9700000, 0x00000000e9700000| Untracked 
| 152|0x00000000e9800000, 0x00000000e9800000, 0x00000000e9900000|  0%| F|  |TAMS 0x00000000e9800000, 0x00000000e9800000| Untracked 
| 153|0x00000000e9900000, 0x00000000e9900000, 0x00000000e9a00000|  0%| F|  |TAMS 0x00000000e9900000, 0x00000000e9900000| Untracked 
| 154|0x00000000e9a00000, 0x00000000e9a00000, 0x00000000e9b00000|  0%| F|  |TAMS 0x00000000e9a00000, 0x00000000e9a00000| Untracked 
| 155|0x00000000e9b00000, 0x00000000e9b00000, 0x00000000e9c00000|  0%| F|  |TAMS 0x00000000e9b00000, 0x00000000e9b00000| Untracked 
| 156|0x00000000e9c00000, 0x00000000e9c00000, 0x00000000e9d00000|  0%| F|  |TAMS 0x00000000e9c00000, 0x00000000e9c00000| Untracked 
| 157|0x00000000e9d00000, 0x00000000e9d00000, 0x00000000e9e00000|  0%| F|  |TAMS 0x00000000e9d00000, 0x00000000e9d00000| Untracked 
| 158|0x00000000e9e00000, 0x00000000e9e00000, 0x00000000e9f00000|  0%| F|  |TAMS 0x00000000e9e00000, 0x00000000e9e00000| Untracked 
| 159|0x00000000e9f00000, 0x00000000e9f00000, 0x00000000ea000000|  0%| F|  |TAMS 0x00000000e9f00000, 0x00000000e9f00000| Untracked 
| 160|0x00000000ea000000, 0x00000000ea000000, 0x00000000ea100000|  0%| F|  |TAMS 0x00000000ea000000, 0x00000000ea000000| Untracked 
| 161|0x00000000ea100000, 0x00000000ea100000, 0x00000000ea200000|  0%| F|  |TAMS 0x00000000ea100000, 0x00000000ea100000| Untracked 
| 162|0x00000000ea200000, 0x00000000ea200000, 0x00000000ea300000|  0%| F|  |TAMS 0x00000000ea200000, 0x00000000ea200000| Untracked 
| 163|0x00000000ea300000, 0x00000000ea300000, 0x00000000ea400000|  0%| F|  |TAMS 0x00000000ea300000, 0x00000000ea300000| Untracked 
| 164|0x00000000ea400000, 0x00000000ea400000, 0x00000000ea500000|  0%| F|  |TAMS 0x00000000ea400000, 0x00000000ea400000| Untracked 
| 165|0x00000000ea500000, 0x00000000ea500000, 0x00000000ea600000|  0%| F|  |TAMS 0x00000000ea500000, 0x00000000ea500000| Untracked 
| 166|0x00000000ea600000, 0x00000000ea600000, 0x00000000ea700000|  0%| F|  |TAMS 0x00000000ea600000, 0x00000000ea600000| Untracked 
| 167|0x00000000ea700000, 0x00000000ea700000, 0x00000000ea800000|  0%| F|  |TAMS 0x00000000ea700000, 0x00000000ea700000| Untracked 
| 168|0x00000000ea800000, 0x00000000ea800000, 0x00000000ea900000|  0%| F|  |TAMS 0x00000000ea800000, 0x00000000ea800000| Untracked 
| 169|0x00000000ea900000, 0x00000000ea900000, 0x00000000eaa00000|  0%| F|  |TAMS 0x00000000ea900000, 0x00000000ea900000| Untracked 
| 170|0x00000000eaa00000, 0x00000000eaa00000, 0x00000000eab00000|  0%| F|  |TAMS 0x00000000eaa00000, 0x00000000eaa00000| Untracked 
| 171|0x00000000eab00000, 0x00000000eab00000, 0x00000000eac00000|  0%| F|  |TAMS 0x00000000eab00000, 0x00000000eab00000| Untracked 
| 172|0x00000000eac00000, 0x00000000eac00000, 0x00000000ead00000|  0%| F|  |TAMS 0x00000000eac00000, 0x00000000eac00000| Untracked 
| 173|0x00000000ead00000, 0x00000000ead00000, 0x00000000eae00000|  0%| F|  |TAMS 0x00000000ead00000, 0x00000000ead00000| Untracked 
| 174|0x00000000eae00000, 0x00000000eae00000, 0x00000000eaf00000|  0%| F|  |TAMS 0x00000000eae00000, 0x00000000eae00000| Untracked 
| 175|0x00000000eaf00000, 0x00000000eaf00000, 0x00000000eb000000|  0%| F|  |TAMS 0x00000000eaf00000, 0x00000000eaf00000| Untracked 
| 176|0x00000000eb000000, 0x00000000eb000000, 0x00000000eb100000|  0%| F|  |TAMS 0x00000000eb000000, 0x00000000eb000000| Untracked 
| 177|0x00000000eb100000, 0x00000000eb100000, 0x00000000eb200000|  0%| F|  |TAMS 0x00000000eb100000, 0x00000000eb100000| Untracked 
| 178|0x00000000eb200000, 0x00000000eb200000, 0x00000000eb300000|  0%| F|  |TAMS 0x00000000eb200000, 0x00000000eb200000| Untracked 
| 179|0x00000000eb300000, 0x00000000eb300000, 0x00000000eb400000|  0%| F|  |TAMS 0x00000000eb300000, 0x00000000eb300000| Untracked 
| 180|0x00000000eb400000, 0x00000000eb400000, 0x00000000eb500000|  0%| F|  |TAMS 0x00000000eb400000, 0x00000000eb400000| Untracked 
| 181|0x00000000eb500000, 0x00000000eb500000, 0x00000000eb600000|  0%| F|  |TAMS 0x00000000eb500000, 0x00000000eb500000| Untracked 
| 182|0x00000000eb600000, 0x00000000eb600000, 0x00000000eb700000|  0%| F|  |TAMS 0x00000000eb600000, 0x00000000eb600000| Untracked 
| 183|0x00000000eb700000, 0x00000000eb700000, 0x00000000eb800000|  0%| F|  |TAMS 0x00000000eb700000, 0x00000000eb700000| Untracked 
| 184|0x00000000eb800000, 0x00000000eb800000, 0x00000000eb900000|  0%| F|  |TAMS 0x00000000eb800000, 0x00000000eb800000| Untracked 
| 185|0x00000000eb900000, 0x00000000eb900000, 0x00000000eba00000|  0%| F|  |TAMS 0x00000000eb900000, 0x00000000eb900000| Untracked 
| 186|0x00000000eba00000, 0x00000000eba00000, 0x00000000ebb00000|  0%| F|  |TAMS 0x00000000eba00000, 0x00000000eba00000| Untracked 
| 187|0x00000000ebb00000, 0x00000000ebb00000, 0x00000000ebc00000|  0%| F|  |TAMS 0x00000000ebb00000, 0x00000000ebb00000| Untracked 
| 188|0x00000000ebc00000, 0x00000000ebc00000, 0x00000000ebd00000|  0%| F|  |TAMS 0x00000000ebc00000, 0x00000000ebc00000| Untracked 
| 189|0x00000000ebd00000, 0x00000000ebd00000, 0x00000000ebe00000|  0%| F|  |TAMS 0x00000000ebd00000, 0x00000000ebd00000| Untracked 
| 190|0x00000000ebe00000, 0x00000000ebe00000, 0x00000000ebf00000|  0%| F|  |TAMS 0x00000000ebe00000, 0x00000000ebe00000| Untracked 
| 191|0x00000000ebf00000, 0x00000000ebf00000, 0x00000000ec000000|  0%| F|  |TAMS 0x00000000ebf00000, 0x00000000ebf00000| Untracked 
| 192|0x00000000ec000000, 0x00000000ec000000, 0x00000000ec100000|  0%| F|  |TAMS 0x00000000ec000000, 0x00000000ec000000| Untracked 
| 193|0x00000000ec100000, 0x00000000ec100000, 0x00000000ec200000|  0%| F|  |TAMS 0x00000000ec100000, 0x00000000ec100000| Untracked 
| 194|0x00000000ec200000, 0x00000000ec280800, 0x00000000ec300000| 50%| E|  |TAMS 0x00000000ec200000, 0x00000000ec200000| Complete 
| 195|0x00000000ec300000, 0x00000000ec400000, 0x00000000ec400000|100%| E|CS|TAMS 0x00000000ec300000, 0x00000000ec300000| Complete 
| 196|0x00000000ec400000, 0x00000000ec500000, 0x00000000ec500000|100%| E|CS|TAMS 0x00000000ec400000, 0x00000000ec400000| Complete 
| 197|0x00000000ec500000, 0x00000000ec600000, 0x00000000ec600000|100%| E|CS|TAMS 0x00000000ec500000, 0x00000000ec500000| Complete 
| 198|0x00000000ec600000, 0x00000000ec700000, 0x00000000ec700000|100%| E|CS|TAMS 0x00000000ec600000, 0x00000000ec600000| Complete 
| 199|0x00000000ec700000, 0x00000000ec800000, 0x00000000ec800000|100%| E|CS|TAMS 0x00000000ec700000, 0x00000000ec700000| Complete 
| 200|0x00000000ec800000, 0x00000000ec900000, 0x00000000ec900000|100%| E|CS|TAMS 0x00000000ec800000, 0x00000000ec800000| Complete 
| 201|0x00000000ec900000, 0x00000000eca00000, 0x00000000eca00000|100%| E|CS|TAMS 0x00000000ec900000, 0x00000000ec900000| Complete 
| 202|0x00000000eca00000, 0x00000000ecb00000, 0x00000000ecb00000|100%| E|CS|TAMS 0x00000000eca00000, 0x00000000eca00000| Complete 
| 203|0x00000000ecb00000, 0x00000000ecc00000, 0x00000000ecc00000|100%| E|CS|TAMS 0x00000000ecb00000, 0x00000000ecb00000| Complete 
| 204|0x00000000ecc00000, 0x00000000ecd00000, 0x00000000ecd00000|100%| E|CS|TAMS 0x00000000ecc00000, 0x00000000ecc00000| Complete 
| 205|0x00000000ecd00000, 0x00000000ece00000, 0x00000000ece00000|100%| E|CS|TAMS 0x00000000ecd00000, 0x00000000ecd00000| Complete 
| 206|0x00000000ece00000, 0x00000000ecf00000, 0x00000000ecf00000|100%| E|CS|TAMS 0x00000000ece00000, 0x00000000ece00000| Complete 
| 207|0x00000000ecf00000, 0x00000000ed000000, 0x00000000ed000000|100%| E|CS|TAMS 0x00000000ecf00000, 0x00000000ecf00000| Complete 
| 208|0x00000000ed000000, 0x00000000ed100000, 0x00000000ed100000|100%| E|CS|TAMS 0x00000000ed000000, 0x00000000ed000000| Complete 
| 209|0x00000000ed100000, 0x00000000ed200000, 0x00000000ed200000|100%| E|CS|TAMS 0x00000000ed100000, 0x00000000ed100000| Complete 
| 210|0x00000000ed200000, 0x00000000ed300000, 0x00000000ed300000|100%| E|CS|TAMS 0x00000000ed200000, 0x00000000ed200000| Complete 
| 211|0x00000000ed300000, 0x00000000ed400000, 0x00000000ed400000|100%| E|CS|TAMS 0x00000000ed300000, 0x00000000ed300000| Complete 
| 212|0x00000000ed400000, 0x00000000ed500000, 0x00000000ed500000|100%| E|CS|TAMS 0x00000000ed400000, 0x00000000ed400000| Complete 
| 213|0x00000000ed500000, 0x00000000ed600000, 0x00000000ed600000|100%| E|CS|TAMS 0x00000000ed500000, 0x00000000ed500000| Complete 
| 214|0x00000000ed600000, 0x00000000ed700000, 0x00000000ed700000|100%| E|CS|TAMS 0x00000000ed600000, 0x00000000ed600000| Complete 
| 215|0x00000000ed700000, 0x00000000ed800000, 0x00000000ed800000|100%| E|CS|TAMS 0x00000000ed700000, 0x00000000ed700000| Complete 
| 216|0x00000000ed800000, 0x00000000ed900000, 0x00000000ed900000|100%| E|CS|TAMS 0x00000000ed800000, 0x00000000ed800000| Complete 
| 217|0x00000000ed900000, 0x00000000eda00000, 0x00000000eda00000|100%| E|CS|TAMS 0x00000000ed900000, 0x00000000ed900000| Complete 
| 218|0x00000000eda00000, 0x00000000edb00000, 0x00000000edb00000|100%| E|CS|TAMS 0x00000000eda00000, 0x00000000eda00000| Complete 
| 219|0x00000000edb00000, 0x00000000edc00000, 0x00000000edc00000|100%| E|CS|TAMS 0x00000000edb00000, 0x00000000edb00000| Complete 
| 220|0x00000000edc00000, 0x00000000edd00000, 0x00000000edd00000|100%| E|CS|TAMS 0x00000000edc00000, 0x00000000edc00000| Complete 
| 221|0x00000000edd00000, 0x00000000ede00000, 0x00000000ede00000|100%| E|CS|TAMS 0x00000000edd00000, 0x00000000edd00000| Complete 
| 222|0x00000000ede00000, 0x00000000edf00000, 0x00000000edf00000|100%| E|CS|TAMS 0x00000000ede00000, 0x00000000ede00000| Complete 
| 223|0x00000000edf00000, 0x00000000ee000000, 0x00000000ee000000|100%| E|CS|TAMS 0x00000000edf00000, 0x00000000edf00000| Complete 
| 224|0x00000000ee000000, 0x00000000ee100000, 0x00000000ee100000|100%| E|CS|TAMS 0x00000000ee000000, 0x00000000ee000000| Complete 
| 225|0x00000000ee100000, 0x00000000ee200000, 0x00000000ee200000|100%| E|CS|TAMS 0x00000000ee100000, 0x00000000ee100000| Complete 
| 226|0x00000000ee200000, 0x00000000ee300000, 0x00000000ee300000|100%| E|CS|TAMS 0x00000000ee200000, 0x00000000ee200000| Complete 
| 227|0x00000000ee300000, 0x00000000ee400000, 0x00000000ee400000|100%| E|CS|TAMS 0x00000000ee300000, 0x00000000ee300000| Complete 
| 228|0x00000000ee400000, 0x00000000ee500000, 0x00000000ee500000|100%| E|CS|TAMS 0x00000000ee400000, 0x00000000ee400000| Complete 
| 229|0x00000000ee500000, 0x00000000ee600000, 0x00000000ee600000|100%| E|CS|TAMS 0x00000000ee500000, 0x00000000ee500000| Complete 
| 230|0x00000000ee600000, 0x00000000ee700000, 0x00000000ee700000|100%| E|CS|TAMS 0x00000000ee600000, 0x00000000ee600000| Complete 
| 231|0x00000000ee700000, 0x00000000ee800000, 0x00000000ee800000|100%| E|CS|TAMS 0x00000000ee700000, 0x00000000ee700000| Complete 
| 232|0x00000000ee800000, 0x00000000ee900000, 0x00000000ee900000|100%| E|CS|TAMS 0x00000000ee800000, 0x00000000ee800000| Complete 
| 233|0x00000000ee900000, 0x00000000eea00000, 0x00000000eea00000|100%| E|CS|TAMS 0x00000000ee900000, 0x00000000ee900000| Complete 
| 234|0x00000000eea00000, 0x00000000eeb00000, 0x00000000eeb00000|100%| E|CS|TAMS 0x00000000eea00000, 0x00000000eea00000| Complete 
| 235|0x00000000eeb00000, 0x00000000eec00000, 0x00000000eec00000|100%| E|CS|TAMS 0x00000000eeb00000, 0x00000000eeb00000| Complete 
| 236|0x00000000eec00000, 0x00000000eed00000, 0x00000000eed00000|100%| E|CS|TAMS 0x00000000eec00000, 0x00000000eec00000| Complete 
| 237|0x00000000eed00000, 0x00000000eee00000, 0x00000000eee00000|100%| E|CS|TAMS 0x00000000eed00000, 0x00000000eed00000| Complete 
| 238|0x00000000eee00000, 0x00000000eef00000, 0x00000000eef00000|100%| E|  |TAMS 0x00000000eee00000, 0x00000000eee00000| Complete 
| 239|0x00000000eef00000, 0x00000000ef000000, 0x00000000ef000000|100%| E|CS|TAMS 0x00000000eef00000, 0x00000000eef00000| Complete 
| 240|0x00000000ef000000, 0x00000000ef100000, 0x00000000ef100000|100%| E|CS|TAMS 0x00000000ef000000, 0x00000000ef000000| Complete 
| 241|0x00000000ef100000, 0x00000000ef200000, 0x00000000ef200000|100%| E|CS|TAMS 0x00000000ef100000, 0x00000000ef100000| Complete 
| 242|0x00000000ef200000, 0x00000000ef300000, 0x00000000ef300000|100%| E|CS|TAMS 0x00000000ef200000, 0x00000000ef200000| Complete 
| 243|0x00000000ef300000, 0x00000000ef400000, 0x00000000ef400000|100%| E|CS|TAMS 0x00000000ef300000, 0x00000000ef300000| Complete 
| 244|0x00000000ef400000, 0x00000000ef500000, 0x00000000ef500000|100%| E|CS|TAMS 0x00000000ef400000, 0x00000000ef400000| Complete 
| 245|0x00000000ef500000, 0x00000000ef600000, 0x00000000ef600000|100%| E|CS|TAMS 0x00000000ef500000, 0x00000000ef500000| Complete 
| 246|0x00000000ef600000, 0x00000000ef700000, 0x00000000ef700000|100%| E|CS|TAMS 0x00000000ef600000, 0x00000000ef600000| Complete 
| 247|0x00000000ef700000, 0x00000000ef800000, 0x00000000ef800000|100%| E|CS|TAMS 0x00000000ef700000, 0x00000000ef700000| Complete 
| 248|0x00000000ef800000, 0x00000000ef900000, 0x00000000ef900000|100%| E|CS|TAMS 0x00000000ef800000, 0x00000000ef800000| Complete 
| 249|0x00000000ef900000, 0x00000000efa00000, 0x00000000efa00000|100%| E|CS|TAMS 0x00000000ef900000, 0x00000000ef900000| Complete 
| 250|0x00000000efa00000, 0x00000000efb00000, 0x00000000efb00000|100%| E|CS|TAMS 0x00000000efa00000, 0x00000000efa00000| Complete 
| 251|0x00000000efb00000, 0x00000000efc00000, 0x00000000efc00000|100%| E|CS|TAMS 0x00000000efb00000, 0x00000000efb00000| Complete 
| 252|0x00000000efc00000, 0x00000000efd00000, 0x00000000efd00000|100%| E|CS|TAMS 0x00000000efc00000, 0x00000000efc00000| Complete 
| 253|0x00000000efd00000, 0x00000000efe00000, 0x00000000efe00000|100%| E|CS|TAMS 0x00000000efd00000, 0x00000000efd00000| Complete 
| 254|0x00000000efe00000, 0x00000000eff00000, 0x00000000eff00000|100%| E|CS|TAMS 0x00000000efe00000, 0x00000000efe00000| Complete 
| 255|0x00000000eff00000, 0x00000000f0000000, 0x00000000f0000000|100%| E|CS|TAMS 0x00000000eff00000, 0x00000000eff00000| Complete 

Card table byte_map: [0x0000020aa7440000,0x0000020aa7540000] _byte_map_base: 0x0000020aa6d40000

Marking Bits (Prev, Next): (CMBitMap*) 0x0000020a8e78c4e0, (CMBitMap*) 0x0000020a8e78c520
 Prev Bits: [0x0000020aa7640000, 0x0000020aa7e40000)
 Next Bits: [0x0000020aa7e40000, 0x0000020aa8640000)

Polling page: 0x0000020a8e940000

Metaspace:

Usage:
  Non-class:     35.93 MB used.
      Class:      5.88 MB used.
       Both:     41.80 MB used.

Virtual space:
  Non-class space:       40.00 MB reserved,      36.19 MB ( 90%) committed,  5 nodes.
      Class space:      308.00 MB reserved,       6.06 MB (  2%) committed,  1 nodes.
             Both:      348.00 MB reserved,      42.25 MB ( 12%) committed. 

Chunk freelists:
   Non-Class:  3.86 MB
       Class:  1.78 MB
        Both:  5.64 MB

MaxMetaspaceSize: 384.00 MB
CompressedClassSpaceSize: 308.00 MB
Initial GC threshold: 21.00 MB
Current GC threshold: 59.00 MB
CDS: on
MetaspaceReclaimPolicy: balanced
 - commit_granule_bytes: 65536.
 - commit_granule_words: 8192.
 - virtual_space_node_default_size: 1048576.
 - enlarge_chunks_in_place: 1.
 - new_chunks_are_fully_committed: 0.
 - uncommit_free_chunks: 1.
 - use_allocation_guard: 0.
 - handle_deallocations: 1.


Internal statistics:

num_allocs_failed_limit: 6.
num_arena_births: 464.
num_arena_deaths: 0.
num_vsnodes_births: 6.
num_vsnodes_deaths: 0.
num_space_committed: 676.
num_space_uncommitted: 0.
num_chunks_returned_to_freelist: 6.
num_chunks_taken_from_freelist: 2103.
num_chunk_merges: 6.
num_chunk_splits: 1414.
num_chunks_enlarged: 976.
num_purges: 0.
num_inconsistent_stats: 0.

CodeHeap 'non-profiled nmethods': size=120000Kb used=2285Kb max_used=2285Kb free=117714Kb
 bounds [0x0000020a9f3b0000, 0x0000020a9f620000, 0x0000020aa68e0000]
CodeHeap 'profiled nmethods': size=120000Kb used=9397Kb max_used=9397Kb free=110602Kb
 bounds [0x0000020a978e0000, 0x0000020a98210000, 0x0000020a9ee10000]
CodeHeap 'non-nmethods': size=5760Kb used=2328Kb max_used=2356Kb free=3431Kb
 bounds [0x0000020a9ee10000, 0x0000020a9f080000, 0x0000020a9f3b0000]
 total_blobs=5399 nmethods=4571 adapters=740
 compilation: enabled
              stopped_count=0, restarted_count=0
 full_count=0

Compilation events (20 events):
Event: 8.865 Thread 0x0000020aab09d550 4543       3       com.google.common.collect.UnmodifiableListIterator::<init> (5 bytes)
Event: 8.865 Thread 0x0000020aab09d550 nmethod 4543 0x0000020a981fa790 code [0x0000020a981fa940, 0x0000020a981faaf8]
Event: 8.871 Thread 0x0000020aab09d550 4544       3       com.google.common.cache.LocalCache::recordsWrite (20 bytes)
Event: 8.871 Thread 0x0000020aab09d550 nmethod 4544 0x0000020a981fac10 code [0x0000020a981fadc0, 0x0000020a981fb118]
Event: 8.890 Thread 0x0000020aab09d550 4545       1       sun.reflect.generics.tree.Wildcard::getUpperBounds (5 bytes)
Event: 8.890 Thread 0x0000020aab09d550 nmethod 4545 0x0000020a9f5ea290 code [0x0000020a9f5ea420, 0x0000020a9f5ea4f8]
Event: 8.890 Thread 0x0000020aab09d550 4546       3       java.lang.Class::getEnclosingMethodInfo (20 bytes)
Event: 8.890 Thread 0x0000020aab09d550 nmethod 4546 0x0000020a981fb210 code [0x0000020a981fb3c0, 0x0000020a981fb5f8]
Event: 8.893 Thread 0x0000020aab09d550 4549       3       jdk.internal.org.objectweb.asm.AnnotationWriter::putAnnotations (110 bytes)
Event: 8.893 Thread 0x0000020aab09d550 nmethod 4549 0x0000020a981fb710 code [0x0000020a981fb900, 0x0000020a981fbd08]
Event: 8.906 Thread 0x0000020aab09d550 4554       3       java.lang.invoke.DirectMethodHandle$Special::<init> (16 bytes)
Event: 8.906 Thread 0x0000020aab09d550 nmethod 4554 0x0000020a981fbf90 code [0x0000020a981fc140, 0x0000020a981fc2e8]
Event: 8.919 Thread 0x0000020aab09d550 4555       3       java.lang.invoke.MethodHandles::makeIdentity (23 bytes)
Event: 8.920 Thread 0x0000020aab09d550 nmethod 4555 0x0000020a981fc390 code [0x0000020a981fc600, 0x0000020a981fcfc8]
Event: 8.920 Thread 0x0000020aab09d550 4556       3       java.lang.invoke.LambdaForm::identityForm (27 bytes)
Event: 8.920 Thread 0x0000020aab09d550 nmethod 4556 0x0000020a981fd410 code [0x0000020a981fd5c0, 0x0000020a981fd7a8]
Event: 8.922 Thread 0x0000020aab09d550 4557       3       java.lang.invoke.SimpleMethodHandle::speciesData (4 bytes)
Event: 8.922 Thread 0x0000020aab09d550 nmethod 4557 0x0000020a981fd890 code [0x0000020a981fda20, 0x0000020a981fdb38]
Event: 8.922 Thread 0x0000020aab09d550 4558       3       java.lang.invoke.SimpleMethodHandle::copyWithExtendL (7 bytes)
Event: 8.923 Thread 0x0000020aab09d550 nmethod 4558 0x0000020a981fdc10 code [0x0000020a981fddc0, 0x0000020a981fdf68]

GC Heap History (10 events):
Event: 1.060 GC heap before
{Heap before GC invocations=0 (full 0):
 garbage-first heap   total 262144K, used 26624K [0x00000000e0000000, 0x0000000100000000)
  region size 1024K, 23 young (23552K), 0 survivors (0K)
 Metaspace       used 2187K, committed 2368K, reserved 323584K
  class space    used 240K, committed 320K, reserved 315392K
}
Event: 1.065 GC heap after
{Heap after GC invocations=1 (full 0):
 garbage-first heap   total 262144K, used 10842K [0x00000000e0000000, 0x0000000100000000)
  region size 1024K, 3 young (3072K), 3 survivors (3072K)
 Metaspace       used 2187K, committed 2368K, reserved 323584K
  class space    used 240K, committed 320K, reserved 315392K
}
Event: 2.816 GC heap before
{Heap before GC invocations=1 (full 0):
 garbage-first heap   total 262144K, used 37466K [0x00000000e0000000, 0x0000000100000000)
  region size 1024K, 29 young (29696K), 3 survivors (3072K)
 Metaspace       used 4072K, committed 4288K, reserved 323584K
  class space    used 507K, committed 640K, reserved 315392K
}
Event: 2.820 GC heap after
{Heap after GC invocations=2 (full 0):
 garbage-first heap   total 262144K, used 11970K [0x00000000e0000000, 0x0000000100000000)
  region size 1024K, 2 young (2048K), 2 survivors (2048K)
 Metaspace       used 4072K, committed 4288K, reserved 323584K
  class space    used 507K, committed 640K, reserved 315392K
}
Event: 5.853 GC heap before
{Heap before GC invocations=2 (full 0):
 garbage-first heap   total 262144K, used 127682K [0x00000000e0000000, 0x0000000100000000)
  region size 1024K, 113 young (115712K), 2 survivors (2048K)
 Metaspace       used 19003K, committed 19264K, reserved 339968K
  class space    used 2762K, committed 2880K, reserved 315392K
}
Event: 5.863 GC heap after
{Heap after GC invocations=3 (full 0):
 garbage-first heap   total 262144K, used 22516K [0x00000000e0000000, 0x0000000100000000)
  region size 1024K, 11 young (11264K), 11 survivors (11264K)
 Metaspace       used 19003K, committed 19264K, reserved 339968K
  class space    used 2762K, committed 2880K, reserved 315392K
}
Event: 6.131 GC heap before
{Heap before GC invocations=3 (full 0):
 garbage-first heap   total 262144K, used 39924K [0x00000000e0000000, 0x0000000100000000)
  region size 1024K, 29 young (29696K), 11 survivors (11264K)
 Metaspace       used 21224K, committed 21504K, reserved 339968K
  class space    used 3130K, committed 3264K, reserved 315392K
}
Event: 6.135 GC heap after
{Heap after GC invocations=4 (full 0):
 garbage-first heap   total 262144K, used 24077K [0x00000000e0000000, 0x0000000100000000)
  region size 1024K, 11 young (11264K), 11 survivors (11264K)
 Metaspace       used 21224K, committed 21504K, reserved 339968K
  class space    used 3130K, committed 3264K, reserved 315392K
}
Event: 7.922 GC heap before
{Heap before GC invocations=5 (full 0):
 garbage-first heap   total 262144K, used 149005K [0x00000000e0000000, 0x0000000100000000)
  region size 1024K, 130 young (133120K), 11 survivors (11264K)
 Metaspace       used 35780K, committed 36160K, reserved 348160K
  class space    used 4992K, committed 5184K, reserved 315392K
}
Event: 7.933 GC heap after
{Heap after GC invocations=6 (full 0):
 garbage-first heap   total 262144K, used 33188K [0x00000000e0000000, 0x0000000100000000)
  region size 1024K, 11 young (11264K), 11 survivors (11264K)
 Metaspace       used 35780K, committed 36160K, reserved 348160K
  class space    used 4992K, committed 5184K, reserved 315392K
}

Deoptimization events (20 events):
Event: 8.400 Thread 0x0000020aad7e68b0 Uncommon trap: trap_request=0xffffffbe fr.pc=0x0000020a9f50ac60 relative=0x00000000000004c0
Event: 8.400 Thread 0x0000020aad7e68b0 Uncommon trap: reason=profile_predicate action=maybe_recompile pc=0x0000020a9f50ac60 method=com.google.common.base.CharMatcher.indexIn(Ljava/lang/CharSequence;I)I @ 19 c2
Event: 8.400 Thread 0x0000020aad7e68b0 DEOPT PACKING pc=0x0000020a9f50ac60 sp=0x000000f2682f7890
Event: 8.400 Thread 0x0000020aad7e68b0 DEOPT UNPACKING pc=0x0000020a9ee65ba3 sp=0x000000f2682f7838 mode 2
Event: 8.400 Thread 0x0000020aad7e68b0 Uncommon trap: trap_request=0xffffffbe fr.pc=0x0000020a9f50ac60 relative=0x00000000000004c0
Event: 8.400 Thread 0x0000020aad7e68b0 Uncommon trap: reason=profile_predicate action=maybe_recompile pc=0x0000020a9f50ac60 method=com.google.common.base.CharMatcher.indexIn(Ljava/lang/CharSequence;I)I @ 19 c2
Event: 8.400 Thread 0x0000020aad7e68b0 DEOPT PACKING pc=0x0000020a9f50ac60 sp=0x000000f2682f7880
Event: 8.400 Thread 0x0000020aad7e68b0 DEOPT UNPACKING pc=0x0000020a9ee65ba3 sp=0x000000f2682f7828 mode 2
Event: 8.407 Thread 0x0000020aad7e68b0 Uncommon trap: trap_request=0xffffffbe fr.pc=0x0000020a9f50ac60 relative=0x00000000000004c0
Event: 8.407 Thread 0x0000020aad7e68b0 Uncommon trap: reason=profile_predicate action=maybe_recompile pc=0x0000020a9f50ac60 method=com.google.common.base.CharMatcher.indexIn(Ljava/lang/CharSequence;I)I @ 19 c2
Event: 8.407 Thread 0x0000020aad7e68b0 DEOPT PACKING pc=0x0000020a9f50ac60 sp=0x000000f2682f7880
Event: 8.407 Thread 0x0000020aad7e68b0 DEOPT UNPACKING pc=0x0000020a9ee65ba3 sp=0x000000f2682f7828 mode 2
Event: 8.467 Thread 0x0000020aad7e68b0 Uncommon trap: trap_request=0xffffffbe fr.pc=0x0000020a9f50ac60 relative=0x00000000000004c0
Event: 8.467 Thread 0x0000020aad7e68b0 Uncommon trap: reason=profile_predicate action=maybe_recompile pc=0x0000020a9f50ac60 method=com.google.common.base.CharMatcher.indexIn(Ljava/lang/CharSequence;I)I @ 19 c2
Event: 8.467 Thread 0x0000020aad7e68b0 DEOPT PACKING pc=0x0000020a9f50ac60 sp=0x000000f2682f91f0
Event: 8.467 Thread 0x0000020aad7e68b0 DEOPT UNPACKING pc=0x0000020a9ee65ba3 sp=0x000000f2682f9198 mode 2
Event: 8.944 Thread 0x0000020aad7e68b0 Uncommon trap: trap_request=0xffffffde fr.pc=0x0000020a9f4c0fd0 relative=0x00000000000003f0
Event: 8.944 Thread 0x0000020aad7e68b0 Uncommon trap: reason=class_check action=maybe_recompile pc=0x0000020a9f4c0fd0 method=java.util.Collections$SetFromMap.remove(Ljava/lang/Object;)Z @ 5 c2
Event: 8.944 Thread 0x0000020aad7e68b0 DEOPT PACKING pc=0x0000020a9f4c0fd0 sp=0x000000f2682f8a40
Event: 8.944 Thread 0x0000020aad7e68b0 DEOPT UNPACKING pc=0x0000020a9ee65ba3 sp=0x000000f2682f8a28 mode 2

Classes unloaded (0 events):
No events

Classes redefined (0 events):
No events

Internal exceptions (20 events):
Event: 8.295 Thread 0x0000020aad7e68b0 Exception <a 'java/lang/NoSuchMethodError'{0x00000000ee61a180}: 'java.lang.Object java.lang.invoke.DirectMethodHandle$Holder.invokeStatic(java.lang.Object, java.lang.Object, java.lang.Object, java.lang.Object, java.lang.Object, java.lang.Object, java.lang.Object, java.lang.Object, java.lang.Object, java.lang.Object, java.lang.Object, java.lang.Object, java.lang.Object, java.lang.Object, java.lang.Object, java.lang.Object, java.lang.Object, java.lang.Object, java.lang.Object, java.lang.Object, java.lang.Obj
Event: 8.296 Thread 0x0000020aad7e68b0 Exception <a 'java/lang/NoSuchMethodError'{0x00000000ee649458}: 'java.lang.Object java.lang.invoke.DirectMethodHandle$Holder.invokeStatic(java.lang.Object, java.lang.Object, java.lang.Object, java.lang.Object, java.lang.Object, java.lang.Object, java.lang.Object, java.lang.Object, java.lang.Object, java.lang.Object, java.lang.Object, java.lang.Object, java.lang.Object, java.lang.Object, java.lang.Object, java.lang.Object, java.lang.Object, java.lang.Object, java.lang.Object, java.lang.Object, java.lang.Obj
Event: 8.298 Thread 0x0000020aad7e68b0 Exception <a 'java/lang/NoSuchMethodError'{0x00000000ee67a4f8}: 'java.lang.Object java.lang.invoke.DirectMethodHandle$Holder.invokeStatic(java.lang.Object, java.lang.Object, java.lang.Object, java.lang.Object, java.lang.Object, java.lang.Object, java.lang.Object, java.lang.Object, java.lang.Object, java.lang.Object, java.lang.Object, java.lang.Object, java.lang.Object, java.lang.Object, java.lang.Object, java.lang.Object, java.lang.Object, java.lang.Object, java.lang.Object, java.lang.Object, java.lang.Obj
Event: 8.299 Thread 0x0000020aad7e68b0 Exception <a 'java/lang/NoSuchMethodError'{0x00000000ee6ad348}: 'java.lang.Object java.lang.invoke.DirectMethodHandle$Holder.invokeStatic(java.lang.Object, java.lang.Object, java.lang.Object, java.lang.Object, java.lang.Object, java.lang.Object, java.lang.Object, java.lang.Object, java.lang.Object, java.lang.Object, java.lang.Object, java.lang.Object, java.lang.Object, java.lang.Object, java.lang.Object, java.lang.Object, java.lang.Object, java.lang.Object, java.lang.Object, java.lang.Object, java.lang.Obj
Event: 8.367 Thread 0x0000020aad7e68b0 Exception <a 'java/lang/ClassNotFoundException'{0x00000000ee4d3d10}: build_7ip4qherq15ssgadysw3npmrhBeanInfo> (0x00000000ee4d3d10) 
thrown [s\open\src\hotspot\share\classfile\systemDictionary.cpp, line 256]
Event: 8.367 Thread 0x0000020aad7e68b0 Exception <a 'java/lang/ClassNotFoundException'{0x00000000ee4deb60}: org/gradle/api/internal/project/ProjectScriptBeanInfo> (0x00000000ee4deb60) 
thrown [s\open\src\hotspot\share\classfile\systemDictionary.cpp, line 256]
Event: 8.367 Thread 0x0000020aad7e68b0 Exception <a 'java/lang/ClassNotFoundException'{0x00000000ee4e9a90}: org/gradle/api/internal/project/ProjectScriptCustomizer> (0x00000000ee4e9a90) 
thrown [s\open\src\hotspot\share\classfile\systemDictionary.cpp, line 256]
Event: 8.368 Thread 0x0000020aad7e68b0 Exception <a 'java/lang/ClassNotFoundException'{0x00000000ee301f98}: build_7ip4qherq15ssgadysw3npmrhCustomizer> (0x00000000ee301f98) 
thrown [s\open\src\hotspot\share\classfile\systemDictionary.cpp, line 256]
Event: 8.379 Thread 0x0000020aad7e68b0 Exception <a 'java/lang/ClassNotFoundException'{0x00000000ee365d68}: org/gradle/internal/metaobject/ConfigureDelegateBeanInfo> (0x00000000ee365d68) 
thrown [s\open\src\hotspot\share\classfile\systemDictionary.cpp, line 256]
Event: 8.380 Thread 0x0000020aad7e68b0 Exception <a 'java/lang/ClassNotFoundException'{0x00000000ee375d80}: org/gradle/internal/metaobject/ConfigureDelegateCustomizer> (0x00000000ee375d80) 
thrown [s\open\src\hotspot\share\classfile\systemDictionary.cpp, line 256]
Event: 8.396 Thread 0x0000020aad7e68b0 Exception <a 'java/lang/ClassNotFoundException'{0x00000000ee232bc8}: org/gradle/plugin/use/internal/PluginRequestCollector$PluginDependenciesSpecImplBeanInfo> (0x00000000ee232bc8) 
thrown [s\open\src\hotspot\share\classfile\systemDictionary.cpp, line 256]
Event: 8.397 Thread 0x0000020aad7e68b0 Exception <a 'java/lang/ClassNotFoundException'{0x00000000ee244070}: org/gradle/plugin/use/internal/PluginRequestCollector$PluginDependenciesSpecImplCustomizer> (0x00000000ee244070) 
thrown [s\open\src\hotspot\share\classfile\systemDictionary.cpp, line 256]
Event: 8.404 Thread 0x0000020aad7e68b0 Exception <a 'java/lang/ClassNotFoundException'{0x00000000ee291370}: org/gradle/plugin/use/internal/PluginRequestCollector$PluginDependencySpecImplBeanInfo> (0x00000000ee291370) 
thrown [s\open\src\hotspot\share\classfile\systemDictionary.cpp, line 256]
Event: 8.405 Thread 0x0000020aad7e68b0 Exception <a 'java/lang/ClassNotFoundException'{0x00000000ee2a29c8}: org/gradle/plugin/use/internal/PluginRequestCollector$PluginDependencySpecImplCustomizer> (0x00000000ee2a29c8) 
thrown [s\open\src\hotspot\share\classfile\systemDictionary.cpp, line 256]
Event: 8.649 Thread 0x0000020aad7e68b0 Exception <a 'java/lang/NoSuchMethodError'{0x00000000ed51fa40}: 'java.lang.Object java.lang.invoke.DirectMethodHandle$Holder.newInvokeSpecial(java.lang.Object, int, java.lang.Object)'> (0x00000000ed51fa40) 
thrown [s\open\src\hotspot\share\interpreter\linkResolver.cpp, line 759]
Event: 8.817 Thread 0x0000020aad7e68b0 Exception <a 'java/lang/NoSuchMethodError'{0x00000000ecc468f0}: 'int java.lang.invoke.DirectMethodHandle$Holder.invokeSpecialIFC(java.lang.Object, java.lang.Object, java.lang.Object)'> (0x00000000ecc468f0) 
thrown [s\open\src\hotspot\share\interpreter\linkResolver.cpp, line 759]
Event: 8.894 Thread 0x0000020aad7e68b0 Exception <a 'java/lang/NoSuchMethodError'{0x00000000ec8661c8}: 'java.lang.Object java.lang.invoke.DirectMethodHandle$Holder.newInvokeSpecial(java.lang.Object, java.lang.Object, java.lang.Object, java.lang.Object, java.lang.Object, int)'> (0x00000000ec8661c8) 
thrown [s\open\src\hotspot\share\interpreter\linkResolver.cpp, line 759]
Event: 8.895 Thread 0x0000020aad7e68b0 Exception <a 'java/lang/NoSuchMethodError'{0x00000000ec86b820}: 'java.lang.Object java.lang.invoke.DirectMethodHandle$Holder.invokeSpecial(java.lang.Object, java.lang.Object, java.lang.Object, java.lang.Object, java.lang.Object, java.lang.Object, int)'> (0x00000000ec86b820) 
thrown [s\open\src\hotspot\share\interpreter\linkResolver.cpp, line 759]
Event: 8.906 Thread 0x0000020aad7e68b0 Exception <a 'java/lang/NoSuchMethodError'{0x00000000ec8ca400}: 'java.lang.Object java.lang.invoke.DirectMethodHandle$Holder.invokeSpecial(java.lang.Object, java.lang.Object, java.lang.Object, java.lang.Object, java.lang.Object, long)'> (0x00000000ec8ca400) 
thrown [s\open\src\hotspot\share\interpreter\linkResolver.cpp, line 759]
Event: 8.910 Thread 0x0000020aad7e68b0 Exception <a 'java/lang/NoSuchMethodError'{0x00000000ec8f3fc0}: 'void java.lang.invoke.DirectMethodHandle$Holder.invokeStatic(java.lang.Object, java.lang.Object, java.lang.Object, int, java.lang.Object)'> (0x00000000ec8f3fc0) 
thrown [s\open\src\hotspot\share\interpreter\linkResolver.cpp, line 759]

VM Operations (20 events):
Event: 7.101 Executing VM operation: HandshakeAllThreads
Event: 7.101 Executing VM operation: HandshakeAllThreads done
Event: 7.160 Executing VM operation: HandshakeAllThreads
Event: 7.160 Executing VM operation: HandshakeAllThreads done
Event: 7.233 Executing VM operation: ICBufferFull
Event: 7.233 Executing VM operation: ICBufferFull done
Event: 7.762 Executing VM operation: ICBufferFull
Event: 7.762 Executing VM operation: ICBufferFull done
Event: 7.913 Executing VM operation: HandshakeAllThreads
Event: 7.913 Executing VM operation: HandshakeAllThreads done
Event: 7.921 Executing VM operation: CollectForMetadataAllocation
Event: 7.933 Executing VM operation: CollectForMetadataAllocation done
Event: 7.942 Executing VM operation: G1Concurrent
Event: 7.944 Executing VM operation: G1Concurrent done
Event: 7.948 Executing VM operation: G1Concurrent
Event: 7.948 Executing VM operation: G1Concurrent done
Event: 7.960 Executing VM operation: HandshakeAllThreads
Event: 7.960 Executing VM operation: HandshakeAllThreads done
Event: 8.056 Executing VM operation: HandshakeAllThreads
Event: 8.056 Executing VM operation: HandshakeAllThreads done

Events (20 events):
Event: 8.287 loading class java/lang/invoke/BoundMethodHandle$Species_LLLLLLLLLLLLLLLLL
Event: 8.287 loading class java/lang/invoke/BoundMethodHandle$Species_LLLLLLLLLLLLLLLLL done
Event: 8.290 loading class java/lang/invoke/BoundMethodHandle$Species_LLLLLLLLLLLLLLLLLL
Event: 8.290 loading class java/lang/invoke/BoundMethodHandle$Species_LLLLLLLLLLLLLLLLLL done
Event: 8.292 loading class java/lang/invoke/BoundMethodHandle$Species_LLLLLLLLLLLLLLLLLLL
Event: 8.292 loading class java/lang/invoke/BoundMethodHandle$Species_LLLLLLLLLLLLLLLLLLL done
Event: 8.294 loading class java/lang/invoke/BoundMethodHandle$Species_LLLLLLLLLLLLLLLLLLLL
Event: 8.294 loading class java/lang/invoke/BoundMethodHandle$Species_LLLLLLLLLLLLLLLLLLLL done
Event: 8.295 loading class java/lang/invoke/BoundMethodHandle$Species_LLLLLLLLLLLLLLLLLLLLL
Event: 8.295 loading class java/lang/invoke/BoundMethodHandle$Species_LLLLLLLLLLLLLLLLLLLLL done
Event: 8.297 loading class java/lang/invoke/BoundMethodHandle$Species_LLLLLLLLLLLLLLLLLLLLLL
Event: 8.297 loading class java/lang/invoke/BoundMethodHandle$Species_LLLLLLLLLLLLLLLLLLLLLL done
Event: 8.298 loading class java/lang/invoke/BoundMethodHandle$Species_LLLLLLLLLLLLLLLLLLLLLLL
Event: 8.298 loading class java/lang/invoke/BoundMethodHandle$Species_LLLLLLLLLLLLLLLLLLLLLLL done
Event: 8.390 loading class java/util/function/IntBinaryOperator
Event: 8.391 loading class java/util/function/IntBinaryOperator done
Event: 8.607 loading class java/io/DeleteOnExitHook
Event: 8.607 loading class java/io/DeleteOnExitHook done
Event: 8.607 loading class java/io/DeleteOnExitHook$1
Event: 8.607 loading class java/io/DeleteOnExitHook$1 done


Dynamic libraries:
0x00007ff70c850000 - 0x00007ff70c860000 	C:\Program Files\Java\jdk-17\bin\java.exe
0x00007ffa22a30000 - 0x00007ffa22c28000 	C:\Windows\SYSTEM32\ntdll.dll
0x00007ffa20d30000 - 0x00007ffa20df2000 	C:\Windows\System32\KERNEL32.DLL
0x00007ffa20540000 - 0x00007ffa2083f000 	C:\Windows\System32\KERNELBASE.dll
0x00007ffa200d0000 - 0x00007ffa201d0000 	C:\Windows\System32\ucrtbase.dll
0x00007ffa0d150000 - 0x00007ffa0d169000 	C:\Program Files\Java\jdk-17\bin\jli.dll
0x00007ffa08dd0000 - 0x00007ffa08deb000 	C:\Program Files\Java\jdk-17\bin\VCRUNTIME140.dll
0x00007ffa20f10000 - 0x00007ffa20fbf000 	C:\Windows\System32\ADVAPI32.dll
0x00007ffa222b0000 - 0x00007ffa2234e000 	C:\Windows\System32\msvcrt.dll
0x00007ffa22580000 - 0x00007ffa2261f000 	C:\Windows\System32\sechost.dll
0x00007ffa20c00000 - 0x00007ffa20d23000 	C:\Windows\System32\RPCRT4.dll
0x00007ffa208c0000 - 0x00007ffa208e7000 	C:\Windows\System32\bcrypt.dll
0x00007ffa22630000 - 0x00007ffa227cd000 	C:\Windows\System32\USER32.dll
0x00007ffa20840000 - 0x00007ffa20862000 	C:\Windows\System32\win32u.dll
0x00007ffa212c0000 - 0x00007ffa212eb000 	C:\Windows\System32\GDI32.dll
0x00007ffa20420000 - 0x00007ffa2053a000 	C:\Windows\System32\gdi32full.dll
0x00007ffa20380000 - 0x00007ffa2041d000 	C:\Windows\System32\msvcp_win.dll
0x00007ffa1f580000 - 0x00007ffa1f81a000 	C:\Windows\WinSxS\amd64_microsoft.windows.common-controls_6595b64144ccf1df_6.0.19041.4355_none_60b8b9eb71f62e16\COMCTL32.dll
0x00007ffa1e5b0000 - 0x00007ffa1e5ba000 	C:\Windows\SYSTEM32\VERSION.dll
0x00007ffa22350000 - 0x00007ffa2237f000 	C:\Windows\System32\IMM32.DLL
0x00007ffa0f2d0000 - 0x00007ffa0f2dc000 	C:\Program Files\Java\jdk-17\bin\vcruntime140_1.dll
0x00007ff9e3320000 - 0x00007ff9e33ae000 	C:\Program Files\Java\jdk-17\bin\msvcp140.dll
0x00007ff9b5f20000 - 0x00007ff9b6afd000 	C:\Program Files\Java\jdk-17\bin\server\jvm.dll
0x00007ffa22620000 - 0x00007ffa22628000 	C:\Windows\System32\PSAPI.DLL
0x00007ff9fc150000 - 0x00007ff9fc159000 	C:\Windows\SYSTEM32\WSOCK32.dll
0x00007ffa07790000 - 0x00007ffa077b7000 	C:\Windows\SYSTEM32\WINMM.dll
0x00007ffa22490000 - 0x00007ffa224fb000 	C:\Windows\System32\WS2_32.dll
0x00007ffa1da90000 - 0x00007ffa1daa2000 	C:\Windows\SYSTEM32\kernel.appcore.dll
0x00007ffa0f2a0000 - 0x00007ffa0f2aa000 	C:\Program Files\Java\jdk-17\bin\jimage.dll
0x00007ffa1fa50000 - 0x00007ffa1fc34000 	C:\Windows\SYSTEM32\DBGHELP.DLL
0x00007ffa1fa10000 - 0x00007ffa1fa44000 	C:\Windows\SYSTEM32\dbgcore.DLL
0x00007ffa201d0000 - 0x00007ffa20252000 	C:\Windows\System32\bcryptPrimitives.dll
0x00007ffa0f210000 - 0x00007ffa0f21e000 	C:\Program Files\Java\jdk-17\bin\instrument.dll
0x00007ffa08da0000 - 0x00007ffa08dc5000 	C:\Program Files\Java\jdk-17\bin\java.dll
0x00007ff9dfc70000 - 0x00007ff9dfd47000 	C:\Program Files\Java\jdk-17\bin\jsvml.dll
0x00007ffa216c0000 - 0x00007ffa21e2d000 	C:\Windows\System32\SHELL32.dll
0x00007ffa1d030000 - 0x00007ffa1d7d4000 	C:\Windows\SYSTEM32\windows.storage.dll
0x00007ffa212f0000 - 0x00007ffa21645000 	C:\Windows\System32\combase.dll
0x00007ffa1f3f0000 - 0x00007ffa1f41b000 	C:\Windows\SYSTEM32\Wldp.dll
0x00007ffa210f0000 - 0x00007ffa211bd000 	C:\Windows\System32\OLEAUT32.dll
0x00007ffa20e00000 - 0x00007ffa20ead000 	C:\Windows\System32\SHCORE.dll
0x00007ffa20eb0000 - 0x00007ffa20f05000 	C:\Windows\System32\shlwapi.dll
0x00007ffa20000000 - 0x00007ffa20025000 	C:\Windows\SYSTEM32\profapi.dll
0x00007ffa07e60000 - 0x00007ffa07e78000 	C:\Program Files\Java\jdk-17\bin\zip.dll
0x00007ff9fd9a0000 - 0x00007ff9fd9b9000 	C:\Program Files\Java\jdk-17\bin\net.dll
0x00007ffa16c10000 - 0x00007ffa16d1a000 	C:\Windows\SYSTEM32\WINHTTP.dll
0x00007ffa1f2c0000 - 0x00007ffa1f32c000 	C:\Windows\system32\mswsock.dll
0x00007ff9fc500000 - 0x00007ff9fc516000 	C:\Program Files\Java\jdk-17\bin\nio.dll
0x00007ffa0e810000 - 0x00007ffa0e820000 	C:\Program Files\Java\jdk-17\bin\verify.dll
0x00007ff9fc520000 - 0x00007ff9fc547000 	C:\Users\lovel\.gradle\native\c067742578af261105cb4f569cf0c3c89f3d7b1fecec35dd04571415982c5e48\windows-amd64\native-platform.dll
0x00007ff9dccf0000 - 0x00007ff9dce34000 	C:\Users\lovel\.gradle\native\100fb08df4bc3b14c8652ba06237920a3bd2aa13389f12d3474272988ae205f9\windows-amd64\native-platform-file-events.dll
0x00007ffa0d140000 - 0x00007ffa0d14a000 	C:\Program Files\Java\jdk-17\bin\management.dll
0x00007ffa0d0c0000 - 0x00007ffa0d0cb000 	C:\Program Files\Java\jdk-17\bin\management_ext.dll
0x00007ffa1fe40000 - 0x00007ffa1fe58000 	C:\Windows\SYSTEM32\CRYPTSP.dll
0x00007ffa1eab0000 - 0x00007ffa1eae8000 	C:\Windows\system32\rsaenh.dll
0x00007ffa1ff80000 - 0x00007ffa1ffae000 	C:\Windows\SYSTEM32\USERENV.dll
0x00007ffa1f390000 - 0x00007ffa1f39c000 	C:\Windows\SYSTEM32\CRYPTBASE.dll
0x00007ffa1ee30000 - 0x00007ffa1ee6b000 	C:\Windows\SYSTEM32\IPHLPAPI.DLL
0x00007ffa229e0000 - 0x00007ffa229e8000 	C:\Windows\System32\NSI.dll
0x00007ffa0eb70000 - 0x00007ffa0eb87000 	C:\Windows\SYSTEM32\dhcpcsvc6.DLL
0x00007ffa12650000 - 0x00007ffa1266d000 	C:\Windows\SYSTEM32\dhcpcsvc.DLL
0x00007ffa1ee70000 - 0x00007ffa1ef3a000 	C:\Windows\SYSTEM32\DNSAPI.dll
0x00007ffa0c8e0000 - 0x00007ffa0c8ed000 	C:\Program Files\Java\jdk-17\bin\sunmscapi.dll
0x00007ffa208f0000 - 0x00007ffa20a4c000 	C:\Windows\System32\CRYPT32.dll
0x00007ffa1f460000 - 0x00007ffa1f487000 	C:\Windows\SYSTEM32\ncrypt.dll
0x00007ffa1f420000 - 0x00007ffa1f45b000 	C:\Windows\SYSTEM32\NTASN1.dll
0x00007ffa0f880000 - 0x00007ffa0f887000 	C:\Windows\system32\wshunix.dll

dbghelp: loaded successfully - version: 4.0.5 - missing functions: none
symbol engine: initialized successfully - sym options: 0x614 - pdb path: .;C:\Program Files\Java\jdk-17\bin;C:\Windows\SYSTEM32;C:\Windows\WinSxS\amd64_microsoft.windows.common-controls_6595b64144ccf1df_6.0.19041.4355_none_60b8b9eb71f62e16;C:\Program Files\Java\jdk-17\bin\server;C:\Users\lovel\.gradle\native\c067742578af261105cb4f569cf0c3c89f3d7b1fecec35dd04571415982c5e48\windows-amd64;C:\Users\lovel\.gradle\native\100fb08df4bc3b14c8652ba06237920a3bd2aa13389f12d3474272988ae205f9\windows-amd64

VM Arguments:
jvm_args: --add-opens=java.base/java.util=ALL-UNNAMED --add-opens=java.base/java.lang=ALL-UNNAMED --add-opens=java.base/java.lang.invoke=ALL-UNNAMED --add-opens=java.prefs/java.util.prefs=ALL-UNNAMED --add-opens=java.base/java.nio.charset=ALL-UNNAMED --add-opens=java.base/java.net=ALL-UNNAMED --add-opens=java.base/java.util.concurrent.atomic=ALL-UNNAMED -XX:MaxMetaspaceSize=384m -XX:+HeapDumpOnOutOfMemoryError -Xms256m -Xmx512m -Dfile.encoding=x-windows-949 -Duser.country=KR -Duser.language=ko -Duser.variant -javaagent:C:\Users\lovel\.gradle\wrapper\dists\gradle-8.8-bin\dl7vupf4psengwqhwktix4v1\gradle-8.8\lib\agents\gradle-instrumentation-agent-8.8.jar 
java_command: org.gradle.launcher.daemon.bootstrap.GradleDaemon 8.8
java_class_path (initial): C:\Users\lovel\.gradle\wrapper\dists\gradle-8.8-bin\dl7vupf4psengwqhwktix4v1\gradle-8.8\lib\gradle-launcher-8.8.jar
Launcher Type: SUN_STANDARD

[Global flags]
     intx CICompilerCount                          = 4                                         {product} {ergonomic}
   size_t CompressedClassSpaceSize                 = 322961408                                 {product} {ergonomic}
     uint ConcGCThreads                            = 2                                         {product} {ergonomic}
     uint G1ConcRefinementThreads                  = 8                                         {product} {ergonomic}
   size_t G1HeapRegionSize                         = 1048576                                   {product} {ergonomic}
    uintx GCDrainStackTargetSize                   = 64                                        {product} {ergonomic}
     bool HeapDumpOnOutOfMemoryError               = true                                   {manageable} {command line}
   size_t InitialHeapSize                          = 268435456                                 {product} {command line}
   size_t MarkStackSize                            = 4194304                                   {product} {ergonomic}
   size_t MaxHeapSize                              = 536870912                                 {product} {command line}
   size_t MaxMetaspaceSize                         = 402653184                                 {product} {command line}
   size_t MaxNewSize                               = 321912832                                 {product} {ergonomic}
   size_t MinHeapDeltaBytes                        = 1048576                                   {product} {ergonomic}
   size_t MinHeapSize                              = 268435456                                 {product} {command line}
    uintx NonNMethodCodeHeapSize                   = 5839372                                {pd product} {ergonomic}
    uintx NonProfiledCodeHeapSize                  = 122909434                              {pd product} {ergonomic}
    uintx ProfiledCodeHeapSize                     = 122909434                              {pd product} {ergonomic}
    uintx ReservedCodeCacheSize                    = 251658240                              {pd product} {ergonomic}
     bool SegmentedCodeCache                       = true                                      {product} {ergonomic}
   size_t SoftMaxHeapSize                          = 536870912                              {manageable} {ergonomic}
     bool UseCompressedClassPointers               = true                           {product lp64_product} {ergonomic}
     bool UseCompressedOops                        = true                           {product lp64_product} {ergonomic}
     bool UseG1GC                                  = true                                      {product} {ergonomic}
     bool UseLargePagesIndividualAllocation        = false                                  {pd product} {ergonomic}

Logging:
Log output configuration:
 #0: stdout all=warning uptime,level,tags
 #1: stderr all=off uptime,level,tags

Environment Variables:
JAVA_HOME=C:\Program Files\Java\jdk-17
CLASSPATH=C:\Program Files\Java\jdk-17\lib
PATH=C:\Program Files\Common Files\Oracle\Java\javapath;C:\Users\lovel\AppData\Local\Programs\Python\Python311\Scripts\;C:\Users\lovel\AppData\Local\Programs\Python\Python311\;C:\app\client\lovel\product\19.0.0\client_2\bin;C:\app\client\lovel\product\19.0.0\client_1\bin;C:\Windows\system32;C:\Windows;C:\Windows\System32\Wbem;C:\Windows\System32\WindowsPowerShell\v1.0\;C:\Windows\System32\OpenSSH\;C:\Program Files\Java\jdk-17\bin;C:\Program Files\ojdkbuild\java-1.8.0-openjdk-1.8.0.322-1\bin;C:\Program Files\ojdkbuild\java-1.8.0-openjdk-1.8.0.322-1\jre\bin;C:\Program Files\nodejs\;C:\ProgramData\chocolatey\bin;C:\Program Files\MySQL\MySQL Server 8.0\bin;C:\Users\lovel\Documents\apache-maven-3.9.2-bin\apache-maven-3.9.2\bin;C:\Program Files\Graphviz\bin;C:\Program Files\Git\cmd;C:\Program Files\PuTTY\;C:\Program Files\Docker\Docker\resources\bin;C:\Program Files\Kubernetes\Minikube;C:\ProgramData\Anaconda3\Library\bin;C:\Program Files\PostgreSQL\17\bin;C:\Program Files\MySQL\MySQL Shell 8.0\bin\;C:\Users\lovel\AppData\Local\Programs\Python\Python311\Scripts\;C:\Users\lovel\AppData\Local\Programs\Python\Python311\;C:\Users\lovel\AppData\Local\Microsoft\WindowsApps;C:\Users\lovel\AppData\Local\Programs\Microsoft VS Code\bin;C:\Program Files\JetBrains\IntelliJ IDEA Community Edition 2022.3.3\bin;;C:\Users\lovel\AppData\Roaming\npm;C:\Users\lovel\anaconda3;C:\Users\lovel\anaconda3\Library;C:\Users\lovel\anaconda3\Scripts;C:\Program Files\JetBrains\IntelliJ IDEA 2024.1.4\bin;;C:\Users\lovel\Scripts;C:\Program Files\JetBrains\CLion 2023.3.4\bin;;C:\Users\lovel\Documents\ffmpeg-master-latest-win64-gpl\bin;;C:\Program Files\JetBrains\JetBrains Gateway 2024.3.1.1\bin;;C:\Program Files (x86)\ESTsoft\ALSee\x64
USERNAME=lovel
OS=Windows_NT
PROCESSOR_IDENTIFIER=Intel64 Family 6 Model 140 Stepping 1, GenuineIntel



---------------  S Y S T E M  ---------------

OS:
 Windows 10 , 64 bit Build 19041 (10.0.19041.5438)
OS uptime: 3 days 17:43 hours
Hyper-V role detected

CPU: total 8 (initial active 8) (4 cores per cpu, 2 threads per core) family 6 model 140 stepping 1 microcode 0xb4, cx8, cmov, fxsr, ht, mmx, 3dnowpref, sse, sse2, sse3, ssse3, sse4.1, sse4.2, popcnt, lzcnt, tsc, tscinvbit, avx, avx2, aes, erms, clmul, bmi1, bmi2, adx, avx512f, avx512dq, avx512cd, avx512bw, avx512vl, sha, fma, vzeroupper, avx512_vpopcntdq, avx512_vpclmulqdq, avx512_vaes, avx512_vnni, clflush, clflushopt, clwb, avx512_vbmi2, avx512_vbmi, hv

Memory: 4k page, system-wide physical 7865M (88M free)
TotalPageFile size 14636M (AvailPageFile size 2M)
current process WorkingSet (physical memory assigned to process): 326M, peak: 327M
current process commit charge ("private bytes"): 458M, peak: 459M

vm_info: Java HotSpot(TM) 64-Bit Server VM (17.0.7+8-LTS-224) for windows-amd64 JRE (17.0.7+8-LTS-224), built on Feb 28 2023 23:03:02 by "mach5one" with MS VC++ 17.1 (VS2022)

END.
