#
# There is insufficient memory for the Java Runtime Environment to continue.
# Native memory allocation (malloc) failed to allocate 973856 bytes for Chunk::new
# Possible reasons:
#   The system is out of physical RAM or swap space
#   The process is running with CompressedOops enabled, and the Java Heap may be blocking the growth of the native heap
# Possible solutions:
#   Reduce memory load on the system
#   Increase physical memory or swap space
#   Check if swap backing store is full
#   Decrease Java heap size (-Xmx/-Xms)
#   Decrease number of Java threads
#   Decrease Java thread stack sizes (-Xss)
#   Set larger code cache with -XX:ReservedCodeCacheSize=
#   JVM is running with Unscaled Compressed Oops mode in which the Java heap is
#     placed in the first 4GB address space. The Java Heap base address is the
#     maximum limit for the native heap growth. Please use -XX:HeapBaseMinAddress
#     to set the Java Heap base and to place the Java Heap above 4GB virtual address.
# This output file may be truncated or incomplete.
#
#  Out of Memory Error (arena.cpp:189), pid=21800, tid=24844
#
# JRE version: Java(TM) SE Runtime Environment (17.0.7+8) (build 17.0.7+8-LTS-224)
# Java VM: Java HotSpot(TM) 64-Bit Server VM (17.0.7+8-LTS-224, mixed mode, sharing, tiered, compressed oops, compressed class ptrs, g1 gc, windows-amd64)
# No core dump will be written. Minidumps are not enabled by default on client versions of Windows
#

---------------  S U M M A R Y ------------

Command Line: --add-opens=java.base/java.util=ALL-UNNAMED --add-opens=java.base/java.lang=ALL-UNNAMED --add-opens=java.base/java.lang.invoke=ALL-UNNAMED --add-opens=java.prefs/java.util.prefs=ALL-UNNAMED --add-opens=java.base/java.nio.charset=ALL-UNNAMED --add-opens=java.base/java.net=ALL-UNNAMED --add-opens=java.base/java.util.concurrent.atomic=ALL-UNNAMED -XX:MaxMetaspaceSize=384m -XX:+HeapDumpOnOutOfMemoryError -Xms256m -Xmx512m -Dfile.encoding=x-windows-949 -Duser.country=KR -Duser.language=ko -Duser.variant -javaagent:C:\Users\lovel\.gradle\wrapper\dists\gradle-8.8-bin\dl7vupf4psengwqhwktix4v1\gradle-8.8\lib\agents\gradle-instrumentation-agent-8.8.jar org.gradle.launcher.daemon.bootstrap.GradleDaemon 8.8

Host: 11th Gen Intel(R) Core(TM) i5-1135G7 @ 2.40GHz, 8 cores, 7G,  Windows 10 , 64 bit Build 19041 (10.0.19041.5438)
Time: Thu Apr 10 16:42:28 2025  Windows 10 , 64 bit Build 19041 (10.0.19041.5438) elapsed time: 4.050782 seconds (0d 0h 0m 4s)

---------------  T H R E A D  ---------------

Current thread (0x000002a7f29dcd30):  JavaThread "C2 CompilerThread0" daemon [_thread_in_native, id=24844, stack(0x000000adc9600000,0x000000adc9700000)]


Current CompileTask:
C2:   4051 2415   !   4       java.security.AccessController::doPrivileged (26 bytes)

Stack: [0x000000adc9600000,0x000000adc9700000]
Native frames: (J=compiled Java code, j=interpreted, Vv=VM code, C=native code)
V  [jvm.dll+0x676a4a]
V  [jvm.dll+0x7d74f4]
V  [jvm.dll+0x7d8c9e]
V  [jvm.dll+0x7d9303]
V  [jvm.dll+0x2452c5]
V  [jvm.dll+0xaaa2b]
V  [jvm.dll+0xaafcc]
V  [jvm.dll+0x2aac2f]
V  [jvm.dll+0x57f375]
V  [jvm.dll+0x2205f2]
V  [jvm.dll+0x2209cf]
V  [jvm.dll+0x219926]
V  [jvm.dll+0x216df9]
V  [jvm.dll+0x1a35e0]
V  [jvm.dll+0x226a6e]
V  [jvm.dll+0x224e15]
V  [jvm.dll+0x78d05c]
V  [jvm.dll+0x78759a]
V  [jvm.dll+0x675875]
C  [ucrtbase.dll+0x21bb2]
C  [KERNEL32.DLL+0x17374]
C  [ntdll.dll+0x4cc91]


---------------  P R O C E S S  ---------------

Threads class SMR info:
_java_thread_list=0x000002a7f6b58840, length=27, elements={
0x000002a7d61ec4f0, 0x000002a7f29c18e0, 0x000002a7f29c2940, 0x000002a7f29d7230,
0x000002a7f29d7af0, 0x000002a7f29da3c0, 0x000002a7f29dc090, 0x000002a7f29dcd30,
0x000002a7f29de620, 0x000002a7f2a00000, 0x000002a7f349f2d0, 0x000002a7f363d9d0,
0x000002a7f4bbce70, 0x000002a7f4acc860, 0x000002a7f4af0800, 0x000002a7f4c86db0,
0x000002a7f4f7aaa0, 0x000002a7f4f60c20, 0x000002a7f4f68c50, 0x000002a7f4d27d40,
0x000002a7f4d29a20, 0x000002a7f4d26530, 0x000002a7f4d27870, 0x000002a7f4d28bb0,
0x000002a7f4d26a00, 0x000002a7f4d29550, 0x000002a7f4d26060
}

Java Threads: ( => current thread )
  0x000002a7d61ec4f0 JavaThread "main" [_thread_blocked, id=22224, stack(0x000000adc8900000,0x000000adc8a00000)]
  0x000002a7f29c18e0 JavaThread "Reference Handler" daemon [_thread_blocked, id=20288, stack(0x000000adc9000000,0x000000adc9100000)]
  0x000002a7f29c2940 JavaThread "Finalizer" daemon [_thread_blocked, id=18764, stack(0x000000adc9100000,0x000000adc9200000)]
  0x000002a7f29d7230 JavaThread "Signal Dispatcher" daemon [_thread_blocked, id=17316, stack(0x000000adc9200000,0x000000adc9300000)]
  0x000002a7f29d7af0 JavaThread "Attach Listener" daemon [_thread_blocked, id=3984, stack(0x000000adc9300000,0x000000adc9400000)]
  0x000002a7f29da3c0 JavaThread "Service Thread" daemon [_thread_blocked, id=16164, stack(0x000000adc9400000,0x000000adc9500000)]
  0x000002a7f29dc090 JavaThread "Monitor Deflation Thread" daemon [_thread_blocked, id=15652, stack(0x000000adc9500000,0x000000adc9600000)]
=>0x000002a7f29dcd30 JavaThread "C2 CompilerThread0" daemon [_thread_in_native, id=24844, stack(0x000000adc9600000,0x000000adc9700000)]
  0x000002a7f29de620 JavaThread "C1 CompilerThread0" daemon [_thread_blocked, id=3588, stack(0x000000adc9700000,0x000000adc9800000)]
  0x000002a7f2a00000 JavaThread "Sweeper thread" daemon [_thread_blocked, id=11688, stack(0x000000adc9800000,0x000000adc9900000)]
  0x000002a7f349f2d0 JavaThread "Common-Cleaner" daemon [_thread_blocked, id=16748, stack(0x000000adc9900000,0x000000adc9a00000)]
  0x000002a7f363d9d0 JavaThread "Notification Thread" daemon [_thread_blocked, id=8136, stack(0x000000adc9a00000,0x000000adc9b00000)]
  0x000002a7f4bbce70 JavaThread "Daemon health stats" [_thread_blocked, id=17732, stack(0x000000adca100000,0x000000adca200000)]
  0x000002a7f4acc860 JavaThread "Incoming local TCP Connector on port 61075" [_thread_in_native, id=18680, stack(0x000000adca200000,0x000000adca300000)]
  0x000002a7f4af0800 JavaThread "Daemon periodic checks" [_thread_blocked, id=11120, stack(0x000000adca300000,0x000000adca400000)]
  0x000002a7f4c86db0 JavaThread "Daemon" [_thread_blocked, id=9360, stack(0x000000adca400000,0x000000adca500000)]
  0x000002a7f4f7aaa0 JavaThread "Handler for socket connection from /127.0.0.1:61075 to /127.0.0.1:61076" [_thread_in_native, id=19144, stack(0x000000adca500000,0x000000adca600000)]
  0x000002a7f4f60c20 JavaThread "Cancel handler" [_thread_blocked, id=20756, stack(0x000000adca600000,0x000000adca700000)]
  0x000002a7f4f68c50 JavaThread "Daemon worker" [_thread_in_Java, id=23108, stack(0x000000adca700000,0x000000adca800000)]
  0x000002a7f4d27d40 JavaThread "Asynchronous log dispatcher for DefaultDaemonConnection: socket connection from /127.0.0.1:61075 to /127.0.0.1:61076" [_thread_blocked, id=25444, stack(0x000000adca800000,0x000000adca900000)]
  0x000002a7f4d29a20 JavaThread "Stdin handler" [_thread_blocked, id=24500, stack(0x000000adca900000,0x000000adcaa00000)]
  0x000002a7f4d26530 JavaThread "Daemon client event forwarder" [_thread_blocked, id=10352, stack(0x000000adcaa00000,0x000000adcab00000)]
  0x000002a7f4d27870 JavaThread "Cache worker for journal cache (C:\Users\lovel\.gradle\caches\journal-1)" [_thread_blocked, id=14136, stack(0x000000adcab00000,0x000000adcac00000)]
  0x000002a7f4d28bb0 JavaThread "File lock request listener" [_thread_in_native, id=22248, stack(0x000000adcac00000,0x000000adcad00000)]
  0x000002a7f4d26a00 JavaThread "Cache worker for file hash cache (C:\Users\lovel\.gradle\caches\8.8\fileHashes)" [_thread_blocked, id=18888, stack(0x000000adcad00000,0x000000adcae00000)]
  0x000002a7f4d29550 JavaThread "File lock release action executor" [_thread_blocked, id=19380, stack(0x000000adcae00000,0x000000adcaf00000)]
  0x000002a7f4d26060 JavaThread "Cache worker for file hash cache (C:\Users\lovel\Desktop\공모전\UMC-0-WORKBOOK\.gradle\8.8\fileHashes)" [_thread_blocked, id=24060, stack(0x000000adcaf00000,0x000000adcb000000)]

Other Threads:
  0x000002a7f29bafc0 VMThread "VM Thread" [stack: 0x000000adc8f00000,0x000000adc9000000] [id=21232]
  0x000002a7d62283d0 WatcherThread [stack: 0x000000adc9b00000,0x000000adc9c00000] [id=10132]
  0x000002a7d621a010 GCTaskThread "GC Thread#0" [stack: 0x000000adc8a00000,0x000000adc8b00000] [id=16840]
  0x000002a7f3be7070 GCTaskThread "GC Thread#1" [stack: 0x000000adc9c00000,0x000000adc9d00000] [id=5036]
  0x000002a7f3be7320 GCTaskThread "GC Thread#2" [stack: 0x000000adc9d00000,0x000000adc9e00000] [id=12660]
  0x000002a7f3d1e470 GCTaskThread "GC Thread#3" [stack: 0x000000adc9e00000,0x000000adc9f00000] [id=14392]
  0x000002a7f3d1e720 GCTaskThread "GC Thread#4" [stack: 0x000000adc9f00000,0x000000adca000000] [id=11792]
  0x000002a7f3d1e9d0 GCTaskThread "GC Thread#5" [stack: 0x000000adca000000,0x000000adca100000] [id=8488]
  0x000002a7f73d6010 GCTaskThread "GC Thread#6" [stack: 0x000000adcb000000,0x000000adcb100000] [id=22392]
  0x000002a7f73d6820 GCTaskThread "GC Thread#7" [stack: 0x000000adcb100000,0x000000adcb200000] [id=18140]
  0x000002a7d621fd70 ConcurrentGCThread "G1 Main Marker" [stack: 0x000000adc8b00000,0x000000adc8c00000] [id=13364]
  0x000002a7d6220d30 ConcurrentGCThread "G1 Conc#0" [stack: 0x000000adc8c00000,0x000000adc8d00000] [id=8464]
  0x000002a7f28820d0 ConcurrentGCThread "G1 Refine#0" [stack: 0x000000adc8d00000,0x000000adc8e00000] [id=23624]
  0x000002a7f2882900 ConcurrentGCThread "G1 Service" [stack: 0x000000adc8e00000,0x000000adc8f00000] [id=9520]

Threads with active compile tasks:
C2 CompilerThread0     4105 2415   !   4       java.security.AccessController::doPrivileged (26 bytes)

VM state: not at safepoint (normal execution)

VM Mutex/Monitor currently owned by a thread: None

Heap address: 0x00000000e0000000, size: 512 MB, Compressed Oops mode: 32-bit

CDS archive(s) mapped at: [0x0000000800000000-0x0000000800bd0000-0x0000000800bd0000), size 12386304, SharedBaseAddress: 0x0000000800000000, ArchiveRelocationMode: 0.
Compressed class space mapped at: 0x0000000800c00000-0x0000000814000000, reserved size: 322961408
Narrow klass base: 0x0000000800000000, Narrow klass shift: 0, Narrow klass range: 0x100000000

GC Precious Log:
 CPUs: 8 total, 8 available
 Memory: 7865M
 Large Page Support: Disabled
 NUMA Support: Disabled
 Compressed Oops: Enabled (32-bit)
 Heap Region Size: 1M
 Heap Min Capacity: 256M
 Heap Initial Capacity: 256M
 Heap Max Capacity: 512M
 Pre-touch: Disabled
 Parallel Workers: 8
 Concurrent Workers: 2
 Concurrent Refinement Workers: 8
 Periodic GC: Disabled

Heap:
 garbage-first heap   total 262144K, used 27873K [0x00000000e0000000, 0x0000000100000000)
  region size 1024K, 17 young (17408K), 12 survivors (12288K)
 Metaspace       used 20594K, committed 20928K, reserved 339968K
  class space    used 3016K, committed 3200K, reserved 315392K

Heap Regions: E=young(eden), S=young(survivor), O=old, HS=humongous(starts), HC=humongous(continues), CS=collection set, F=free, OA=open archive, CA=closed archive, TAMS=top-at-mark-start (previous, next)
|   0|0x00000000e0000000, 0x00000000e0100000, 0x00000000e0100000|100%|HS|  |TAMS 0x00000000e0000000, 0x00000000e0000000| Complete 
|   1|0x00000000e0100000, 0x00000000e0200000, 0x00000000e0200000|100%|HC|  |TAMS 0x00000000e0100000, 0x00000000e0100000| Complete 
|   2|0x00000000e0200000, 0x00000000e0300000, 0x00000000e0300000|100%|HC|  |TAMS 0x00000000e0200000, 0x00000000e0200000| Complete 
|   3|0x00000000e0300000, 0x00000000e0400000, 0x00000000e0400000|100%|HC|  |TAMS 0x00000000e0300000, 0x00000000e0300000| Complete 
|   4|0x00000000e0400000, 0x00000000e0500000, 0x00000000e0500000|100%| O|  |TAMS 0x00000000e0400000, 0x00000000e0400000| Untracked 
|   5|0x00000000e0500000, 0x00000000e0600000, 0x00000000e0600000|100%| O|  |TAMS 0x00000000e0500000, 0x00000000e0500000| Untracked 
|   6|0x00000000e0600000, 0x00000000e0700000, 0x00000000e0700000|100%| O|  |TAMS 0x00000000e0600000, 0x00000000e0600000| Untracked 
|   7|0x00000000e0700000, 0x00000000e0800000, 0x00000000e0800000|100%| O|  |TAMS 0x00000000e0700000, 0x00000000e0700000| Untracked 
|   8|0x00000000e0800000, 0x00000000e0900000, 0x00000000e0900000|100%| O|  |TAMS 0x00000000e0800000, 0x00000000e0800000| Untracked 
|   9|0x00000000e0900000, 0x00000000e0a00000, 0x00000000e0a00000|100%| O|  |TAMS 0x00000000e0900000, 0x00000000e0900000| Untracked 
|  10|0x00000000e0a00000, 0x00000000e0b00000, 0x00000000e0b00000|100%| O|  |TAMS 0x00000000e0a00000, 0x00000000e0a00000| Untracked 
|  11|0x00000000e0b00000, 0x00000000e0b21000, 0x00000000e0c00000| 12%| O|  |TAMS 0x00000000e0b00000, 0x00000000e0b00000| Untracked 
|  12|0x00000000e0c00000, 0x00000000e0d00000, 0x00000000e0d00000|100%|HS|  |TAMS 0x00000000e0c00000, 0x00000000e0c00000| Complete 
|  13|0x00000000e0d00000, 0x00000000e0d00000, 0x00000000e0e00000|  0%| F|  |TAMS 0x00000000e0d00000, 0x00000000e0d00000| Untracked 
|  14|0x00000000e0e00000, 0x00000000e0e00000, 0x00000000e0f00000|  0%| F|  |TAMS 0x00000000e0e00000, 0x00000000e0e00000| Untracked 
|  15|0x00000000e0f00000, 0x00000000e0f00000, 0x00000000e1000000|  0%| F|  |TAMS 0x00000000e0f00000, 0x00000000e0f00000| Untracked 
|  16|0x00000000e1000000, 0x00000000e1000000, 0x00000000e1100000|  0%| F|  |TAMS 0x00000000e1000000, 0x00000000e1000000| Untracked 
|  17|0x00000000e1100000, 0x00000000e1100000, 0x00000000e1200000|  0%| F|  |TAMS 0x00000000e1100000, 0x00000000e1100000| Untracked 
|  18|0x00000000e1200000, 0x00000000e1200000, 0x00000000e1300000|  0%| F|  |TAMS 0x00000000e1200000, 0x00000000e1200000| Untracked 
|  19|0x00000000e1300000, 0x00000000e1300000, 0x00000000e1400000|  0%| F|  |TAMS 0x00000000e1300000, 0x00000000e1300000| Untracked 
|  20|0x00000000e1400000, 0x00000000e1400000, 0x00000000e1500000|  0%| F|  |TAMS 0x00000000e1400000, 0x00000000e1400000| Untracked 
|  21|0x00000000e1500000, 0x00000000e1500000, 0x00000000e1600000|  0%| F|  |TAMS 0x00000000e1500000, 0x00000000e1500000| Untracked 
|  22|0x00000000e1600000, 0x00000000e1600000, 0x00000000e1700000|  0%| F|  |TAMS 0x00000000e1600000, 0x00000000e1600000| Untracked 
|  23|0x00000000e1700000, 0x00000000e1700000, 0x00000000e1800000|  0%| F|  |TAMS 0x00000000e1700000, 0x00000000e1700000| Untracked 
|  24|0x00000000e1800000, 0x00000000e1800000, 0x00000000e1900000|  0%| F|  |TAMS 0x00000000e1800000, 0x00000000e1800000| Untracked 
|  25|0x00000000e1900000, 0x00000000e1900000, 0x00000000e1a00000|  0%| F|  |TAMS 0x00000000e1900000, 0x00000000e1900000| Untracked 
|  26|0x00000000e1a00000, 0x00000000e1a00000, 0x00000000e1b00000|  0%| F|  |TAMS 0x00000000e1a00000, 0x00000000e1a00000| Untracked 
|  27|0x00000000e1b00000, 0x00000000e1b00000, 0x00000000e1c00000|  0%| F|  |TAMS 0x00000000e1b00000, 0x00000000e1b00000| Untracked 
|  28|0x00000000e1c00000, 0x00000000e1c00000, 0x00000000e1d00000|  0%| F|  |TAMS 0x00000000e1c00000, 0x00000000e1c00000| Untracked 
|  29|0x00000000e1d00000, 0x00000000e1d00000, 0x00000000e1e00000|  0%| F|  |TAMS 0x00000000e1d00000, 0x00000000e1d00000| Untracked 
|  30|0x00000000e1e00000, 0x00000000e1e00000, 0x00000000e1f00000|  0%| F|  |TAMS 0x00000000e1e00000, 0x00000000e1e00000| Untracked 
|  31|0x00000000e1f00000, 0x00000000e1f00000, 0x00000000e2000000|  0%| F|  |TAMS 0x00000000e1f00000, 0x00000000e1f00000| Untracked 
|  32|0x00000000e2000000, 0x00000000e2000000, 0x00000000e2100000|  0%| F|  |TAMS 0x00000000e2000000, 0x00000000e2000000| Untracked 
|  33|0x00000000e2100000, 0x00000000e2100000, 0x00000000e2200000|  0%| F|  |TAMS 0x00000000e2100000, 0x00000000e2100000| Untracked 
|  34|0x00000000e2200000, 0x00000000e2200000, 0x00000000e2300000|  0%| F|  |TAMS 0x00000000e2200000, 0x00000000e2200000| Untracked 
|  35|0x00000000e2300000, 0x00000000e2300000, 0x00000000e2400000|  0%| F|  |TAMS 0x00000000e2300000, 0x00000000e2300000| Untracked 
|  36|0x00000000e2400000, 0x00000000e2400000, 0x00000000e2500000|  0%| F|  |TAMS 0x00000000e2400000, 0x00000000e2400000| Untracked 
|  37|0x00000000e2500000, 0x00000000e2500000, 0x00000000e2600000|  0%| F|  |TAMS 0x00000000e2500000, 0x00000000e2500000| Untracked 
|  38|0x00000000e2600000, 0x00000000e2600000, 0x00000000e2700000|  0%| F|  |TAMS 0x00000000e2600000, 0x00000000e2600000| Untracked 
|  39|0x00000000e2700000, 0x00000000e2700000, 0x00000000e2800000|  0%| F|  |TAMS 0x00000000e2700000, 0x00000000e2700000| Untracked 
|  40|0x00000000e2800000, 0x00000000e2800000, 0x00000000e2900000|  0%| F|  |TAMS 0x00000000e2800000, 0x00000000e2800000| Untracked 
|  41|0x00000000e2900000, 0x00000000e2900000, 0x00000000e2a00000|  0%| F|  |TAMS 0x00000000e2900000, 0x00000000e2900000| Untracked 
|  42|0x00000000e2a00000, 0x00000000e2a00000, 0x00000000e2b00000|  0%| F|  |TAMS 0x00000000e2a00000, 0x00000000e2a00000| Untracked 
|  43|0x00000000e2b00000, 0x00000000e2b00000, 0x00000000e2c00000|  0%| F|  |TAMS 0x00000000e2b00000, 0x00000000e2b00000| Untracked 
|  44|0x00000000e2c00000, 0x00000000e2c00000, 0x00000000e2d00000|  0%| F|  |TAMS 0x00000000e2c00000, 0x00000000e2c00000| Untracked 
|  45|0x00000000e2d00000, 0x00000000e2d00000, 0x00000000e2e00000|  0%| F|  |TAMS 0x00000000e2d00000, 0x00000000e2d00000| Untracked 
|  46|0x00000000e2e00000, 0x00000000e2e00000, 0x00000000e2f00000|  0%| F|  |TAMS 0x00000000e2e00000, 0x00000000e2e00000| Untracked 
|  47|0x00000000e2f00000, 0x00000000e2f00000, 0x00000000e3000000|  0%| F|  |TAMS 0x00000000e2f00000, 0x00000000e2f00000| Untracked 
|  48|0x00000000e3000000, 0x00000000e3000000, 0x00000000e3100000|  0%| F|  |TAMS 0x00000000e3000000, 0x00000000e3000000| Untracked 
|  49|0x00000000e3100000, 0x00000000e3100000, 0x00000000e3200000|  0%| F|  |TAMS 0x00000000e3100000, 0x00000000e3100000| Untracked 
|  50|0x00000000e3200000, 0x00000000e3200000, 0x00000000e3300000|  0%| F|  |TAMS 0x00000000e3200000, 0x00000000e3200000| Untracked 
|  51|0x00000000e3300000, 0x00000000e3300000, 0x00000000e3400000|  0%| F|  |TAMS 0x00000000e3300000, 0x00000000e3300000| Untracked 
|  52|0x00000000e3400000, 0x00000000e3400000, 0x00000000e3500000|  0%| F|  |TAMS 0x00000000e3400000, 0x00000000e3400000| Untracked 
|  53|0x00000000e3500000, 0x00000000e3500000, 0x00000000e3600000|  0%| F|  |TAMS 0x00000000e3500000, 0x00000000e3500000| Untracked 
|  54|0x00000000e3600000, 0x00000000e3600000, 0x00000000e3700000|  0%| F|  |TAMS 0x00000000e3600000, 0x00000000e3600000| Untracked 
|  55|0x00000000e3700000, 0x00000000e3700000, 0x00000000e3800000|  0%| F|  |TAMS 0x00000000e3700000, 0x00000000e3700000| Untracked 
|  56|0x00000000e3800000, 0x00000000e3800000, 0x00000000e3900000|  0%| F|  |TAMS 0x00000000e3800000, 0x00000000e3800000| Untracked 
|  57|0x00000000e3900000, 0x00000000e3900000, 0x00000000e3a00000|  0%| F|  |TAMS 0x00000000e3900000, 0x00000000e3900000| Untracked 
|  58|0x00000000e3a00000, 0x00000000e3a00000, 0x00000000e3b00000|  0%| F|  |TAMS 0x00000000e3a00000, 0x00000000e3a00000| Untracked 
|  59|0x00000000e3b00000, 0x00000000e3b00000, 0x00000000e3c00000|  0%| F|  |TAMS 0x00000000e3b00000, 0x00000000e3b00000| Untracked 
|  60|0x00000000e3c00000, 0x00000000e3c00000, 0x00000000e3d00000|  0%| F|  |TAMS 0x00000000e3c00000, 0x00000000e3c00000| Untracked 
|  61|0x00000000e3d00000, 0x00000000e3d00000, 0x00000000e3e00000|  0%| F|  |TAMS 0x00000000e3d00000, 0x00000000e3d00000| Untracked 
|  62|0x00000000e3e00000, 0x00000000e3e00000, 0x00000000e3f00000|  0%| F|  |TAMS 0x00000000e3e00000, 0x00000000e3e00000| Untracked 
|  63|0x00000000e3f00000, 0x00000000e3f00000, 0x00000000e4000000|  0%| F|  |TAMS 0x00000000e3f00000, 0x00000000e3f00000| Untracked 
|  64|0x00000000e4000000, 0x00000000e4000000, 0x00000000e4100000|  0%| F|  |TAMS 0x00000000e4000000, 0x00000000e4000000| Untracked 
|  65|0x00000000e4100000, 0x00000000e4100000, 0x00000000e4200000|  0%| F|  |TAMS 0x00000000e4100000, 0x00000000e4100000| Untracked 
|  66|0x00000000e4200000, 0x00000000e4200000, 0x00000000e4300000|  0%| F|  |TAMS 0x00000000e4200000, 0x00000000e4200000| Untracked 
|  67|0x00000000e4300000, 0x00000000e4300000, 0x00000000e4400000|  0%| F|  |TAMS 0x00000000e4300000, 0x00000000e4300000| Untracked 
|  68|0x00000000e4400000, 0x00000000e4400000, 0x00000000e4500000|  0%| F|  |TAMS 0x00000000e4400000, 0x00000000e4400000| Untracked 
|  69|0x00000000e4500000, 0x00000000e4500000, 0x00000000e4600000|  0%| F|  |TAMS 0x00000000e4500000, 0x00000000e4500000| Untracked 
|  70|0x00000000e4600000, 0x00000000e4600000, 0x00000000e4700000|  0%| F|  |TAMS 0x00000000e4600000, 0x00000000e4600000| Untracked 
|  71|0x00000000e4700000, 0x00000000e4700000, 0x00000000e4800000|  0%| F|  |TAMS 0x00000000e4700000, 0x00000000e4700000| Untracked 
|  72|0x00000000e4800000, 0x00000000e4800000, 0x00000000e4900000|  0%| F|  |TAMS 0x00000000e4800000, 0x00000000e4800000| Untracked 
|  73|0x00000000e4900000, 0x00000000e4900000, 0x00000000e4a00000|  0%| F|  |TAMS 0x00000000e4900000, 0x00000000e4900000| Untracked 
|  74|0x00000000e4a00000, 0x00000000e4a00000, 0x00000000e4b00000|  0%| F|  |TAMS 0x00000000e4a00000, 0x00000000e4a00000| Untracked 
|  75|0x00000000e4b00000, 0x00000000e4b00000, 0x00000000e4c00000|  0%| F|  |TAMS 0x00000000e4b00000, 0x00000000e4b00000| Untracked 
|  76|0x00000000e4c00000, 0x00000000e4c00000, 0x00000000e4d00000|  0%| F|  |TAMS 0x00000000e4c00000, 0x00000000e4c00000| Untracked 
|  77|0x00000000e4d00000, 0x00000000e4d00000, 0x00000000e4e00000|  0%| F|  |TAMS 0x00000000e4d00000, 0x00000000e4d00000| Untracked 
|  78|0x00000000e4e00000, 0x00000000e4e00000, 0x00000000e4f00000|  0%| F|  |TAMS 0x00000000e4e00000, 0x00000000e4e00000| Untracked 
|  79|0x00000000e4f00000, 0x00000000e4f00000, 0x00000000e5000000|  0%| F|  |TAMS 0x00000000e4f00000, 0x00000000e4f00000| Untracked 
|  80|0x00000000e5000000, 0x00000000e5000000, 0x00000000e5100000|  0%| F|  |TAMS 0x00000000e5000000, 0x00000000e5000000| Untracked 
|  81|0x00000000e5100000, 0x00000000e5100000, 0x00000000e5200000|  0%| F|  |TAMS 0x00000000e5100000, 0x00000000e5100000| Untracked 
|  82|0x00000000e5200000, 0x00000000e5200000, 0x00000000e5300000|  0%| F|  |TAMS 0x00000000e5200000, 0x00000000e5200000| Untracked 
|  83|0x00000000e5300000, 0x00000000e5300000, 0x00000000e5400000|  0%| F|  |TAMS 0x00000000e5300000, 0x00000000e5300000| Untracked 
|  84|0x00000000e5400000, 0x00000000e5400000, 0x00000000e5500000|  0%| F|  |TAMS 0x00000000e5400000, 0x00000000e5400000| Untracked 
|  85|0x00000000e5500000, 0x00000000e5500000, 0x00000000e5600000|  0%| F|  |TAMS 0x00000000e5500000, 0x00000000e5500000| Untracked 
|  86|0x00000000e5600000, 0x00000000e5600000, 0x00000000e5700000|  0%| F|  |TAMS 0x00000000e5600000, 0x00000000e5600000| Untracked 
|  87|0x00000000e5700000, 0x00000000e5700000, 0x00000000e5800000|  0%| F|  |TAMS 0x00000000e5700000, 0x00000000e5700000| Untracked 
|  88|0x00000000e5800000, 0x00000000e5800000, 0x00000000e5900000|  0%| F|  |TAMS 0x00000000e5800000, 0x00000000e5800000| Untracked 
|  89|0x00000000e5900000, 0x00000000e5900000, 0x00000000e5a00000|  0%| F|  |TAMS 0x00000000e5900000, 0x00000000e5900000| Untracked 
|  90|0x00000000e5a00000, 0x00000000e5a00000, 0x00000000e5b00000|  0%| F|  |TAMS 0x00000000e5a00000, 0x00000000e5a00000| Untracked 
|  91|0x00000000e5b00000, 0x00000000e5b00000, 0x00000000e5c00000|  0%| F|  |TAMS 0x00000000e5b00000, 0x00000000e5b00000| Untracked 
|  92|0x00000000e5c00000, 0x00000000e5c00000, 0x00000000e5d00000|  0%| F|  |TAMS 0x00000000e5c00000, 0x00000000e5c00000| Untracked 
|  93|0x00000000e5d00000, 0x00000000e5d00000, 0x00000000e5e00000|  0%| F|  |TAMS 0x00000000e5d00000, 0x00000000e5d00000| Untracked 
|  94|0x00000000e5e00000, 0x00000000e5e00000, 0x00000000e5f00000|  0%| F|  |TAMS 0x00000000e5e00000, 0x00000000e5e00000| Untracked 
|  95|0x00000000e5f00000, 0x00000000e5f00000, 0x00000000e6000000|  0%| F|  |TAMS 0x00000000e5f00000, 0x00000000e5f00000| Untracked 
|  96|0x00000000e6000000, 0x00000000e6000000, 0x00000000e6100000|  0%| F|  |TAMS 0x00000000e6000000, 0x00000000e6000000| Untracked 
|  97|0x00000000e6100000, 0x00000000e6100000, 0x00000000e6200000|  0%| F|  |TAMS 0x00000000e6100000, 0x00000000e6100000| Untracked 
|  98|0x00000000e6200000, 0x00000000e6200000, 0x00000000e6300000|  0%| F|  |TAMS 0x00000000e6200000, 0x00000000e6200000| Untracked 
|  99|0x00000000e6300000, 0x00000000e6300000, 0x00000000e6400000|  0%| F|  |TAMS 0x00000000e6300000, 0x00000000e6300000| Untracked 
| 100|0x00000000e6400000, 0x00000000e6400000, 0x00000000e6500000|  0%| F|  |TAMS 0x00000000e6400000, 0x00000000e6400000| Untracked 
| 101|0x00000000e6500000, 0x00000000e6500000, 0x00000000e6600000|  0%| F|  |TAMS 0x00000000e6500000, 0x00000000e6500000| Untracked 
| 102|0x00000000e6600000, 0x00000000e6600000, 0x00000000e6700000|  0%| F|  |TAMS 0x00000000e6600000, 0x00000000e6600000| Untracked 
| 103|0x00000000e6700000, 0x00000000e6700000, 0x00000000e6800000|  0%| F|  |TAMS 0x00000000e6700000, 0x00000000e6700000| Untracked 
| 104|0x00000000e6800000, 0x00000000e6800000, 0x00000000e6900000|  0%| F|  |TAMS 0x00000000e6800000, 0x00000000e6800000| Untracked 
| 105|0x00000000e6900000, 0x00000000e6900000, 0x00000000e6a00000|  0%| F|  |TAMS 0x00000000e6900000, 0x00000000e6900000| Untracked 
| 106|0x00000000e6a00000, 0x00000000e6a00000, 0x00000000e6b00000|  0%| F|  |TAMS 0x00000000e6a00000, 0x00000000e6a00000| Untracked 
| 107|0x00000000e6b00000, 0x00000000e6b00000, 0x00000000e6c00000|  0%| F|  |TAMS 0x00000000e6b00000, 0x00000000e6b00000| Untracked 
| 108|0x00000000e6c00000, 0x00000000e6c00000, 0x00000000e6d00000|  0%| F|  |TAMS 0x00000000e6c00000, 0x00000000e6c00000| Untracked 
| 109|0x00000000e6d00000, 0x00000000e6d00000, 0x00000000e6e00000|  0%| F|  |TAMS 0x00000000e6d00000, 0x00000000e6d00000| Untracked 
| 110|0x00000000e6e00000, 0x00000000e6e00000, 0x00000000e6f00000|  0%| F|  |TAMS 0x00000000e6e00000, 0x00000000e6e00000| Untracked 
| 111|0x00000000e6f00000, 0x00000000e6f00000, 0x00000000e7000000|  0%| F|  |TAMS 0x00000000e6f00000, 0x00000000e6f00000| Untracked 
| 112|0x00000000e7000000, 0x00000000e7000000, 0x00000000e7100000|  0%| F|  |TAMS 0x00000000e7000000, 0x00000000e7000000| Untracked 
| 113|0x00000000e7100000, 0x00000000e7100000, 0x00000000e7200000|  0%| F|  |TAMS 0x00000000e7100000, 0x00000000e7100000| Untracked 
| 114|0x00000000e7200000, 0x00000000e7200000, 0x00000000e7300000|  0%| F|  |TAMS 0x00000000e7200000, 0x00000000e7200000| Untracked 
| 115|0x00000000e7300000, 0x00000000e7300000, 0x00000000e7400000|  0%| F|  |TAMS 0x00000000e7300000, 0x00000000e7300000| Untracked 
| 116|0x00000000e7400000, 0x00000000e7400000, 0x00000000e7500000|  0%| F|  |TAMS 0x00000000e7400000, 0x00000000e7400000| Untracked 
| 117|0x00000000e7500000, 0x00000000e7500000, 0x00000000e7600000|  0%| F|  |TAMS 0x00000000e7500000, 0x00000000e7500000| Untracked 
| 118|0x00000000e7600000, 0x00000000e7600000, 0x00000000e7700000|  0%| F|  |TAMS 0x00000000e7600000, 0x00000000e7600000| Untracked 
| 119|0x00000000e7700000, 0x00000000e7700000, 0x00000000e7800000|  0%| F|  |TAMS 0x00000000e7700000, 0x00000000e7700000| Untracked 
| 120|0x00000000e7800000, 0x00000000e7800000, 0x00000000e7900000|  0%| F|  |TAMS 0x00000000e7800000, 0x00000000e7800000| Untracked 
| 121|0x00000000e7900000, 0x00000000e7900000, 0x00000000e7a00000|  0%| F|  |TAMS 0x00000000e7900000, 0x00000000e7900000| Untracked 
| 122|0x00000000e7a00000, 0x00000000e7a17780, 0x00000000e7b00000|  9%| S|CS|TAMS 0x00000000e7a00000, 0x00000000e7a00000| Complete 
| 123|0x00000000e7b00000, 0x00000000e7c00000, 0x00000000e7c00000|100%| S|CS|TAMS 0x00000000e7b00000, 0x00000000e7b00000| Complete 
| 124|0x00000000e7c00000, 0x00000000e7d00000, 0x00000000e7d00000|100%| S|CS|TAMS 0x00000000e7c00000, 0x00000000e7c00000| Complete 
| 125|0x00000000e7d00000, 0x00000000e7e00000, 0x00000000e7e00000|100%| S|CS|TAMS 0x00000000e7d00000, 0x00000000e7d00000| Complete 
| 126|0x00000000e7e00000, 0x00000000e7f00000, 0x00000000e7f00000|100%| S|CS|TAMS 0x00000000e7e00000, 0x00000000e7e00000| Complete 
| 127|0x00000000e7f00000, 0x00000000e8000000, 0x00000000e8000000|100%| S|CS|TAMS 0x00000000e7f00000, 0x00000000e7f00000| Complete 
| 128|0x00000000e8000000, 0x00000000e8100000, 0x00000000e8100000|100%| S|CS|TAMS 0x00000000e8000000, 0x00000000e8000000| Complete 
| 129|0x00000000e8100000, 0x00000000e8200000, 0x00000000e8200000|100%| S|CS|TAMS 0x00000000e8100000, 0x00000000e8100000| Complete 
| 130|0x00000000e8200000, 0x00000000e8300000, 0x00000000e8300000|100%| S|CS|TAMS 0x00000000e8200000, 0x00000000e8200000| Complete 
| 131|0x00000000e8300000, 0x00000000e8400000, 0x00000000e8400000|100%| S|CS|TAMS 0x00000000e8300000, 0x00000000e8300000| Complete 
| 132|0x00000000e8400000, 0x00000000e8500000, 0x00000000e8500000|100%| S|CS|TAMS 0x00000000e8400000, 0x00000000e8400000| Complete 
| 133|0x00000000e8500000, 0x00000000e8600000, 0x00000000e8600000|100%| S|CS|TAMS 0x00000000e8500000, 0x00000000e8500000| Complete 
| 134|0x00000000e8600000, 0x00000000e8600000, 0x00000000e8700000|  0%| F|  |TAMS 0x00000000e8600000, 0x00000000e8600000| Untracked 
| 135|0x00000000e8700000, 0x00000000e8700000, 0x00000000e8800000|  0%| F|  |TAMS 0x00000000e8700000, 0x00000000e8700000| Untracked 
| 136|0x00000000e8800000, 0x00000000e8800000, 0x00000000e8900000|  0%| F|  |TAMS 0x00000000e8800000, 0x00000000e8800000| Untracked 
| 137|0x00000000e8900000, 0x00000000e8900000, 0x00000000e8a00000|  0%| F|  |TAMS 0x00000000e8900000, 0x00000000e8900000| Untracked 
| 138|0x00000000e8a00000, 0x00000000e8a00000, 0x00000000e8b00000|  0%| F|  |TAMS 0x00000000e8a00000, 0x00000000e8a00000| Untracked 
| 139|0x00000000e8b00000, 0x00000000e8b00000, 0x00000000e8c00000|  0%| F|  |TAMS 0x00000000e8b00000, 0x00000000e8b00000| Untracked 
| 140|0x00000000e8c00000, 0x00000000e8c00000, 0x00000000e8d00000|  0%| F|  |TAMS 0x00000000e8c00000, 0x00000000e8c00000| Untracked 
| 141|0x00000000e8d00000, 0x00000000e8d00000, 0x00000000e8e00000|  0%| F|  |TAMS 0x00000000e8d00000, 0x00000000e8d00000| Untracked 
| 142|0x00000000e8e00000, 0x00000000e8e00000, 0x00000000e8f00000|  0%| F|  |TAMS 0x00000000e8e00000, 0x00000000e8e00000| Untracked 
| 143|0x00000000e8f00000, 0x00000000e8f00000, 0x00000000e9000000|  0%| F|  |TAMS 0x00000000e8f00000, 0x00000000e8f00000| Untracked 
| 144|0x00000000e9000000, 0x00000000e9000000, 0x00000000e9100000|  0%| F|  |TAMS 0x00000000e9000000, 0x00000000e9000000| Untracked 
| 145|0x00000000e9100000, 0x00000000e9100000, 0x00000000e9200000|  0%| F|  |TAMS 0x00000000e9100000, 0x00000000e9100000| Untracked 
| 146|0x00000000e9200000, 0x00000000e9200000, 0x00000000e9300000|  0%| F|  |TAMS 0x00000000e9200000, 0x00000000e9200000| Untracked 
| 147|0x00000000e9300000, 0x00000000e9300000, 0x00000000e9400000|  0%| F|  |TAMS 0x00000000e9300000, 0x00000000e9300000| Untracked 
| 148|0x00000000e9400000, 0x00000000e9400000, 0x00000000e9500000|  0%| F|  |TAMS 0x00000000e9400000, 0x00000000e9400000| Untracked 
| 149|0x00000000e9500000, 0x00000000e9500000, 0x00000000e9600000|  0%| F|  |TAMS 0x00000000e9500000, 0x00000000e9500000| Untracked 
| 150|0x00000000e9600000, 0x00000000e9600000, 0x00000000e9700000|  0%| F|  |TAMS 0x00000000e9600000, 0x00000000e9600000| Untracked 
| 151|0x00000000e9700000, 0x00000000e9700000, 0x00000000e9800000|  0%| F|  |TAMS 0x00000000e9700000, 0x00000000e9700000| Untracked 
| 152|0x00000000e9800000, 0x00000000e9800000, 0x00000000e9900000|  0%| F|  |TAMS 0x00000000e9800000, 0x00000000e9800000| Untracked 
| 153|0x00000000e9900000, 0x00000000e9900000, 0x00000000e9a00000|  0%| F|  |TAMS 0x00000000e9900000, 0x00000000e9900000| Untracked 
| 154|0x00000000e9a00000, 0x00000000e9a00000, 0x00000000e9b00000|  0%| F|  |TAMS 0x00000000e9a00000, 0x00000000e9a00000| Untracked 
| 155|0x00000000e9b00000, 0x00000000e9b00000, 0x00000000e9c00000|  0%| F|  |TAMS 0x00000000e9b00000, 0x00000000e9b00000| Untracked 
| 156|0x00000000e9c00000, 0x00000000e9c00000, 0x00000000e9d00000|  0%| F|  |TAMS 0x00000000e9c00000, 0x00000000e9c00000| Untracked 
| 157|0x00000000e9d00000, 0x00000000e9d00000, 0x00000000e9e00000|  0%| F|  |TAMS 0x00000000e9d00000, 0x00000000e9d00000| Untracked 
| 158|0x00000000e9e00000, 0x00000000e9e00000, 0x00000000e9f00000|  0%| F|  |TAMS 0x00000000e9e00000, 0x00000000e9e00000| Untracked 
| 159|0x00000000e9f00000, 0x00000000e9f00000, 0x00000000ea000000|  0%| F|  |TAMS 0x00000000e9f00000, 0x00000000e9f00000| Untracked 
| 160|0x00000000ea000000, 0x00000000ea000000, 0x00000000ea100000|  0%| F|  |TAMS 0x00000000ea000000, 0x00000000ea000000| Untracked 
| 161|0x00000000ea100000, 0x00000000ea100000, 0x00000000ea200000|  0%| F|  |TAMS 0x00000000ea100000, 0x00000000ea100000| Untracked 
| 162|0x00000000ea200000, 0x00000000ea200000, 0x00000000ea300000|  0%| F|  |TAMS 0x00000000ea200000, 0x00000000ea200000| Untracked 
| 163|0x00000000ea300000, 0x00000000ea300000, 0x00000000ea400000|  0%| F|  |TAMS 0x00000000ea300000, 0x00000000ea300000| Untracked 
| 164|0x00000000ea400000, 0x00000000ea400000, 0x00000000ea500000|  0%| F|  |TAMS 0x00000000ea400000, 0x00000000ea400000| Untracked 
| 165|0x00000000ea500000, 0x00000000ea500000, 0x00000000ea600000|  0%| F|  |TAMS 0x00000000ea500000, 0x00000000ea500000| Untracked 
| 166|0x00000000ea600000, 0x00000000ea600000, 0x00000000ea700000|  0%| F|  |TAMS 0x00000000ea600000, 0x00000000ea600000| Untracked 
| 167|0x00000000ea700000, 0x00000000ea700000, 0x00000000ea800000|  0%| F|  |TAMS 0x00000000ea700000, 0x00000000ea700000| Untracked 
| 168|0x00000000ea800000, 0x00000000ea800000, 0x00000000ea900000|  0%| F|  |TAMS 0x00000000ea800000, 0x00000000ea800000| Untracked 
| 169|0x00000000ea900000, 0x00000000ea900000, 0x00000000eaa00000|  0%| F|  |TAMS 0x00000000ea900000, 0x00000000ea900000| Untracked 
| 170|0x00000000eaa00000, 0x00000000eaa00000, 0x00000000eab00000|  0%| F|  |TAMS 0x00000000eaa00000, 0x00000000eaa00000| Untracked 
| 171|0x00000000eab00000, 0x00000000eab00000, 0x00000000eac00000|  0%| F|  |TAMS 0x00000000eab00000, 0x00000000eab00000| Untracked 
| 172|0x00000000eac00000, 0x00000000eac00000, 0x00000000ead00000|  0%| F|  |TAMS 0x00000000eac00000, 0x00000000eac00000| Untracked 
| 173|0x00000000ead00000, 0x00000000ead00000, 0x00000000eae00000|  0%| F|  |TAMS 0x00000000ead00000, 0x00000000ead00000| Untracked 
| 174|0x00000000eae00000, 0x00000000eae00000, 0x00000000eaf00000|  0%| F|  |TAMS 0x00000000eae00000, 0x00000000eae00000| Untracked 
| 175|0x00000000eaf00000, 0x00000000eaf00000, 0x00000000eb000000|  0%| F|  |TAMS 0x00000000eaf00000, 0x00000000eaf00000| Untracked 
| 176|0x00000000eb000000, 0x00000000eb000000, 0x00000000eb100000|  0%| F|  |TAMS 0x00000000eb000000, 0x00000000eb000000| Untracked 
| 177|0x00000000eb100000, 0x00000000eb100000, 0x00000000eb200000|  0%| F|  |TAMS 0x00000000eb100000, 0x00000000eb100000| Untracked 
| 178|0x00000000eb200000, 0x00000000eb200000, 0x00000000eb300000|  0%| F|  |TAMS 0x00000000eb200000, 0x00000000eb200000| Untracked 
| 179|0x00000000eb300000, 0x00000000eb300000, 0x00000000eb400000|  0%| F|  |TAMS 0x00000000eb300000, 0x00000000eb300000| Untracked 
| 180|0x00000000eb400000, 0x00000000eb400000, 0x00000000eb500000|  0%| F|  |TAMS 0x00000000eb400000, 0x00000000eb400000| Untracked 
| 181|0x00000000eb500000, 0x00000000eb500000, 0x00000000eb600000|  0%| F|  |TAMS 0x00000000eb500000, 0x00000000eb500000| Untracked 
| 182|0x00000000eb600000, 0x00000000eb600000, 0x00000000eb700000|  0%| F|  |TAMS 0x00000000eb600000, 0x00000000eb600000| Untracked 
| 183|0x00000000eb700000, 0x00000000eb700000, 0x00000000eb800000|  0%| F|  |TAMS 0x00000000eb700000, 0x00000000eb700000| Untracked 
| 184|0x00000000eb800000, 0x00000000eb800000, 0x00000000eb900000|  0%| F|  |TAMS 0x00000000eb800000, 0x00000000eb800000| Untracked 
| 185|0x00000000eb900000, 0x00000000eb900000, 0x00000000eba00000|  0%| F|  |TAMS 0x00000000eb900000, 0x00000000eb900000| Untracked 
| 186|0x00000000eba00000, 0x00000000eba00000, 0x00000000ebb00000|  0%| F|  |TAMS 0x00000000eba00000, 0x00000000eba00000| Untracked 
| 187|0x00000000ebb00000, 0x00000000ebb00000, 0x00000000ebc00000|  0%| F|  |TAMS 0x00000000ebb00000, 0x00000000ebb00000| Untracked 
| 188|0x00000000ebc00000, 0x00000000ebc00000, 0x00000000ebd00000|  0%| F|  |TAMS 0x00000000ebc00000, 0x00000000ebc00000| Untracked 
| 189|0x00000000ebd00000, 0x00000000ebd00000, 0x00000000ebe00000|  0%| F|  |TAMS 0x00000000ebd00000, 0x00000000ebd00000| Untracked 
| 190|0x00000000ebe00000, 0x00000000ebe00000, 0x00000000ebf00000|  0%| F|  |TAMS 0x00000000ebe00000, 0x00000000ebe00000| Untracked 
| 191|0x00000000ebf00000, 0x00000000ebf00000, 0x00000000ec000000|  0%| F|  |TAMS 0x00000000ebf00000, 0x00000000ebf00000| Untracked 
| 192|0x00000000ec000000, 0x00000000ec000000, 0x00000000ec100000|  0%| F|  |TAMS 0x00000000ec000000, 0x00000000ec000000| Untracked 
| 193|0x00000000ec100000, 0x00000000ec100000, 0x00000000ec200000|  0%| F|  |TAMS 0x00000000ec100000, 0x00000000ec100000| Untracked 
| 194|0x00000000ec200000, 0x00000000ec200000, 0x00000000ec300000|  0%| F|  |TAMS 0x00000000ec200000, 0x00000000ec200000| Untracked 
| 195|0x00000000ec300000, 0x00000000ec300000, 0x00000000ec400000|  0%| F|  |TAMS 0x00000000ec300000, 0x00000000ec300000| Untracked 
| 196|0x00000000ec400000, 0x00000000ec400000, 0x00000000ec500000|  0%| F|  |TAMS 0x00000000ec400000, 0x00000000ec400000| Untracked 
| 197|0x00000000ec500000, 0x00000000ec500000, 0x00000000ec600000|  0%| F|  |TAMS 0x00000000ec500000, 0x00000000ec500000| Untracked 
| 198|0x00000000ec600000, 0x00000000ec600000, 0x00000000ec700000|  0%| F|  |TAMS 0x00000000ec600000, 0x00000000ec600000| Untracked 
| 199|0x00000000ec700000, 0x00000000ec700000, 0x00000000ec800000|  0%| F|  |TAMS 0x00000000ec700000, 0x00000000ec700000| Untracked 
| 200|0x00000000ec800000, 0x00000000ec800000, 0x00000000ec900000|  0%| F|  |TAMS 0x00000000ec800000, 0x00000000ec800000| Untracked 
| 201|0x00000000ec900000, 0x00000000ec900000, 0x00000000eca00000|  0%| F|  |TAMS 0x00000000ec900000, 0x00000000ec900000| Untracked 
| 202|0x00000000eca00000, 0x00000000eca00000, 0x00000000ecb00000|  0%| F|  |TAMS 0x00000000eca00000, 0x00000000eca00000| Untracked 
| 203|0x00000000ecb00000, 0x00000000ecb00000, 0x00000000ecc00000|  0%| F|  |TAMS 0x00000000ecb00000, 0x00000000ecb00000| Untracked 
| 204|0x00000000ecc00000, 0x00000000ecc00000, 0x00000000ecd00000|  0%| F|  |TAMS 0x00000000ecc00000, 0x00000000ecc00000| Untracked 
| 205|0x00000000ecd00000, 0x00000000ecd00000, 0x00000000ece00000|  0%| F|  |TAMS 0x00000000ecd00000, 0x00000000ecd00000| Untracked 
| 206|0x00000000ece00000, 0x00000000ece00000, 0x00000000ecf00000|  0%| F|  |TAMS 0x00000000ece00000, 0x00000000ece00000| Untracked 
| 207|0x00000000ecf00000, 0x00000000ecf00000, 0x00000000ed000000|  0%| F|  |TAMS 0x00000000ecf00000, 0x00000000ecf00000| Untracked 
| 208|0x00000000ed000000, 0x00000000ed000000, 0x00000000ed100000|  0%| F|  |TAMS 0x00000000ed000000, 0x00000000ed000000| Untracked 
| 209|0x00000000ed100000, 0x00000000ed100000, 0x00000000ed200000|  0%| F|  |TAMS 0x00000000ed100000, 0x00000000ed100000| Untracked 
| 210|0x00000000ed200000, 0x00000000ed200000, 0x00000000ed300000|  0%| F|  |TAMS 0x00000000ed200000, 0x00000000ed200000| Untracked 
| 211|0x00000000ed300000, 0x00000000ed300000, 0x00000000ed400000|  0%| F|  |TAMS 0x00000000ed300000, 0x00000000ed300000| Untracked 
| 212|0x00000000ed400000, 0x00000000ed400000, 0x00000000ed500000|  0%| F|  |TAMS 0x00000000ed400000, 0x00000000ed400000| Untracked 
| 213|0x00000000ed500000, 0x00000000ed500000, 0x00000000ed600000|  0%| F|  |TAMS 0x00000000ed500000, 0x00000000ed500000| Untracked 
| 214|0x00000000ed600000, 0x00000000ed600000, 0x00000000ed700000|  0%| F|  |TAMS 0x00000000ed600000, 0x00000000ed600000| Untracked 
| 215|0x00000000ed700000, 0x00000000ed700000, 0x00000000ed800000|  0%| F|  |TAMS 0x00000000ed700000, 0x00000000ed700000| Untracked 
| 216|0x00000000ed800000, 0x00000000ed800000, 0x00000000ed900000|  0%| F|  |TAMS 0x00000000ed800000, 0x00000000ed800000| Untracked 
| 217|0x00000000ed900000, 0x00000000ed900000, 0x00000000eda00000|  0%| F|  |TAMS 0x00000000ed900000, 0x00000000ed900000| Untracked 
| 218|0x00000000eda00000, 0x00000000eda00000, 0x00000000edb00000|  0%| F|  |TAMS 0x00000000eda00000, 0x00000000eda00000| Untracked 
| 219|0x00000000edb00000, 0x00000000edb00000, 0x00000000edc00000|  0%| F|  |TAMS 0x00000000edb00000, 0x00000000edb00000| Untracked 
| 220|0x00000000edc00000, 0x00000000edc00000, 0x00000000edd00000|  0%| F|  |TAMS 0x00000000edc00000, 0x00000000edc00000| Untracked 
| 221|0x00000000edd00000, 0x00000000edd00000, 0x00000000ede00000|  0%| F|  |TAMS 0x00000000edd00000, 0x00000000edd00000| Untracked 
| 222|0x00000000ede00000, 0x00000000ede00000, 0x00000000edf00000|  0%| F|  |TAMS 0x00000000ede00000, 0x00000000ede00000| Untracked 
| 223|0x00000000edf00000, 0x00000000edf00000, 0x00000000ee000000|  0%| F|  |TAMS 0x00000000edf00000, 0x00000000edf00000| Untracked 
| 224|0x00000000ee000000, 0x00000000ee000000, 0x00000000ee100000|  0%| F|  |TAMS 0x00000000ee000000, 0x00000000ee000000| Untracked 
| 225|0x00000000ee100000, 0x00000000ee100000, 0x00000000ee200000|  0%| F|  |TAMS 0x00000000ee100000, 0x00000000ee100000| Untracked 
| 226|0x00000000ee200000, 0x00000000ee200000, 0x00000000ee300000|  0%| F|  |TAMS 0x00000000ee200000, 0x00000000ee200000| Untracked 
| 227|0x00000000ee300000, 0x00000000ee300000, 0x00000000ee400000|  0%| F|  |TAMS 0x00000000ee300000, 0x00000000ee300000| Untracked 
| 228|0x00000000ee400000, 0x00000000ee400000, 0x00000000ee500000|  0%| F|  |TAMS 0x00000000ee400000, 0x00000000ee400000| Untracked 
| 229|0x00000000ee500000, 0x00000000ee500000, 0x00000000ee600000|  0%| F|  |TAMS 0x00000000ee500000, 0x00000000ee500000| Untracked 
| 230|0x00000000ee600000, 0x00000000ee600000, 0x00000000ee700000|  0%| F|  |TAMS 0x00000000ee600000, 0x00000000ee600000| Untracked 
| 231|0x00000000ee700000, 0x00000000ee700000, 0x00000000ee800000|  0%| F|  |TAMS 0x00000000ee700000, 0x00000000ee700000| Untracked 
| 232|0x00000000ee800000, 0x00000000ee800000, 0x00000000ee900000|  0%| F|  |TAMS 0x00000000ee800000, 0x00000000ee800000| Untracked 
| 233|0x00000000ee900000, 0x00000000ee900000, 0x00000000eea00000|  0%| F|  |TAMS 0x00000000ee900000, 0x00000000ee900000| Untracked 
| 234|0x00000000eea00000, 0x00000000eea00000, 0x00000000eeb00000|  0%| F|  |TAMS 0x00000000eea00000, 0x00000000eea00000| Untracked 
| 235|0x00000000eeb00000, 0x00000000eeb00000, 0x00000000eec00000|  0%| F|  |TAMS 0x00000000eeb00000, 0x00000000eeb00000| Untracked 
| 236|0x00000000eec00000, 0x00000000eec00000, 0x00000000eed00000|  0%| F|  |TAMS 0x00000000eec00000, 0x00000000eec00000| Untracked 
| 237|0x00000000eed00000, 0x00000000eed00000, 0x00000000eee00000|  0%| F|  |TAMS 0x00000000eed00000, 0x00000000eed00000| Untracked 
| 238|0x00000000eee00000, 0x00000000eee00000, 0x00000000eef00000|  0%| F|  |TAMS 0x00000000eee00000, 0x00000000eee00000| Untracked 
| 239|0x00000000eef00000, 0x00000000eef00000, 0x00000000ef000000|  0%| F|  |TAMS 0x00000000eef00000, 0x00000000eef00000| Untracked 
| 240|0x00000000ef000000, 0x00000000ef000000, 0x00000000ef100000|  0%| F|  |TAMS 0x00000000ef000000, 0x00000000ef000000| Untracked 
| 241|0x00000000ef100000, 0x00000000ef100000, 0x00000000ef200000|  0%| F|  |TAMS 0x00000000ef100000, 0x00000000ef100000| Untracked 
| 242|0x00000000ef200000, 0x00000000ef200000, 0x00000000ef300000|  0%| F|  |TAMS 0x00000000ef200000, 0x00000000ef200000| Untracked 
| 243|0x00000000ef300000, 0x00000000ef300000, 0x00000000ef400000|  0%| F|  |TAMS 0x00000000ef300000, 0x00000000ef300000| Untracked 
| 244|0x00000000ef400000, 0x00000000ef400000, 0x00000000ef500000|  0%| F|  |TAMS 0x00000000ef400000, 0x00000000ef400000| Untracked 
| 245|0x00000000ef500000, 0x00000000ef500000, 0x00000000ef600000|  0%| F|  |TAMS 0x00000000ef500000, 0x00000000ef500000| Untracked 
| 246|0x00000000ef600000, 0x00000000ef600000, 0x00000000ef700000|  0%| F|  |TAMS 0x00000000ef600000, 0x00000000ef600000| Untracked 
| 247|0x00000000ef700000, 0x00000000ef700000, 0x00000000ef800000|  0%| F|  |TAMS 0x00000000ef700000, 0x00000000ef700000| Untracked 
| 248|0x00000000ef800000, 0x00000000ef800000, 0x00000000ef900000|  0%| F|  |TAMS 0x00000000ef800000, 0x00000000ef800000| Untracked 
| 249|0x00000000ef900000, 0x00000000ef900000, 0x00000000efa00000|  0%| F|  |TAMS 0x00000000ef900000, 0x00000000ef900000| Untracked 
| 250|0x00000000efa00000, 0x00000000efa80800, 0x00000000efb00000| 50%| E|  |TAMS 0x00000000efa00000, 0x00000000efa00000| Complete 
| 251|0x00000000efb00000, 0x00000000efc00000, 0x00000000efc00000|100%| E|CS|TAMS 0x00000000efb00000, 0x00000000efb00000| Complete 
| 252|0x00000000efc00000, 0x00000000efd00000, 0x00000000efd00000|100%| E|CS|TAMS 0x00000000efc00000, 0x00000000efc00000| Complete 
| 253|0x00000000efd00000, 0x00000000efe00000, 0x00000000efe00000|100%| E|CS|TAMS 0x00000000efd00000, 0x00000000efd00000| Complete 
| 254|0x00000000efe00000, 0x00000000eff00000, 0x00000000eff00000|100%| E|CS|TAMS 0x00000000efe00000, 0x00000000efe00000| Complete 
| 255|0x00000000eff00000, 0x00000000f0000000, 0x00000000f0000000|100%| E|CS|TAMS 0x00000000eff00000, 0x00000000eff00000| Complete 

Card table byte_map: [0x000002a7eed90000,0x000002a7eee90000] _byte_map_base: 0x000002a7ee690000

Marking Bits (Prev, Next): (CMBitMap*) 0x000002a7d621b440, (CMBitMap*) 0x000002a7d621b480
 Prev Bits: [0x000002a7eef90000, 0x000002a7ef790000)
 Next Bits: [0x000002a7ef790000, 0x000002a7eff90000)

Polling page: 0x000002a7d6070000

Metaspace:

Usage:
  Non-class:     17.31 MB used.
      Class:      2.97 MB used.
       Both:     20.28 MB used.

Virtual space:
  Non-class space:       24.00 MB reserved,      17.50 MB ( 73%) committed,  3 nodes.
      Class space:      308.00 MB reserved,       3.12 MB (  1%) committed,  1 nodes.
             Both:      332.00 MB reserved,      20.62 MB (  6%) committed. 

Chunk freelists:
   Non-Class:  1.61 MB
       Class:  912.00 KB
        Both:  2.50 MB

MaxMetaspaceSize: 384.00 MB
CompressedClassSpaceSize: 308.00 MB
Initial GC threshold: 21.00 MB
Current GC threshold: 21.00 MB
CDS: on
MetaspaceReclaimPolicy: balanced
 - commit_granule_bytes: 65536.
 - commit_granule_words: 8192.
 - virtual_space_node_default_size: 1048576.
 - enlarge_chunks_in_place: 1.
 - new_chunks_are_fully_committed: 0.
 - uncommit_free_chunks: 1.
 - use_allocation_guard: 0.
 - handle_deallocations: 1.


Internal statistics:

num_allocs_failed_limit: 0.
num_arena_births: 260.
num_arena_deaths: 0.
num_vsnodes_births: 4.
num_vsnodes_deaths: 0.
num_space_committed: 330.
num_space_uncommitted: 0.
num_chunks_returned_to_freelist: 0.
num_chunks_taken_from_freelist: 1018.
num_chunk_merges: 0.
num_chunk_splits: 655.
num_chunks_enlarged: 459.
num_purges: 0.
num_inconsistent_stats: 0.

CodeHeap 'non-profiled nmethods': size=120000Kb used=1312Kb max_used=1312Kb free=118687Kb
 bounds [0x000002a7e6cf0000, 0x000002a7e6f60000, 0x000002a7ee220000]
CodeHeap 'profiled nmethods': size=120000Kb used=5566Kb max_used=5566Kb free=114433Kb
 bounds [0x000002a7df220000, 0x000002a7df790000, 0x000002a7e6750000]
CodeHeap 'non-nmethods': size=5760Kb used=1249Kb max_used=1294Kb free=4511Kb
 bounds [0x000002a7e6750000, 0x000002a7e69c0000, 0x000002a7e6cf0000]
 total_blobs=3248 nmethods=2704 adapters=456
 compilation: enabled
              stopped_count=0, restarted_count=0
 full_count=0

Compilation events (20 events):
Event: 4.028 Thread 0x000002a7f29de620 2683       3       jdk.internal.org.objectweb.asm.SymbolTable::putBootstrapMethods (56 bytes)
Event: 4.028 Thread 0x000002a7f29de620 nmethod 2683 0x000002a7df777c90 code [0x000002a7df777e80, 0x000002a7df778188]
Event: 4.030 Thread 0x000002a7f29de620 2685       3       java.util.stream.StreamOpFlag::isKnown (19 bytes)
Event: 4.030 Thread 0x000002a7f29de620 nmethod 2685 0x000002a7df778390 code [0x000002a7df778520, 0x000002a7df778698]
Event: 4.030 Thread 0x000002a7f29de620 2684       1       java.util.stream.ReferencePipeline$StatelessOp::opIsStateful (2 bytes)
Event: 4.030 Thread 0x000002a7f29de620 nmethod 2684 0x000002a7e6e37f90 code [0x000002a7e6e38120, 0x000002a7e6e381f8]
Event: 4.033 Thread 0x000002a7f29de620 2686       3       org.gradle.internal.hash.Hashing$MessageDigestHasher::getDigest (22 bytes)
Event: 4.033 Thread 0x000002a7f29de620 nmethod 2686 0x000002a7df778710 code [0x000002a7df7788c0, 0x000002a7df778ae8]
Event: 4.033 Thread 0x000002a7f29de620 2688       3       java.lang.Enum::hashCode (5 bytes)
Event: 4.033 Thread 0x000002a7f29de620 nmethod 2688 0x000002a7df778c10 code [0x000002a7df778da0, 0x000002a7df778ee8]
Event: 4.033 Thread 0x000002a7f29de620 2687       3       java.util.stream.ReferencePipeline$3$1::accept (23 bytes)
Event: 4.033 Thread 0x000002a7f29de620 nmethod 2687 0x000002a7df778f90 code [0x000002a7df779140, 0x000002a7df7793f8]
Event: 4.033 Thread 0x000002a7f29de620 2689       3       com.google.common.collect.ImmutableSet$RegularSetBuilderImpl::add (68 bytes)
Event: 4.034 Thread 0x000002a7f29de620 nmethod 2689 0x000002a7df779510 code [0x000002a7df779720, 0x000002a7df779c38]
Event: 4.034 Thread 0x000002a7f29de620 2690       3       com.google.common.collect.ImmutableSet$SetBuilderImpl::addDedupedElement (28 bytes)
Event: 4.034 Thread 0x000002a7f29de620 nmethod 2690 0x000002a7df779e90 code [0x000002a7df77a060, 0x000002a7df77a558]
Event: 4.037 Thread 0x000002a7f29de620 2691       3       java.lang.Module::canRead (86 bytes)
Event: 4.039 Thread 0x000002a7f29de620 nmethod 2691 0x000002a7df77a790 code [0x000002a7df77ab40, 0x000002a7df77c668]
Event: 4.043 Thread 0x000002a7f29de620 2692       3       java.lang.PublicMethods$Key::hashCode (19 bytes)
Event: 4.043 Thread 0x000002a7f29de620 nmethod 2692 0x000002a7df77cd10 code [0x000002a7df77cec0, 0x000002a7df77d058]

GC Heap History (6 events):
Event: 0.683 GC heap before
{Heap before GC invocations=0 (full 0):
 garbage-first heap   total 262144K, used 26624K [0x00000000e0000000, 0x0000000100000000)
  region size 1024K, 23 young (23552K), 0 survivors (0K)
 Metaspace       used 1978K, committed 2176K, reserved 323584K
  class space    used 206K, committed 320K, reserved 315392K
}
Event: 0.687 GC heap after
{Heap after GC invocations=1 (full 0):
 garbage-first heap   total 262144K, used 11743K [0x00000000e0000000, 0x0000000100000000)
  region size 1024K, 3 young (3072K), 3 survivors (3072K)
 Metaspace       used 1978K, committed 2176K, reserved 323584K
  class space    used 206K, committed 320K, reserved 315392K
}
Event: 1.328 GC heap before
{Heap before GC invocations=1 (full 0):
 garbage-first heap   total 262144K, used 39391K [0x00000000e0000000, 0x0000000100000000)
  region size 1024K, 30 young (30720K), 3 survivors (3072K)
 Metaspace       used 4064K, committed 4224K, reserved 323584K
  class space    used 507K, committed 640K, reserved 315392K
}
Event: 1.331 GC heap after
{Heap after GC invocations=2 (full 0):
 garbage-first heap   total 262144K, used 12571K [0x00000000e0000000, 0x0000000100000000)
  region size 1024K, 2 young (2048K), 2 survivors (2048K)
 Metaspace       used 4064K, committed 4224K, reserved 323584K
  class space    used 507K, committed 640K, reserved 315392K
}
Event: 3.998 GC heap before
{Heap before GC invocations=2 (full 0):
 garbage-first heap   total 262144K, used 137499K [0x00000000e0000000, 0x0000000100000000)
  region size 1024K, 122 young (124928K), 2 survivors (2048K)
 Metaspace       used 20091K, committed 20416K, reserved 339968K
  class space    used 2926K, committed 3072K, reserved 315392K
}
Event: 4.008 GC heap after
{Heap after GC invocations=3 (full 0):
 garbage-first heap   total 262144K, used 23777K [0x00000000e0000000, 0x0000000100000000)
  region size 1024K, 12 young (12288K), 12 survivors (12288K)
 Metaspace       used 20091K, committed 20416K, reserved 339968K
  class space    used 2926K, committed 3072K, reserved 315392K
}

Deoptimization events (20 events):
Event: 3.310 Thread 0x000002a7f4f68c50 DEOPT PACKING pc=0x000002a7e6d88024 sp=0x000000adca7fd990
Event: 3.310 Thread 0x000002a7f4f68c50 DEOPT UNPACKING pc=0x000002a7e67a5ba3 sp=0x000000adca7fd8c0 mode 2
Event: 3.310 Thread 0x000002a7f4f68c50 Uncommon trap: trap_request=0xffffff45 fr.pc=0x000002a7e6db68ac relative=0x000000000000048c
Event: 3.310 Thread 0x000002a7f4f68c50 Uncommon trap: reason=unstable_if action=reinterpret pc=0x000002a7e6db68ac method=java.lang.String.substring(II)Ljava/lang/String; @ 31 c2
Event: 3.310 Thread 0x000002a7f4f68c50 DEOPT PACKING pc=0x000002a7e6db68ac sp=0x000000adca7fd950
Event: 3.311 Thread 0x000002a7f4f68c50 DEOPT UNPACKING pc=0x000002a7e67a5ba3 sp=0x000000adca7fd8b0 mode 2
Event: 3.312 Thread 0x000002a7f4f68c50 Uncommon trap: trap_request=0xffffff45 fr.pc=0x000002a7e6d2b7c0 relative=0x00000000000004a0
Event: 3.312 Thread 0x000002a7f4f68c50 Uncommon trap: reason=unstable_if action=reinterpret pc=0x000002a7e6d2b7c0 method=java.lang.String.substring(II)Ljava/lang/String; @ 31 c2
Event: 3.312 Thread 0x000002a7f4f68c50 DEOPT PACKING pc=0x000002a7e6d2b7c0 sp=0x000000adca7fd840
Event: 3.312 Thread 0x000002a7f4f68c50 DEOPT UNPACKING pc=0x000002a7e67a5ba3 sp=0x000000adca7fd810 mode 2
Event: 3.719 Thread 0x000002a7f4f68c50 DEOPT PACKING pc=0x000002a7df5d1efe sp=0x000000adca7fb2e0
Event: 3.719 Thread 0x000002a7f4f68c50 DEOPT UNPACKING pc=0x000002a7e67a66e3 sp=0x000000adca7fa750 mode 0
Event: 3.923 Thread 0x000002a7f4f68c50 Uncommon trap: trap_request=0xffffff45 fr.pc=0x000002a7e6d2a270 relative=0x0000000000000910
Event: 3.923 Thread 0x000002a7f4f68c50 Uncommon trap: reason=unstable_if action=reinterpret pc=0x000002a7e6d2a270 method=java.lang.String.toLowerCase(Ljava/util/Locale;)Ljava/lang/String; @ 4 c2
Event: 3.923 Thread 0x000002a7f4f68c50 DEOPT PACKING pc=0x000002a7e6d2a270 sp=0x000000adca7f8c30
Event: 3.923 Thread 0x000002a7f4f68c50 DEOPT UNPACKING pc=0x000002a7e67a5ba3 sp=0x000000adca7f8b48 mode 2
Event: 3.995 Thread 0x000002a7f4f68c50 Uncommon trap: trap_request=0xffffff45 fr.pc=0x000002a7e6d20354 relative=0x0000000000000154
Event: 3.995 Thread 0x000002a7f4f68c50 Uncommon trap: reason=unstable_if action=reinterpret pc=0x000002a7e6d20354 method=java.lang.String.indexOf(II)I @ 4 c2
Event: 3.995 Thread 0x000002a7f4f68c50 DEOPT PACKING pc=0x000002a7e6d20354 sp=0x000000adca7f8ef0
Event: 3.995 Thread 0x000002a7f4f68c50 DEOPT UNPACKING pc=0x000002a7e67a5ba3 sp=0x000000adca7f8e20 mode 2

Classes unloaded (0 events):
No events

Classes redefined (0 events):
No events

Internal exceptions (20 events):
Event: 2.969 Thread 0x000002a7f4f68c50 Exception <a 'java/lang/NoSuchMethodError'{0x00000000eb6b2e78}: 'void java.lang.invoke.DirectMethodHandle$Holder.invokeStaticInit(java.lang.Object)'> (0x00000000eb6b2e78) 
thrown [s\open\src\hotspot\share\interpreter\linkResolver.cpp, line 759]
Event: 2.979 Thread 0x000002a7f4f68c50 Exception <a 'java/lang/NoSuchMethodError'{0x00000000eb564a48}: 'java.lang.Object java.lang.invoke.DirectMethodHandle$Holder.newInvokeSpecial(java.lang.Object, java.lang.Object, java.lang.Object, int)'> (0x00000000eb564a48) 
thrown [s\open\src\hotspot\share\interpreter\linkResolver.cpp, line 759]
Event: 2.980 Thread 0x000002a7f4f68c50 Exception <a 'java/lang/NoSuchMethodError'{0x00000000eb569378}: 'java.lang.Object java.lang.invoke.DirectMethodHandle$Holder.invokeSpecial(java.lang.Object, java.lang.Object, java.lang.Object, java.lang.Object, int)'> (0x00000000eb569378) 
thrown [s\open\src\hotspot\share\interpreter\linkResolver.cpp, line 759]
Event: 2.980 Thread 0x000002a7f4f68c50 Exception <a 'java/lang/NoSuchMethodError'{0x00000000eb56d490}: 'java.lang.Object java.lang.invoke.Invokers$Holder.linkToTargetMethod(java.lang.Object, java.lang.Object, int, java.lang.Object)'> (0x00000000eb56d490) 
thrown [s\open\src\hotspot\share\interpreter\linkResolver.cpp, line 759]
Event: 3.157 Thread 0x000002a7f4f68c50 Exception <a 'java/lang/NoSuchMethodError'{0x00000000eaf2c430}: 'int java.lang.invoke.DirectMethodHandle$Holder.invokeVirtual(java.lang.Object, java.lang.Object, java.lang.Object)'> (0x00000000eaf2c430) 
thrown [s\open\src\hotspot\share\interpreter\linkResolver.cpp, line 759]
Event: 3.175 Thread 0x000002a7f4f68c50 Exception <a 'java/lang/NoSuchMethodError'{0x00000000eae366e8}: 'int java.lang.invoke.DirectMethodHandle$Holder.invokeSpecialIFC(java.lang.Object, java.lang.Object, java.lang.Object, java.lang.Object)'> (0x00000000eae366e8) 
thrown [s\open\src\hotspot\share\interpreter\linkResolver.cpp, line 759]
Event: 3.178 Thread 0x000002a7f4f68c50 Exception <a 'java/lang/NoSuchMethodError'{0x00000000eae45558}: 'java.lang.Object java.lang.invoke.DirectMethodHandle$Holder.invokeInterface(java.lang.Object, java.lang.Object, java.lang.Object)'> (0x00000000eae45558) 
thrown [s\open\src\hotspot\share\interpreter\linkResolver.cpp, line 759]
Event: 3.178 Thread 0x000002a7f4f68c50 Exception <a 'java/lang/IncompatibleClassChangeError'{0x00000000eae49170}: Found class java.lang.Object, but interface was expected> (0x00000000eae49170) 
thrown [s\open\src\hotspot\share\interpreter\linkResolver.cpp, line 826]
Event: 3.205 Thread 0x000002a7f4f68c50 Exception <a 'java/lang/NoSuchMethodError'{0x00000000eac34200}: 'int java.lang.invoke.DirectMethodHandle$Holder.invokeStatic(java.lang.Object, java.lang.Object, java.lang.Object, java.lang.Object)'> (0x00000000eac34200) 
thrown [s\open\src\hotspot\share\interpreter\linkResolver.cpp, line 759]
Event: 3.205 Thread 0x000002a7f4f68c50 Exception <a 'java/lang/NoSuchMethodError'{0x00000000eac37e28}: 'java.lang.Object java.lang.invoke.Invokers$Holder.invokeExact_MT(java.lang.Object, java.lang.Object, java.lang.Object, java.lang.Object, java.lang.Object, java.lang.Object)'> (0x00000000eac37e28) 
thrown [s\open\src\hotspot\share\interpreter\linkResolver.cpp, line 759]
Event: 3.254 Thread 0x000002a7f4f68c50 Exception <a 'java/lang/IncompatibleClassChangeError'{0x00000000eaae4498}: Found class java.lang.Object, but interface was expected> (0x00000000eaae4498) 
thrown [s\open\src\hotspot\share\interpreter\linkResolver.cpp, line 826]
Event: 3.708 Thread 0x000002a7f4f68c50 Exception <a 'java/lang/NoSuchMethodError'{0x00000000e928d940}: 'java.lang.Object java.lang.invoke.DirectMethodHandle$Holder.invokeVirtual(java.lang.Object, java.lang.Object, java.lang.Object, java.lang.Object)'> (0x00000000e928d940) 
thrown [s\open\src\hotspot\share\interpreter\linkResolver.cpp, line 759]
Event: 3.740 Thread 0x000002a7f4f68c50 Exception <a 'java/lang/NoSuchMethodError'{0x00000000e91ebdc8}: 'java.lang.Object java.lang.invoke.DirectMethodHandle$Holder.newInvokeSpecial(java.lang.Object, java.lang.Object, java.lang.Object, java.lang.Object, java.lang.Object, java.lang.Object, java.lang.Object)'> (0x00000000e91ebdc8) 
thrown [s\open\src\hotspot\share\interpreter\linkResolver.cpp, line 759]
Event: 3.740 Thread 0x000002a7f4f68c50 Exception <a 'java/lang/NoSuchMethodError'{0x00000000e91f0a98}: 'java.lang.Object java.lang.invoke.Invokers$Holder.linkToTargetMethod(java.lang.Object, java.lang.Object, java.lang.Object, java.lang.Object, java.lang.Object, java.lang.Object, java.lang.Object)'> (0x00000000e91f0a98) 
thrown [s\open\src\hotspot\share\interpreter\linkResolver.cpp, line 759]
Event: 3.771 Thread 0x000002a7f4f68c50 Exception <a 'java/lang/NoSuchMethodError'{0x00000000e8f50a98}: 'java.lang.Object java.lang.invoke.DirectMethodHandle$Holder.invokeVirtual(java.lang.Object, java.lang.Object, java.lang.Object, java.lang.Object, java.lang.Object, java.lang.Object, java.lang.Object, java.lang.Object, java.lang.Object, java.lang.Object, java.lang.Object, java.lang.Object, java.lang.Object, java.lang.Object, java.lang.Object, java.lang.Object, java.lang.Object, java.lang.Object, java.lang.Object, java.lang.Object, java.lang.Ob
Event: 3.986 Thread 0x000002a7f4f68c50 Exception <a 'java/lang/NoSuchMethodError'{0x00000000e8647c10}: 'java.lang.Object java.lang.invoke.DirectMethodHandle$Holder.invokeStaticInit(java.lang.Object, java.lang.Object, java.lang.Object, java.lang.Object)'> (0x00000000e8647c10) 
thrown [s\open\src\hotspot\share\interpreter\linkResolver.cpp, line 759]
Event: 4.015 Thread 0x000002a7f4f68c50 Exception <a 'java/lang/NoSuchMethodError'{0x00000000eff877e8}: 'java.lang.Object java.lang.invoke.DirectMethodHandle$Holder.newInvokeSpecial(java.lang.Object, java.lang.Object, java.lang.Object, java.lang.Object, java.lang.Object, java.lang.Object, java.lang.Object, java.lang.Object)'> (0x00000000eff877e8) 
thrown [s\open\src\hotspot\share\interpreter\linkResolver.cpp, line 759]
Event: 4.015 Thread 0x000002a7f4f68c50 Exception <a 'java/lang/NoSuchMethodError'{0x00000000eff8d1f0}: 'java.lang.Object java.lang.invoke.DirectMethodHandle$Holder.invokeSpecial(java.lang.Object, java.lang.Object, java.lang.Object, java.lang.Object, java.lang.Object, java.lang.Object, java.lang.Object, java.lang.Object, java.lang.Object)'> (0x00000000eff8d1f0) 
thrown [s\open\src\hotspot\share\interpreter\linkResolver.cpp, line 759]
Event: 4.016 Thread 0x000002a7f4f68c50 Exception <a 'java/lang/NoSuchMethodError'{0x00000000eff925a0}: 'java.lang.Object java.lang.invoke.Invokers$Holder.linkToTargetMethod(java.lang.Object, java.lang.Object, java.lang.Object, java.lang.Object, java.lang.Object, java.lang.Object, java.lang.Object, java.lang.Object)'> (0x00000000eff925a0) 
thrown [s\open\src\hotspot\share\interpreter\linkResolver.cpp, line 759]
Event: 4.022 Thread 0x000002a7f4f68c50 Exception <a 'java/lang/NoSuchMethodError'{0x00000000efe11188}: 'void java.lang.invoke.DirectMethodHandle$Holder.invokeStatic(java.lang.Object, java.lang.Object, java.lang.Object, java.lang.Object)'> (0x00000000efe11188) 
thrown [s\open\src\hotspot\share\interpreter\linkResolver.cpp, line 759]

VM Operations (20 events):
Event: 2.516 Executing VM operation: HandshakeAllThreads
Event: 2.516 Executing VM operation: HandshakeAllThreads done
Event: 2.516 Executing VM operation: Cleanup
Event: 2.516 Executing VM operation: Cleanup done
Event: 2.572 Executing VM operation: HandshakeAllThreads
Event: 2.572 Executing VM operation: HandshakeAllThreads done
Event: 2.858 Executing VM operation: HandshakeAllThreads
Event: 2.858 Executing VM operation: HandshakeAllThreads done
Event: 3.144 Executing VM operation: HandshakeAllThreads
Event: 3.144 Executing VM operation: HandshakeAllThreads done
Event: 3.144 Executing VM operation: HandshakeAllThreads
Event: 3.144 Executing VM operation: HandshakeAllThreads done
Event: 3.205 Executing VM operation: ICBufferFull
Event: 3.205 Executing VM operation: ICBufferFull done
Event: 3.245 Executing VM operation: HandshakeAllThreads
Event: 3.245 Executing VM operation: HandshakeAllThreads done
Event: 3.246 Executing VM operation: HandshakeAllThreads
Event: 3.246 Executing VM operation: HandshakeAllThreads done
Event: 3.998 Executing VM operation: G1CollectForAllocation
Event: 4.008 Executing VM operation: G1CollectForAllocation done

Events (20 events):
Event: 3.275 loading class java/util/Collections$2
Event: 3.276 loading class java/util/Collections$2 done
Event: 3.373 loading class java/util/function/LongFunction
Event: 3.373 loading class java/util/function/LongFunction done
Event: 3.394 Thread 0x000002a7f4d29550 Thread added: 0x000002a7f4d29550
Event: 3.408 loading class java/security/InvalidKeyException
Event: 3.408 loading class java/security/KeyException
Event: 3.408 loading class java/security/KeyException done
Event: 3.408 loading class java/security/InvalidKeyException done
Event: 3.694 loading class javax/xml/parsers/ParserConfigurationException
Event: 3.695 loading class javax/xml/parsers/ParserConfigurationException done
Event: 3.695 loading class org/xml/sax/SAXException
Event: 3.695 loading class org/xml/sax/SAXException done
Event: 3.695 loading class javax/xml/xpath/XPathExpressionException
Event: 3.695 loading class javax/xml/xpath/XPathException
Event: 3.695 loading class javax/xml/xpath/XPathException done
Event: 3.695 loading class javax/xml/xpath/XPathExpressionException done
Event: 3.695 loading class org/xml/sax/ErrorHandler
Event: 3.695 loading class org/xml/sax/ErrorHandler done
Event: 3.924 Thread 0x000002a7f4d26060 Thread added: 0x000002a7f4d26060


Dynamic libraries:
0x00007ff70c850000 - 0x00007ff70c860000 	C:\Program Files\Java\jdk-17\bin\java.exe
0x00007ffa22a30000 - 0x00007ffa22c28000 	C:\Windows\SYSTEM32\ntdll.dll
0x00007ffa20d30000 - 0x00007ffa20df2000 	C:\Windows\System32\KERNEL32.DLL
0x00007ffa20540000 - 0x00007ffa2083f000 	C:\Windows\System32\KERNELBASE.dll
0x00007ffa200d0000 - 0x00007ffa201d0000 	C:\Windows\System32\ucrtbase.dll
0x00007ffa08dd0000 - 0x00007ffa08deb000 	C:\Program Files\Java\jdk-17\bin\VCRUNTIME140.dll
0x00007ffa0d150000 - 0x00007ffa0d169000 	C:\Program Files\Java\jdk-17\bin\jli.dll
0x00007ffa20f10000 - 0x00007ffa20fbf000 	C:\Windows\System32\ADVAPI32.dll
0x00007ffa222b0000 - 0x00007ffa2234e000 	C:\Windows\System32\msvcrt.dll
0x00007ffa22580000 - 0x00007ffa2261f000 	C:\Windows\System32\sechost.dll
0x00007ffa20c00000 - 0x00007ffa20d23000 	C:\Windows\System32\RPCRT4.dll
0x00007ffa208c0000 - 0x00007ffa208e7000 	C:\Windows\System32\bcrypt.dll
0x00007ffa22630000 - 0x00007ffa227cd000 	C:\Windows\System32\USER32.dll
0x00007ffa20840000 - 0x00007ffa20862000 	C:\Windows\System32\win32u.dll
0x00007ffa212c0000 - 0x00007ffa212eb000 	C:\Windows\System32\GDI32.dll
0x00007ffa20420000 - 0x00007ffa2053a000 	C:\Windows\System32\gdi32full.dll
0x00007ffa20380000 - 0x00007ffa2041d000 	C:\Windows\System32\msvcp_win.dll
0x00007ffa1f580000 - 0x00007ffa1f81a000 	C:\Windows\WinSxS\amd64_microsoft.windows.common-controls_6595b64144ccf1df_6.0.19041.4355_none_60b8b9eb71f62e16\COMCTL32.dll
0x00007ffa1e5b0000 - 0x00007ffa1e5ba000 	C:\Windows\SYSTEM32\VERSION.dll
0x00007ffa22350000 - 0x00007ffa2237f000 	C:\Windows\System32\IMM32.DLL
0x00007ffa0f2d0000 - 0x00007ffa0f2dc000 	C:\Program Files\Java\jdk-17\bin\vcruntime140_1.dll
0x00007ff9e3320000 - 0x00007ff9e33ae000 	C:\Program Files\Java\jdk-17\bin\msvcp140.dll
0x00007ff9b5f20000 - 0x00007ff9b6afd000 	C:\Program Files\Java\jdk-17\bin\server\jvm.dll
0x00007ffa22620000 - 0x00007ffa22628000 	C:\Windows\System32\PSAPI.DLL
0x00007ff9fc150000 - 0x00007ff9fc159000 	C:\Windows\SYSTEM32\WSOCK32.dll
0x00007ffa07790000 - 0x00007ffa077b7000 	C:\Windows\SYSTEM32\WINMM.dll
0x00007ffa22490000 - 0x00007ffa224fb000 	C:\Windows\System32\WS2_32.dll
0x00007ffa1da90000 - 0x00007ffa1daa2000 	C:\Windows\SYSTEM32\kernel.appcore.dll
0x00007ffa0f2a0000 - 0x00007ffa0f2aa000 	C:\Program Files\Java\jdk-17\bin\jimage.dll
0x00007ffa1fa50000 - 0x00007ffa1fc34000 	C:\Windows\SYSTEM32\DBGHELP.DLL
0x00007ffa1fa10000 - 0x00007ffa1fa44000 	C:\Windows\SYSTEM32\dbgcore.DLL
0x00007ffa201d0000 - 0x00007ffa20252000 	C:\Windows\System32\bcryptPrimitives.dll
0x00007ffa0f210000 - 0x00007ffa0f21e000 	C:\Program Files\Java\jdk-17\bin\instrument.dll
0x00007ffa08da0000 - 0x00007ffa08dc5000 	C:\Program Files\Java\jdk-17\bin\java.dll
0x00007ff9dfc70000 - 0x00007ff9dfd47000 	C:\Program Files\Java\jdk-17\bin\jsvml.dll
0x00007ffa216c0000 - 0x00007ffa21e2d000 	C:\Windows\System32\SHELL32.dll
0x00007ffa1d030000 - 0x00007ffa1d7d4000 	C:\Windows\SYSTEM32\windows.storage.dll
0x00007ffa212f0000 - 0x00007ffa21645000 	C:\Windows\System32\combase.dll
0x00007ffa1f3f0000 - 0x00007ffa1f41b000 	C:\Windows\SYSTEM32\Wldp.dll
0x00007ffa210f0000 - 0x00007ffa211bd000 	C:\Windows\System32\OLEAUT32.dll
0x00007ffa20e00000 - 0x00007ffa20ead000 	C:\Windows\System32\SHCORE.dll
0x00007ffa20eb0000 - 0x00007ffa20f05000 	C:\Windows\System32\shlwapi.dll
0x00007ffa20000000 - 0x00007ffa20025000 	C:\Windows\SYSTEM32\profapi.dll
0x00007ffa07e60000 - 0x00007ffa07e78000 	C:\Program Files\Java\jdk-17\bin\zip.dll
0x00007ff9fd9a0000 - 0x00007ff9fd9b9000 	C:\Program Files\Java\jdk-17\bin\net.dll
0x00007ffa16c10000 - 0x00007ffa16d1a000 	C:\Windows\SYSTEM32\WINHTTP.dll
0x00007ffa1f2c0000 - 0x00007ffa1f32c000 	C:\Windows\system32\mswsock.dll
0x00007ff9fc500000 - 0x00007ff9fc516000 	C:\Program Files\Java\jdk-17\bin\nio.dll
0x00007ffa0e810000 - 0x00007ffa0e820000 	C:\Program Files\Java\jdk-17\bin\verify.dll
0x00007ff9fc520000 - 0x00007ff9fc547000 	C:\Users\lovel\.gradle\native\c067742578af261105cb4f569cf0c3c89f3d7b1fecec35dd04571415982c5e48\windows-amd64\native-platform.dll
0x00007ff9dccf0000 - 0x00007ff9dce34000 	C:\Users\lovel\.gradle\native\100fb08df4bc3b14c8652ba06237920a3bd2aa13389f12d3474272988ae205f9\windows-amd64\native-platform-file-events.dll
0x00007ffa0d140000 - 0x00007ffa0d14a000 	C:\Program Files\Java\jdk-17\bin\management.dll
0x00007ffa0d0c0000 - 0x00007ffa0d0cb000 	C:\Program Files\Java\jdk-17\bin\management_ext.dll
0x00007ffa1fe40000 - 0x00007ffa1fe58000 	C:\Windows\SYSTEM32\CRYPTSP.dll
0x00007ffa1eab0000 - 0x00007ffa1eae8000 	C:\Windows\system32\rsaenh.dll
0x00007ffa1ff80000 - 0x00007ffa1ffae000 	C:\Windows\SYSTEM32\USERENV.dll
0x00007ffa1f390000 - 0x00007ffa1f39c000 	C:\Windows\SYSTEM32\CRYPTBASE.dll
0x00007ffa1ee30000 - 0x00007ffa1ee6b000 	C:\Windows\SYSTEM32\IPHLPAPI.DLL
0x00007ffa229e0000 - 0x00007ffa229e8000 	C:\Windows\System32\NSI.dll
0x00007ffa0eb70000 - 0x00007ffa0eb87000 	C:\Windows\SYSTEM32\dhcpcsvc6.DLL
0x00007ffa12650000 - 0x00007ffa1266d000 	C:\Windows\SYSTEM32\dhcpcsvc.DLL
0x00007ffa1ee70000 - 0x00007ffa1ef3a000 	C:\Windows\SYSTEM32\DNSAPI.dll
0x00007ffa0c8e0000 - 0x00007ffa0c8ed000 	C:\Program Files\Java\jdk-17\bin\sunmscapi.dll
0x00007ffa208f0000 - 0x00007ffa20a4c000 	C:\Windows\System32\CRYPT32.dll
0x00007ffa1f460000 - 0x00007ffa1f487000 	C:\Windows\SYSTEM32\ncrypt.dll
0x00007ffa1f420000 - 0x00007ffa1f45b000 	C:\Windows\SYSTEM32\NTASN1.dll
0x00007ffa0f880000 - 0x00007ffa0f887000 	C:\Windows\system32\wshunix.dll

dbghelp: loaded successfully - version: 4.0.5 - missing functions: none
symbol engine: initialized successfully - sym options: 0x614 - pdb path: .;C:\Program Files\Java\jdk-17\bin;C:\Windows\SYSTEM32;C:\Windows\WinSxS\amd64_microsoft.windows.common-controls_6595b64144ccf1df_6.0.19041.4355_none_60b8b9eb71f62e16;C:\Program Files\Java\jdk-17\bin\server;C:\Users\lovel\.gradle\native\c067742578af261105cb4f569cf0c3c89f3d7b1fecec35dd04571415982c5e48\windows-amd64;C:\Users\lovel\.gradle\native\100fb08df4bc3b14c8652ba06237920a3bd2aa13389f12d3474272988ae205f9\windows-amd64

VM Arguments:
jvm_args: --add-opens=java.base/java.util=ALL-UNNAMED --add-opens=java.base/java.lang=ALL-UNNAMED --add-opens=java.base/java.lang.invoke=ALL-UNNAMED --add-opens=java.prefs/java.util.prefs=ALL-UNNAMED --add-opens=java.base/java.nio.charset=ALL-UNNAMED --add-opens=java.base/java.net=ALL-UNNAMED --add-opens=java.base/java.util.concurrent.atomic=ALL-UNNAMED -XX:MaxMetaspaceSize=384m -XX:+HeapDumpOnOutOfMemoryError -Xms256m -Xmx512m -Dfile.encoding=x-windows-949 -Duser.country=KR -Duser.language=ko -Duser.variant -javaagent:C:\Users\lovel\.gradle\wrapper\dists\gradle-8.8-bin\dl7vupf4psengwqhwktix4v1\gradle-8.8\lib\agents\gradle-instrumentation-agent-8.8.jar 
java_command: org.gradle.launcher.daemon.bootstrap.GradleDaemon 8.8
java_class_path (initial): C:\Users\lovel\.gradle\wrapper\dists\gradle-8.8-bin\dl7vupf4psengwqhwktix4v1\gradle-8.8\lib\gradle-launcher-8.8.jar
Launcher Type: SUN_STANDARD

[Global flags]
     intx CICompilerCount                          = 4                                         {product} {ergonomic}
   size_t CompressedClassSpaceSize                 = 322961408                                 {product} {ergonomic}
     uint ConcGCThreads                            = 2                                         {product} {ergonomic}
     uint G1ConcRefinementThreads                  = 8                                         {product} {ergonomic}
   size_t G1HeapRegionSize                         = 1048576                                   {product} {ergonomic}
    uintx GCDrainStackTargetSize                   = 64                                        {product} {ergonomic}
     bool HeapDumpOnOutOfMemoryError               = true                                   {manageable} {command line}
   size_t InitialHeapSize                          = 268435456                                 {product} {command line}
   size_t MarkStackSize                            = 4194304                                   {product} {ergonomic}
   size_t MaxHeapSize                              = 536870912                                 {product} {command line}
   size_t MaxMetaspaceSize                         = 402653184                                 {product} {command line}
   size_t MaxNewSize                               = 321912832                                 {product} {ergonomic}
   size_t MinHeapDeltaBytes                        = 1048576                                   {product} {ergonomic}
   size_t MinHeapSize                              = 268435456                                 {product} {command line}
    uintx NonNMethodCodeHeapSize                   = 5839372                                {pd product} {ergonomic}
    uintx NonProfiledCodeHeapSize                  = 122909434                              {pd product} {ergonomic}
    uintx ProfiledCodeHeapSize                     = 122909434                              {pd product} {ergonomic}
    uintx ReservedCodeCacheSize                    = 251658240                              {pd product} {ergonomic}
     bool SegmentedCodeCache                       = true                                      {product} {ergonomic}
   size_t SoftMaxHeapSize                          = 536870912                              {manageable} {ergonomic}
     bool UseCompressedClassPointers               = true                           {product lp64_product} {ergonomic}
     bool UseCompressedOops                        = true                           {product lp64_product} {ergonomic}
     bool UseG1GC                                  = true                                      {product} {ergonomic}
     bool UseLargePagesIndividualAllocation        = false                                  {pd product} {ergonomic}

Logging:
Log output configuration:
 #0: stdout all=warning uptime,level,tags
 #1: stderr all=off uptime,level,tags

Environment Variables:
JAVA_HOME=C:\Program Files\Java\jdk-17
CLASSPATH=C:\Program Files\Java\jdk-17\lib
PATH=C:\Program Files\Common Files\Oracle\Java\javapath;C:\Users\lovel\AppData\Local\Programs\Python\Python311\Scripts\;C:\Users\lovel\AppData\Local\Programs\Python\Python311\;C:\app\client\lovel\product\19.0.0\client_2\bin;C:\app\client\lovel\product\19.0.0\client_1\bin;C:\Windows\system32;C:\Windows;C:\Windows\System32\Wbem;C:\Windows\System32\WindowsPowerShell\v1.0\;C:\Windows\System32\OpenSSH\;C:\Program Files\Java\jdk-17\bin;C:\Program Files\ojdkbuild\java-1.8.0-openjdk-1.8.0.322-1\bin;C:\Program Files\ojdkbuild\java-1.8.0-openjdk-1.8.0.322-1\jre\bin;C:\Program Files\nodejs\;C:\ProgramData\chocolatey\bin;C:\Program Files\MySQL\MySQL Server 8.0\bin;C:\Users\lovel\Documents\apache-maven-3.9.2-bin\apache-maven-3.9.2\bin;C:\Program Files\Graphviz\bin;C:\Program Files\Git\cmd;C:\Program Files\PuTTY\;C:\Program Files\Docker\Docker\resources\bin;C:\Program Files\Kubernetes\Minikube;C:\ProgramData\Anaconda3\Library\bin;C:\Program Files\PostgreSQL\17\bin;C:\Program Files\MySQL\MySQL Shell 8.0\bin\;C:\Users\lovel\AppData\Local\Programs\Python\Python311\Scripts\;C:\Users\lovel\AppData\Local\Programs\Python\Python311\;C:\Users\lovel\AppData\Local\Microsoft\WindowsApps;C:\Users\lovel\AppData\Local\Programs\Microsoft VS Code\bin;C:\Program Files\JetBrains\IntelliJ IDEA Community Edition 2022.3.3\bin;;C:\Users\lovel\AppData\Roaming\npm;C:\Users\lovel\anaconda3;C:\Users\lovel\anaconda3\Library;C:\Users\lovel\anaconda3\Scripts;C:\Program Files\JetBrains\IntelliJ IDEA 2024.1.4\bin;;C:\Users\lovel\Scripts;C:\Program Files\JetBrains\CLion 2023.3.4\bin;;C:\Users\lovel\Documents\ffmpeg-master-latest-win64-gpl\bin;;C:\Program Files\JetBrains\JetBrains Gateway 2024.3.1.1\bin;;C:\Program Files (x86)\ESTsoft\ALSee\x64
USERNAME=lovel
OS=Windows_NT
PROCESSOR_IDENTIFIER=Intel64 Family 6 Model 140 Stepping 1, GenuineIntel



---------------  S Y S T E M  ---------------

OS:
 Windows 10 , 64 bit Build 19041 (10.0.19041.5438)
OS uptime: 3 days 17:43 hours
Hyper-V role detected

CPU: total 8 (initial active 8) (4 cores per cpu, 2 threads per core) family 6 model 140 stepping 1 microcode 0xb4, cx8, cmov, fxsr, ht, mmx, 3dnowpref, sse, sse2, sse3, ssse3, sse4.1, sse4.2, popcnt, lzcnt, tsc, tscinvbit, avx, avx2, aes, erms, clmul, bmi1, bmi2, adx, avx512f, avx512dq, avx512cd, avx512bw, avx512vl, sha, fma, vzeroupper, avx512_vpopcntdq, avx512_vpclmulqdq, avx512_vaes, avx512_vnni, clflush, clflushopt, clwb, avx512_vbmi2, avx512_vbmi, hv

Memory: 4k page, system-wide physical 7865M (85M free)
TotalPageFile size 14636M (AvailPageFile size 3M)
current process WorkingSet (physical memory assigned to process): 247M, peak: 247M
current process commit charge ("private bytes"): 415M, peak: 415M

vm_info: Java HotSpot(TM) 64-Bit Server VM (17.0.7+8-LTS-224) for windows-amd64 JRE (17.0.7+8-LTS-224), built on Feb 28 2023 23:03:02 by "mach5one" with MS VC++ 17.1 (VS2022)

END.
